#################################################################
# If you used AutoDock Vina in your work, please cite:          #
#                                                               #
# O. Trott, A. J. Olson,                                        #
# AutoDock Vina: improving the speed and accuracy of docking    #
# with a new scoring function, efficient optimization and       #
# multithreading, Journal of Computational Chemistry 31 (2010)  #
# 455-461                                                       #
#                                                               #
# DOI 10.1002/jcc.21334                                         #
#                                                               #
# Please see http://vina.scripps.edu for more information.      #
#################################################################

WARNING: The search space volume > 27000 Angstrom^3 (See FAQ)
Reading input ... done.
Setting up the scoring function ... done.
Analyzing the binding site ... done.
Using random seed: -1195821850
Performing search ... done.
Refining results ... done.

mode |   affinity | dist from best mode
     | (kcal/mol) | rmsd l.b.| rmsd u.b.
-----+------------+----------+----------
   1         -7.4      0.000      0.000
   2         -7.2      3.336      5.850
   3         -7.2      1.571      2.668
   4         -7.1      1.814      3.655
   5         -7.1      1.583      3.397
   6         -7.1      2.922      5.500
   7         -7.0      2.375      4.608
   8         -7.0      2.312      4.560
   9         -7.0      2.887      5.164
  10         -6.9      1.981      3.855
  11         -6.9      2.084      6.708
  12         -6.9     15.845     19.362
  13         -6.9      2.434      6.921
  14         -6.8      2.425      6.387
  15         -6.8      2.129      6.892
  16         -6.8     15.758     19.288
  17         -6.6     23.917     26.083
  18         -6.5     17.663     20.133
  19         -6.5     21.082     24.167
  20         -6.4     26.995     29.781
Writing output ... done.
