#################################################################
# If you used AutoDock Vina in your work, please cite:          #
#                                                               #
# O. Trott, A. J. Olson,                                        #
# AutoDock Vina: improving the speed and accuracy of docking    #
# with a new scoring function, efficient optimization and       #
# multithreading, Journal of Computational Chemistry 31 (2010)  #
# 455-461                                                       #
#                                                               #
# DOI 10.1002/jcc.21334                                         #
#                                                               #
# Please see http://vina.scripps.edu for more information.      #
#################################################################

WARNING: The search space volume > 27000 Angstrom^3 (See FAQ)
Reading input ... done.
Setting up the scoring function ... done.
Analyzing the binding site ... done.
Using random seed: -2137769955
Performing search ... done.
Refining results ... done.

mode |   affinity | dist from best mode
     | (kcal/mol) | rmsd l.b.| rmsd u.b.
-----+------------+----------+----------
   1         -7.6      0.000      0.000
   2         -7.3      0.927      3.302
   3         -6.9      1.482      3.853
   4         -6.8      1.608      3.739
   5         -6.7      1.673      2.271
   6         -6.6      1.704      2.064
   7         -6.6     18.950     21.935
   8         -6.5     24.224     27.955
   9         -6.5     19.059     22.243
  10         -6.3      2.213      4.384
  11         -6.2     21.702     24.023
  12         -6.1     17.177     20.428
  13         -6.0     22.587     24.740
  14         -6.0     22.827     25.489
  15         -5.9     29.891     32.611
  16         -5.9      2.580      4.842
  17         -5.9     16.156     19.638
  18         -5.9     18.147     20.743
  19         -5.8     23.484     26.136
  20         -5.7     27.775     30.552
Writing output ... done.
