#################################################################
# If you used AutoDock Vina in your work, please cite:          #
#                                                               #
# O. Trott, A. J. Olson,                                        #
# AutoDock Vina: improving the speed and accuracy of docking    #
# with a new scoring function, efficient optimization and       #
# multithreading, Journal of Computational Chemistry 31 (2010)  #
# 455-461                                                       #
#                                                               #
# DOI 10.1002/jcc.21334                                         #
#                                                               #
# Please see http://vina.scripps.edu for more information.      #
#################################################################

WARNING: The search space volume > 27000 Angstrom^3 (See FAQ)
Reading input ... done.
Setting up the scoring function ... done.
Analyzing the binding site ... done.
Using random seed: -1707241096
Performing search ... done.
Refining results ... done.

mode |   affinity | dist from best mode
     | (kcal/mol) | rmsd l.b.| rmsd u.b.
-----+------------+----------+----------
   1         -6.9      0.000      0.000
   2         -6.7      1.832      4.055
   3         -6.7      0.839      1.974
   4         -6.7     20.187     22.396
   5         -6.5     40.605     44.299
   6         -6.2     28.575     29.931
   7         -6.2     27.303     29.927
   8         -6.1     27.922     29.702
   9         -6.1     28.049     29.933
  10         -6.0     22.243     24.421
  11         -6.0     19.236     21.456
  12         -6.0     28.375     29.730
  13         -6.0     40.489     44.792
  14         -6.0     40.647     45.272
  15         -5.9      5.221      7.480
  16         -5.9     22.470     26.788
  17         -5.9     25.060     28.889
  18         -5.9     28.454     30.070
  19         -5.8     22.524     24.708
  20         -5.8     18.855     21.518
Writing output ... done.
