#################################################################
# If you used AutoDock Vina in your work, please cite:          #
#                                                               #
# O. Trott, A. J. Olson,                                        #
# AutoDock Vina: improving the speed and accuracy of docking    #
# with a new scoring function, efficient optimization and       #
# multithreading, Journal of Computational Chemistry 31 (2010)  #
# 455-461                                                       #
#                                                               #
# DOI 10.1002/jcc.21334                                         #
#                                                               #
# Please see http://vina.scripps.edu for more information.      #
#################################################################

WARNING: The search space volume > 27000 Angstrom^3 (See FAQ)
Reading input ... done.
Setting up the scoring function ... done.
Analyzing the binding site ... done.
Using random seed: 372290752
Performing search ... done.
Refining results ... done.

mode |   affinity | dist from best mode
     | (kcal/mol) | rmsd l.b.| rmsd u.b.
-----+------------+----------+----------
   1         -6.9      0.000      0.000
   2         -6.8      1.790      6.764
   3         -6.8      1.863      6.632
   4         -6.6      2.144      6.277
   5         -6.6     16.082     18.133
   6         -6.5      1.962      7.124
   7         -6.5     19.165     21.428
   8         -6.4     16.024     18.180
   9         -6.4      0.957      3.529
  10         -6.4      2.769      5.178
  11         -6.4     16.008     17.867
  12         -6.4     16.376     18.707
  13         -6.4     22.295     26.022
  14         -6.3      1.441      3.528
  15         -6.2      2.996      5.083
  16         -6.2      2.162      3.821
  17         -6.2      1.567      2.429
  18         -6.1      1.587      2.976
  19         -6.1     17.881     20.277
  20         -6.0      3.314      6.854
Writing output ... done.
