#################################################################
# If you used AutoDock Vina in your work, please cite:          #
#                                                               #
# O. Trott, A. J. Olson,                                        #
# AutoDock Vina: improving the speed and accuracy of docking    #
# with a new scoring function, efficient optimization and       #
# multithreading, Journal of Computational Chemistry 31 (2010)  #
# 455-461                                                       #
#                                                               #
# DOI 10.1002/jcc.21334                                         #
#                                                               #
# Please see http://vina.scripps.edu for more information.      #
#################################################################

WARNING: The search space volume > 27000 Angstrom^3 (See FAQ)
Reading input ... done.
Setting up the scoring function ... done.
Analyzing the binding site ... done.
Using random seed: -778193432
Performing search ... done.
Refining results ... done.

mode |   affinity | dist from best mode
     | (kcal/mol) | rmsd l.b.| rmsd u.b.
-----+------------+----------+----------
   1         -7.6      0.000      0.000
   2         -7.4     16.745     20.758
   3         -7.2     16.895     20.974
   4         -7.2     16.744     20.833
   5         -7.0      5.498      9.722
   6         -7.0     16.792     20.679
   7         -6.9     16.805     20.776
   8         -6.8      6.816     10.934
   9         -6.7      8.435     11.273
  10         -6.6      8.262     11.407
  11         -6.6      8.394     11.290
  12         -6.6      2.674      7.792
  13         -6.5     17.185     21.126
  14         -6.5      7.824     12.480
  15         -6.5     16.764     20.511
  16         -6.5     17.458     21.141
  17         -6.4     17.228     20.752
  18         -6.4     17.264     21.361
  19         -6.3     17.154     21.187
  20         -6.2     17.779     21.743
Writing output ... done.
