#################################################################
# If you used AutoDock Vina in your work, please cite:          #
#                                                               #
# O. Trott, A. J. Olson,                                        #
# AutoDock Vina: improving the speed and accuracy of docking    #
# with a new scoring function, efficient optimization and       #
# multithreading, Journal of Computational Chemistry 31 (2010)  #
# 455-461                                                       #
#                                                               #
# DOI 10.1002/jcc.21334                                         #
#                                                               #
# Please see http://vina.scripps.edu for more information.      #
#################################################################

WARNING: The search space volume > 27000 Angstrom^3 (See FAQ)
Reading input ... done.
Setting up the scoring function ... done.
Analyzing the binding site ... done.
Using random seed: -1300723032
Performing search ... done.
Refining results ... done.

mode |   affinity | dist from best mode
     | (kcal/mol) | rmsd l.b.| rmsd u.b.
-----+------------+----------+----------
   1         -6.9      0.000      0.000
   2         -6.8      0.258      1.749
   3         -6.5     15.781     17.881
   4         -6.4      1.232      3.496
   5         -6.4     15.321     18.225
   6         -6.4     16.219     19.592
   7         -6.1     16.387     19.506
   8         -6.1      1.778      6.936
   9         -6.0      1.403      3.101
  10         -6.0     32.034     34.992
  11         -6.0     23.946     27.357
  12         -5.9      3.572      6.155
  13         -5.9     23.563     27.442
  14         -5.8     30.591     33.363
  15         -5.8     32.505     35.171
  16         -5.8     19.370     22.089
  17         -5.8      2.715      5.666
  18         -5.8     29.482     32.581
  19         -5.7     23.793     27.152
  20         -5.7      1.801      3.283
Writing output ... done.
