#################################################################
# If you used AutoDock Vina in your work, please cite:          #
#                                                               #
# O. Trott, A. J. Olson,                                        #
# AutoDock Vina: improving the speed and accuracy of docking    #
# with a new scoring function, efficient optimization and       #
# multithreading, Journal of Computational Chemistry 31 (2010)  #
# 455-461                                                       #
#                                                               #
# DOI 10.1002/jcc.21334                                         #
#                                                               #
# Please see http://vina.scripps.edu for more information.      #
#################################################################

WARNING: The search space volume > 27000 Angstrom^3 (See FAQ)
Reading input ... done.
Setting up the scoring function ... done.
Analyzing the binding site ... done.
Using random seed: 379307501
Performing search ... done.
Refining results ... done.

mode |   affinity | dist from best mode
     | (kcal/mol) | rmsd l.b.| rmsd u.b.
-----+------------+----------+----------
   1         -7.6      0.000      0.000
   2         -7.3      1.055      3.093
   3         -7.1     17.437     21.165
   4         -7.0     18.328     22.012
   5         -7.0      2.702      7.478
   6         -7.0     18.295     21.699
   7         -6.9     28.879     32.078
   8         -6.9      5.994      9.755
   9         -6.6      7.095     10.869
  10         -6.5     22.042     25.061
  11         -6.5     27.005     30.175
  12         -6.4      7.153     10.564
  13         -6.4      7.383     10.853
  14         -6.4     22.196     25.439
  15         -6.4     21.700     24.886
  16         -6.4      8.414     11.489
  17         -6.3     21.021     23.052
  18         -6.3     22.571     25.817
  19         -6.3     21.903     25.255
  20         -6.3     23.432     25.974
Writing output ... done.
