#################################################################
# If you used AutoDock Vina in your work, please cite:          #
#                                                               #
# O. Trott, A. J. Olson,                                        #
# AutoDock Vina: improving the speed and accuracy of docking    #
# with a new scoring function, efficient optimization and       #
# multithreading, Journal of Computational Chemistry 31 (2010)  #
# 455-461                                                       #
#                                                               #
# DOI 10.1002/jcc.21334                                         #
#                                                               #
# Please see http://vina.scripps.edu for more information.      #
#################################################################

WARNING: The search space volume > 27000 Angstrom^3 (See FAQ)
Reading input ... done.
Setting up the scoring function ... done.
Analyzing the binding site ... done.
Using random seed: 1428158604
Performing search ... done.
Refining results ... done.

mode |   affinity | dist from best mode
     | (kcal/mol) | rmsd l.b.| rmsd u.b.
-----+------------+----------+----------
   1         -7.2      0.000      0.000
   2         -7.0      0.503      1.823
   3         -6.8      1.799      2.242
   4         -6.8     31.238     36.401
   5         -6.7      2.112      4.185
   6         -6.7      2.119      4.010
   7         -6.6     23.931     27.548
   8         -6.5     34.530     37.096
   9         -6.3      1.757      6.951
  10         -6.2     32.097     36.336
  11         -6.2     16.934     19.085
  12         -6.1     18.215     21.859
  13         -5.9      2.978      4.728
  14         -5.9     31.048     35.493
  15         -5.9      2.492      3.277
  16         -5.9      2.943      4.640
  17         -5.8     32.766     35.730
  18         -5.8     15.029     20.491
  19         -5.8     29.037     32.753
Writing output ... done.
