#################################################################
# If you used AutoDock Vina in your work, please cite:          #
#                                                               #
# O. Trott, A. J. Olson,                                        #
# AutoDock Vina: improving the speed and accuracy of docking    #
# with a new scoring function, efficient optimization and       #
# multithreading, Journal of Computational Chemistry 31 (2010)  #
# 455-461                                                       #
#                                                               #
# DOI 10.1002/jcc.21334                                         #
#                                                               #
# Please see http://vina.scripps.edu for more information.      #
#################################################################

WARNING: The search space volume > 27000 Angstrom^3 (See FAQ)
Reading input ... done.
Setting up the scoring function ... done.
Analyzing the binding site ... done.
Using random seed: 1743899136
Performing search ... done.
Refining results ... done.

mode |   affinity | dist from best mode
     | (kcal/mol) | rmsd l.b.| rmsd u.b.
-----+------------+----------+----------
   1         -8.0      0.000      0.000
   2         -7.8     15.747     18.132
   3         -7.7     15.679     18.079
   4         -7.7     15.779     18.115
   5         -7.5     15.887     20.256
   6         -7.4     15.768     18.637
   7         -7.4     15.641     18.029
   8         -7.4     15.502     17.817
   9         -7.3     15.564     17.904
  10         -7.1     15.894     19.671
  11         -7.1     33.457     35.155
  12         -7.0     33.576     35.265
  13         -6.8     20.592     24.781
  14         -6.7     15.789     18.425
  15         -6.7     37.674     40.891
  16         -6.7     20.695     24.930
  17         -6.7     15.846     19.041
  18         -6.7     18.768     23.949
  19         -6.7     32.515     34.364
  20         -6.7     38.601     41.854
Writing output ... done.
