#################################################################
# If you used AutoDock Vina in your work, please cite:          #
#                                                               #
# O. Trott, A. J. Olson,                                        #
# AutoDock Vina: improving the speed and accuracy of docking    #
# with a new scoring function, efficient optimization and       #
# multithreading, Journal of Computational Chemistry 31 (2010)  #
# 455-461                                                       #
#                                                               #
# DOI 10.1002/jcc.21334                                         #
#                                                               #
# Please see http://vina.scripps.edu for more information.      #
#################################################################

WARNING: The search space volume > 27000 Angstrom^3 (See FAQ)
Reading input ... done.
Setting up the scoring function ... done.
Analyzing the binding site ... done.
Using random seed: 384898366
Performing search ... done.
Refining results ... done.

mode |   affinity | dist from best mode
     | (kcal/mol) | rmsd l.b.| rmsd u.b.
-----+------------+----------+----------
   1         -7.3      0.000      0.000
   2         -7.3      0.525      1.846
   3         -7.1     18.032     20.646
   4         -7.1     21.112     23.662
   5         -7.0     20.101     22.829
   6         -6.8      1.367      3.285
   7         -6.7     16.484     19.132
   8         -6.5      1.648      3.308
   9         -6.4     23.558     26.764
  10         -6.3     22.950     26.649
  11         -6.2     23.490     26.741
  12         -6.2     25.889     28.817
  13         -6.1     29.213     31.975
  14         -6.1      3.462      5.191
  15         -6.1      5.112      7.826
  16         -6.0     23.713     27.738
  17         -5.9     25.915     29.097
  18         -5.9     18.940     21.751
  19         -5.9     20.556     24.081
  20         -5.9     25.955     28.853
Writing output ... done.
