#################################################################
# If you used AutoDock Vina in your work, please cite:          #
#                                                               #
# O. Trott, A. J. Olson,                                        #
# AutoDock Vina: improving the speed and accuracy of docking    #
# with a new scoring function, efficient optimization and       #
# multithreading, Journal of Computational Chemistry 31 (2010)  #
# 455-461                                                       #
#                                                               #
# DOI 10.1002/jcc.21334                                         #
#                                                               #
# Please see http://vina.scripps.edu for more information.      #
#################################################################

WARNING: The search space volume > 27000 Angstrom^3 (See FAQ)
Reading input ... done.
Setting up the scoring function ... done.
Analyzing the binding site ... done.
Using random seed: -2022947648
Performing search ... done.
Refining results ... done.

mode |   affinity | dist from best mode
     | (kcal/mol) | rmsd l.b.| rmsd u.b.
-----+------------+----------+----------
   1         -7.9      0.000      0.000
   2         -7.9      0.830      2.053
   3         -7.6      0.842      3.385
   4         -7.4     19.566     22.844
   5         -7.3     20.137     23.392
   6         -7.1      3.488      5.680
   7         -6.9      2.752      7.581
   8         -6.8     20.431     23.495
   9         -6.8     19.517     22.576
  10         -6.8      2.802      7.710
  11         -6.6     20.994     24.063
  12         -6.5      3.287      5.375
  13         -6.3      8.053     12.165
  14         -6.3     22.207     25.269
  15         -6.3     21.021     23.973
  16         -6.2      8.572     12.045
  17         -6.2     10.816     13.934
  18         -6.2     22.048     25.127
  19         -6.2     21.437     24.124
  20         -6.1     22.424     25.352
Writing output ... done.
