#################################################################
# If you used AutoDock Vina in your work, please cite:          #
#                                                               #
# O. Trott, A. J. Olson,                                        #
# AutoDock Vina: improving the speed and accuracy of docking    #
# with a new scoring function, efficient optimization and       #
# multithreading, Journal of Computational Chemistry 31 (2010)  #
# 455-461                                                       #
#                                                               #
# DOI 10.1002/jcc.21334                                         #
#                                                               #
# Please see http://vina.scripps.edu for more information.      #
#################################################################

WARNING: The search space volume > 27000 Angstrom^3 (See FAQ)
Reading input ... done.
Setting up the scoring function ... done.
Analyzing the binding site ... done.
Using random seed: 598679510
Performing search ... done.
Refining results ... done.

mode |   affinity | dist from best mode
     | (kcal/mol) | rmsd l.b.| rmsd u.b.
-----+------------+----------+----------
   1         -7.0      0.000      0.000
   2         -6.8      1.946      3.747
   3         -6.8      0.314      1.755
   4         -6.7     18.193     21.263
   5         -6.6      2.791      4.857
   6         -6.6     16.826     20.243
   7         -6.5      2.351      7.221
   8         -6.4      3.040      4.972
   9         -6.4      2.478      5.551
  10         -6.3      3.116      5.243
  11         -6.2      2.307      5.754
  12         -6.1     13.508     17.915
  13         -6.1      3.328      7.650
  14         -6.1      2.346      4.653
  15         -5.9     26.551     29.219
  16         -5.9      3.135      7.901
  17         -5.9      2.265      7.277
  18         -5.8      2.469      6.312
  19         -5.7      2.909      7.425
Writing output ... done.
