#################################################################
# If you used AutoDock Vina in your work, please cite:          #
#                                                               #
# O. Trott, A. J. Olson,                                        #
# AutoDock Vina: improving the speed and accuracy of docking    #
# with a new scoring function, efficient optimization and       #
# multithreading, Journal of Computational Chemistry 31 (2010)  #
# 455-461                                                       #
#                                                               #
# DOI 10.1002/jcc.21334                                         #
#                                                               #
# Please see http://vina.scripps.edu for more information.      #
#################################################################

WARNING: The search space volume > 27000 Angstrom^3 (See FAQ)
Reading input ... done.
Setting up the scoring function ... done.
Analyzing the binding site ... done.
Using random seed: 178141828
Performing search ... done.
Refining results ... done.

mode |   affinity | dist from best mode
     | (kcal/mol) | rmsd l.b.| rmsd u.b.
-----+------------+----------+----------
   1         -6.8      0.000      0.000
   2         -6.8      0.947      3.386
   3         -6.6      0.997      2.927
   4         -6.6      1.903      3.856
   5         -6.6     33.458     36.541
   6         -6.5      8.369     11.792
   7         -6.5     10.620     13.914
   8         -6.4     16.656     18.813
   9         -6.4      8.070     11.586
  10         -6.3     33.676     36.368
  11         -6.1     20.286     23.208
  12         -6.0     24.585     28.761
  13         -5.9     19.105     22.010
  14         -5.9     32.610     35.502
  15         -5.9     27.509     30.569
  16         -5.9      4.740      6.204
  17         -5.7     24.802     28.347
  18         -5.7     20.502     23.343
  19         -5.7     32.226     35.135
Writing output ... done.
