#################################################################
# If you used AutoDock Vina in your work, please cite:          #
#                                                               #
# O. Trott, A. J. Olson,                                        #
# AutoDock Vina: improving the speed and accuracy of docking    #
# with a new scoring function, efficient optimization and       #
# multithreading, Journal of Computational Chemistry 31 (2010)  #
# 455-461                                                       #
#                                                               #
# DOI 10.1002/jcc.21334                                         #
#                                                               #
# Please see http://vina.scripps.edu for more information.      #
#################################################################

WARNING: The search space volume > 27000 Angstrom^3 (See FAQ)
Reading input ... done.
Setting up the scoring function ... done.
Analyzing the binding site ... done.
Using random seed: -1494813824
Performing search ... done.
Refining results ... done.

mode |   affinity | dist from best mode
     | (kcal/mol) | rmsd l.b.| rmsd u.b.
-----+------------+----------+----------
   1         -7.5      0.000      0.000
   2         -6.9      0.499      1.799
   3         -6.7      1.713      3.815
   4         -6.6      1.754      3.424
   5         -6.4     22.304     24.547
   6         -6.4     24.132     27.170
   7         -6.4     24.208     27.270
   8         -6.2      2.498      7.802
   9         -6.2     18.871     22.233
  10         -6.1      2.431      6.944
  11         -6.1      2.898      8.172
  12         -6.1      3.060      6.886
  13         -6.0     19.284     22.567
  14         -5.9      1.990      6.794
  15         -5.9     25.089     28.402
  16         -5.8      2.089      2.930
  17         -5.8     24.474     27.579
  18         -5.8     24.918     28.153
  19         -5.7      3.901      5.118
  20         -5.7     21.176     24.376
Writing output ... done.
