#################################################################
# If you used AutoDock Vina in your work, please cite:          #
#                                                               #
# O. Trott, A. J. Olson,                                        #
# AutoDock Vina: improving the speed and accuracy of docking    #
# with a new scoring function, efficient optimization and       #
# multithreading, Journal of Computational Chemistry 31 (2010)  #
# 455-461                                                       #
#                                                               #
# DOI 10.1002/jcc.21334                                         #
#                                                               #
# Please see http://vina.scripps.edu for more information.      #
#################################################################

WARNING: The search space volume > 27000 Angstrom^3 (See FAQ)
Reading input ... done.
Setting up the scoring function ... done.
Analyzing the binding site ... done.
Using random seed: -865084225
Performing search ... done.
Refining results ... done.

mode |   affinity | dist from best mode
     | (kcal/mol) | rmsd l.b.| rmsd u.b.
-----+------------+----------+----------
   1         -6.6      0.000      0.000
   2         -6.6      0.911      3.353
   3         -6.6      0.984      2.906
   4         -6.6      2.211      4.014
   5         -6.5     10.584     13.532
   6         -6.4     30.726     33.695
   7         -6.3      7.893     10.963
   8         -6.1     18.691     21.717
   9         -6.1     16.376     18.857
  10         -6.0     18.981     22.291
  11         -5.8     26.606     29.240
  12         -5.7     26.664     29.114
  13         -5.7      3.031      5.897
  14         -5.7      1.712      6.217
  15         -5.7     25.238     28.927
  16         -5.7      1.830      3.815
  17         -5.7     30.577     32.823
  18         -5.7      3.280      5.930
  19         -5.6     25.745     30.625
  20         -5.6     29.641     32.587
Writing output ... done.
