#################################################################
# If you used AutoDock Vina in your work, please cite:          #
#                                                               #
# O. Trott, A. J. Olson,                                        #
# AutoDock Vina: improving the speed and accuracy of docking    #
# with a new scoring function, efficient optimization and       #
# multithreading, Journal of Computational Chemistry 31 (2010)  #
# 455-461                                                       #
#                                                               #
# DOI 10.1002/jcc.21334                                         #
#                                                               #
# Please see http://vina.scripps.edu for more information.      #
#################################################################

WARNING: The search space volume > 27000 Angstrom^3 (See FAQ)
Reading input ... done.
Setting up the scoring function ... done.
Analyzing the binding site ... done.
Using random seed: -130193777
Performing search ... done.
Refining results ... done.

mode |   affinity | dist from best mode
     | (kcal/mol) | rmsd l.b.| rmsd u.b.
-----+------------+----------+----------
   1         -7.5      0.000      0.000
   2         -7.2      0.681      2.116
   3         -6.9     18.921     21.628
   4         -6.8     18.816     21.505
   5         -6.8     18.559     21.284
   6         -6.6      1.441      2.409
   7         -6.6     20.704     23.741
   8         -6.6     19.988     23.559
   9         -6.5     19.052     22.664
  10         -6.4     23.993     26.304
  11         -6.4     19.812     23.218
  12         -6.4     19.781     23.320
  13         -6.4     18.329     21.868
  14         -6.3     22.182     24.279
  15         -6.3     22.001     24.559
  16         -6.2     22.529     24.552
  17         -6.2     25.300     27.593
  18         -6.2     23.705     25.702
  19         -6.2     17.561     21.080
  20         -6.2     27.420     30.603
Writing output ... done.
