#################################################################
# If you used AutoDock Vina in your work, please cite:          #
#                                                               #
# O. Trott, A. J. Olson,                                        #
# AutoDock Vina: improving the speed and accuracy of docking    #
# with a new scoring function, efficient optimization and       #
# multithreading, Journal of Computational Chemistry 31 (2010)  #
# 455-461                                                       #
#                                                               #
# DOI 10.1002/jcc.21334                                         #
#                                                               #
# Please see http://vina.scripps.edu for more information.      #
#################################################################

WARNING: The search space volume > 27000 Angstrom^3 (See FAQ)
Reading input ... done.
Setting up the scoring function ... done.
Analyzing the binding site ... done.
Using random seed: -1071826421
Performing search ... done.
Refining results ... done.

mode |   affinity | dist from best mode
     | (kcal/mol) | rmsd l.b.| rmsd u.b.
-----+------------+----------+----------
   1         -6.8      0.000      0.000
   2         -6.6     22.778     25.308
   3         -6.6     23.390     26.012
   4         -6.5      1.322      3.721
   5         -6.5     22.851     24.923
   6         -6.4     23.417     25.414
   7         -6.4     22.657     25.221
   8         -6.4      2.625      4.409
   9         -6.3     23.481     25.379
  10         -6.2     23.406     26.075
  11         -6.2     27.367     28.888
  12         -6.1     22.863     25.515
  13         -6.1      2.700      4.423
  14         -6.1     23.457     25.356
  15         -6.0     24.972     27.740
  16         -6.0      2.513      7.175
  17         -6.0      2.798      5.478
  18         -6.0     23.637     26.158
  19         -5.8     23.198     25.847
  20         -5.8      2.626      5.315
Writing output ... done.
