#################################################################
# If you used AutoDock Vina in your work, please cite:          #
#                                                               #
# O. Trott, A. J. Olson,                                        #
# AutoDock Vina: improving the speed and accuracy of docking    #
# with a new scoring function, efficient optimization and       #
# multithreading, Journal of Computational Chemistry 31 (2010)  #
# 455-461                                                       #
#                                                               #
# DOI 10.1002/jcc.21334                                         #
#                                                               #
# Please see http://vina.scripps.edu for more information.      #
#################################################################

WARNING: The search space volume > 27000 Angstrom^3 (See FAQ)
Reading input ... done.
Setting up the scoring function ... done.
Analyzing the binding site ... done.
Using random seed: -1489173898
Performing search ... done.
Refining results ... done.

mode |   affinity | dist from best mode
     | (kcal/mol) | rmsd l.b.| rmsd u.b.
-----+------------+----------+----------
   1         -7.6      0.000      0.000
   2         -7.6     19.463     22.464
   3         -7.4     17.778     20.909
   4         -7.2      2.900      7.472
   5         -7.0      7.686     11.113
   6         -7.0     21.903     24.897
   7         -6.7     21.601     24.507
   8         -6.6     16.267     18.900
   9         -6.5      8.193     11.323
  10         -6.5     21.459     24.272
  11         -6.5     23.181     25.574
  12         -6.4     19.670     22.912
  13         -6.3     23.714     25.422
  14         -6.3     37.096     38.629
  15         -6.2     23.056     25.486
  16         -6.2      8.900     11.522
  17         -6.2     20.412     23.515
  18         -6.2     23.958     26.795
  19         -6.1     19.241     22.216
  20         -6.0      9.765     13.188
Writing output ... done.
