#################################################################
# If you used AutoDock Vina in your work, please cite:          #
#                                                               #
# O. Trott, A. J. Olson,                                        #
# AutoDock Vina: improving the speed and accuracy of docking    #
# with a new scoring function, efficient optimization and       #
# multithreading, Journal of Computational Chemistry 31 (2010)  #
# 455-461                                                       #
#                                                               #
# DOI 10.1002/jcc.21334                                         #
#                                                               #
# Please see http://vina.scripps.edu for more information.      #
#################################################################

WARNING: The search space volume > 27000 Angstrom^3 (See FAQ)
Reading input ... done.
Setting up the scoring function ... done.
Analyzing the binding site ... done.
Using random seed: 1864164690
Performing search ... done.
Refining results ... done.

mode |   affinity | dist from best mode
     | (kcal/mol) | rmsd l.b.| rmsd u.b.
-----+------------+----------+----------
   1         -7.7      0.000      0.000
   2         -7.1      8.729     12.128
   3         -7.0      8.917     12.385
   4         -6.9     20.554     24.183
   5         -6.8     20.172     23.384
   6         -6.8      2.130      7.311
   7         -6.7     19.983     23.316
   8         -6.7      8.737     12.412
   9         -6.5      9.993     13.544
  10         -6.4     21.423     25.418
  11         -6.2     21.243     24.184
  12         -6.2     23.631     26.418
  13         -6.2     21.471     24.599
  14         -6.2     23.652     26.489
  15         -6.1     10.421     13.950
  16         -6.0     20.297     24.573
  17         -6.0     11.155     15.113
  18         -6.0     10.342     14.147
  19         -5.9     14.563     17.898
  20         -5.9     23.534     26.256
Writing output ... done.
