#################################################################
# If you used AutoDock Vina in your work, please cite:          #
#                                                               #
# O. Trott, A. J. Olson,                                        #
# AutoDock Vina: improving the speed and accuracy of docking    #
# with a new scoring function, efficient optimization and       #
# multithreading, Journal of Computational Chemistry 31 (2010)  #
# 455-461                                                       #
#                                                               #
# DOI 10.1002/jcc.21334                                         #
#                                                               #
# Please see http://vina.scripps.edu for more information.      #
#################################################################

WARNING: The search space volume > 27000 Angstrom^3 (See FAQ)
Reading input ... done.
Setting up the scoring function ... done.
Analyzing the binding site ... done.
Using random seed: -124536272
Performing search ... done.
Refining results ... done.

mode |   affinity | dist from best mode
     | (kcal/mol) | rmsd l.b.| rmsd u.b.
-----+------------+----------+----------
   1         -6.8      0.000      0.000
   2         -6.7      0.494      1.891
   3         -6.6     19.001     22.222
   4         -6.4     18.947     21.780
   5         -6.3     18.794     21.902
   6         -6.3      1.356      2.575
   7         -6.2     16.353     20.374
   8         -6.2     17.491     21.313
   9         -6.1     26.807     30.791
  10         -6.1     18.807     21.845
  11         -6.0     19.761     22.107
  12         -6.0     18.189     22.067
  13         -6.0      2.020      4.134
  14         -6.0      2.478      6.440
  15         -5.9     18.437     21.297
  16         -5.8     29.563     33.123
  17         -5.8      8.365     10.182
  18         -5.8      3.230      5.135
  19         -5.7     27.695     31.431
  20         -5.6     26.795     31.064
Writing output ... done.
