#################################################################
# If you used AutoDock Vina in your work, please cite:          #
#                                                               #
# O. Trott, A. J. Olson,                                        #
# AutoDock Vina: improving the speed and accuracy of docking    #
# with a new scoring function, efficient optimization and       #
# multithreading, Journal of Computational Chemistry 31 (2010)  #
# 455-461                                                       #
#                                                               #
# DOI 10.1002/jcc.21334                                         #
#                                                               #
# Please see http://vina.scripps.edu for more information.      #
#################################################################

WARNING: The search space volume > 27000 Angstrom^3 (See FAQ)
Reading input ... done.
Setting up the scoring function ... done.
Analyzing the binding site ... done.
Using random seed: -1380139912
Performing search ... done.
Refining results ... done.

mode |   affinity | dist from best mode
     | (kcal/mol) | rmsd l.b.| rmsd u.b.
-----+------------+----------+----------
   1         -6.9      0.000      0.000
   2         -6.7     22.003     25.565
   3         -6.6     22.436     26.215
   4         -6.4     23.409     25.797
   5         -6.3     22.764     26.014
   6         -6.3     22.022     25.842
   7         -6.2     23.187     25.623
   8         -6.2     23.334     26.796
   9         -6.1      2.235      3.757
  10         -6.0      1.796      7.073
  11         -6.0     22.679     24.852
  12         -6.0     23.380     25.710
  13         -6.0     12.419     15.634
  14         -6.0     21.019     24.300
  15         -5.9     13.516     16.639
  16         -5.8     11.804     14.384
  17         -5.7     21.615     23.871
  18         -5.7     22.689     25.639
  19         -5.6     20.923     23.698
  20         -5.6     22.835     26.007
Writing output ... done.
