#################################################################
# If you used AutoDock Vina in your work, please cite:          #
#                                                               #
# O. Trott, A. J. Olson,                                        #
# AutoDock Vina: improving the speed and accuracy of docking    #
# with a new scoring function, efficient optimization and       #
# multithreading, Journal of Computational Chemistry 31 (2010)  #
# 455-461                                                       #
#                                                               #
# DOI 10.1002/jcc.21334                                         #
#                                                               #
# Please see http://vina.scripps.edu for more information.      #
#################################################################

WARNING: The search space volume > 27000 Angstrom^3 (See FAQ)
Reading input ... done.
Setting up the scoring function ... done.
Analyzing the binding site ... done.
Using random seed: 2066359864
Performing search ... done.
Refining results ... done.

mode |   affinity | dist from best mode
     | (kcal/mol) | rmsd l.b.| rmsd u.b.
-----+------------+----------+----------
   1         -7.3      0.000      0.000
   2         -7.2     15.510     19.938
   3         -7.2     18.431     22.247
   4         -7.1     14.912     19.260
   5         -7.1      2.010      6.788
   6         -7.0      2.096      6.664
   7         -6.9     18.308     21.519
   8         -6.9     15.122     18.614
   9         -6.7     15.034     19.452
  10         -6.7      1.839      6.782
  11         -6.7      1.252      3.450
  12         -6.5      1.431      3.295
  13         -6.5     15.134     19.554
  14         -6.5      1.323      1.848
  15         -6.5     12.858     16.626
  16         -6.4      1.563      3.534
  17         -6.4      2.641      4.802
  18         -6.4      1.762      6.268
  19         -6.3     14.706     17.572
  20         -6.2     14.178     16.905
Writing output ... done.
