#################################################################
# If you used AutoDock Vina in your work, please cite:          #
#                                                               #
# O. Trott, A. J. Olson,                                        #
# AutoDock Vina: improving the speed and accuracy of docking    #
# with a new scoring function, efficient optimization and       #
# multithreading, Journal of Computational Chemistry 31 (2010)  #
# 455-461                                                       #
#                                                               #
# DOI 10.1002/jcc.21334                                         #
#                                                               #
# Please see http://vina.scripps.edu for more information.      #
#################################################################

WARNING: The search space volume > 27000 Angstrom^3 (See FAQ)
Reading input ... done.
Setting up the scoring function ... done.
Analyzing the binding site ... done.
Using random seed: -1378345456
Performing search ... done.
Refining results ... done.

mode |   affinity | dist from best mode
     | (kcal/mol) | rmsd l.b.| rmsd u.b.
-----+------------+----------+----------
   1         -6.5      0.000      0.000
   2         -6.3     20.386     24.017
   3         -6.3     20.283     22.065
   4         -6.2     20.408     22.501
   5         -6.2     16.954     19.372
   6         -6.2     20.614     22.365
   7         -6.2     19.598     22.586
   8         -6.2     18.058     20.593
   9         -6.1     18.657     20.900
  10         -6.1     20.907     22.438
  11         -6.1     17.338     21.446
  12         -6.1     20.159     23.102
  13         -6.1     21.246     23.178
  14         -6.0     20.684     22.587
  15         -6.0     20.521     22.070
  16         -6.0     21.092     23.603
  17         -5.9     19.155     22.588
  18         -5.9     20.715     22.141
  19         -5.8     20.860     22.388
  20         -5.7     20.626     22.867
Writing output ... done.
