#################################################################
# If you used AutoDock Vina in your work, please cite:          #
#                                                               #
# O. Trott, A. J. Olson,                                        #
# AutoDock Vina: improving the speed and accuracy of docking    #
# with a new scoring function, efficient optimization and       #
# multithreading, Journal of Computational Chemistry 31 (2010)  #
# 455-461                                                       #
#                                                               #
# DOI 10.1002/jcc.21334                                         #
#                                                               #
# Please see http://vina.scripps.edu for more information.      #
#################################################################

WARNING: The search space volume > 27000 Angstrom^3 (See FAQ)
Reading input ... done.
Setting up the scoring function ... done.
Analyzing the binding site ... done.
Using random seed: -1062577850
Performing search ... done.
Refining results ... done.

mode |   affinity | dist from best mode
     | (kcal/mol) | rmsd l.b.| rmsd u.b.
-----+------------+----------+----------
   1         -7.8      0.000      0.000
   2         -7.6      1.346      2.996
   3         -7.2     18.152     20.362
   4         -6.9     24.878     26.987
   5         -6.9      2.991      6.178
   6         -6.9     16.866     19.270
   7         -6.9     19.766     22.157
   8         -6.9      2.233      3.292
   9         -6.8      1.704      3.308
  10         -6.8     24.315     26.553
  11         -6.7      1.520      2.742
  12         -6.7     18.044     20.186
  13         -6.7     37.834     41.104
  14         -6.7     28.231     29.641
  15         -6.7     19.649     21.637
  16         -6.6     25.856     28.966
  17         -6.6     25.101     27.033
  18         -6.6     19.151     21.159
  19         -6.6     18.130     20.478
  20         -6.5     22.633     24.465
Writing output ... done.
