#################################################################
# If you used AutoDock Vina in your work, please cite:          #
#                                                               #
# O. Trott, A. J. Olson,                                        #
# AutoDock Vina: improving the speed and accuracy of docking    #
# with a new scoring function, efficient optimization and       #
# multithreading, Journal of Computational Chemistry 31 (2010)  #
# 455-461                                                       #
#                                                               #
# DOI 10.1002/jcc.21334                                         #
#                                                               #
# Please see http://vina.scripps.edu for more information.      #
#################################################################

WARNING: The search space volume > 27000 Angstrom^3 (See FAQ)
Reading input ... done.
Setting up the scoring function ... done.
Analyzing the binding site ... done.
Using random seed: -1585072258
Performing search ... done.
Refining results ... done.

mode |   affinity | dist from best mode
     | (kcal/mol) | rmsd l.b.| rmsd u.b.
-----+------------+----------+----------
   1         -6.9      0.000      0.000
   2         -6.6      1.356      3.507
   3         -6.4     19.201     22.850
   4         -6.4      2.048      6.567
   5         -6.3     18.509     21.893
   6         -6.3      1.879      4.229
   7         -6.3      1.583      2.024
   8         -6.2      2.031      3.984
   9         -6.2      1.903      6.310
  10         -6.1     27.497     29.163
  11         -6.1      1.631      6.955
  12         -6.1     18.438     21.615
  13         -6.0     24.115     26.278
  14         -6.0     20.629     23.313
  15         -6.0     24.069     26.299
  16         -5.9      3.443      7.813
  17         -5.8      3.120      5.120
  18         -5.8      2.353      3.990
  19         -5.7      1.869      3.444
  20         -5.7      3.327      5.901
Writing output ... done.
