#################################################################
# If you used AutoDock Vina in your work, please cite:          #
#                                                               #
# O. Trott, A. J. Olson,                                        #
# AutoDock Vina: improving the speed and accuracy of docking    #
# with a new scoring function, efficient optimization and       #
# multithreading, Journal of Computational Chemistry 31 (2010)  #
# 455-461                                                       #
#                                                               #
# DOI 10.1002/jcc.21334                                         #
#                                                               #
# Please see http://vina.scripps.edu for more information.      #
#################################################################

WARNING: The search space volume > 27000 Angstrom^3 (See FAQ)
Reading input ... done.
Setting up the scoring function ... done.
Analyzing the binding site ... done.
Using random seed: 1454308690
Performing search ... done.
Refining results ... done.

mode |   affinity | dist from best mode
     | (kcal/mol) | rmsd l.b.| rmsd u.b.
-----+------------+----------+----------
   1         -6.7      0.000      0.000
   2         -6.5      1.119      1.919
   3         -6.4      4.707      6.620
   4         -6.3      1.998      3.894
   5         -6.2      4.220      5.916
   6         -6.1      2.966      8.142
   7         -6.1      2.249      7.336
   8         -5.9      3.098      5.369
   9         -5.9     25.585     28.799
  10         -5.8     23.076     25.331
  11         -5.8      2.635      7.534
  12         -5.8      4.799      7.294
  13         -5.7     23.437     25.395
  14         -5.7     19.424     22.933
  15         -5.7     23.210     25.487
  16         -5.7      3.043      6.326
  17         -5.6      2.943      7.787
  18         -5.6     25.740     28.770
  19         -5.6      3.213      4.217
  20         -5.5      2.248      6.832
Writing output ... done.
