#################################################################
# If you used AutoDock Vina in your work, please cite:          #
#                                                               #
# O. Trott, A. J. Olson,                                        #
# AutoDock Vina: improving the speed and accuracy of docking    #
# with a new scoring function, efficient optimization and       #
# multithreading, Journal of Computational Chemistry 31 (2010)  #
# 455-461                                                       #
#                                                               #
# DOI 10.1002/jcc.21334                                         #
#                                                               #
# Please see http://vina.scripps.edu for more information.      #
#################################################################

WARNING: The search space volume > 27000 Angstrom^3 (See FAQ)
Reading input ... done.
Setting up the scoring function ... done.
Analyzing the binding site ... done.
Using random seed: 617857024
Performing search ... done.
Refining results ... done.

mode |   affinity | dist from best mode
     | (kcal/mol) | rmsd l.b.| rmsd u.b.
-----+------------+----------+----------
   1         -7.1      0.000      0.000
   2         -7.0      1.059      2.133
   3         -6.6     22.968     25.625
   4         -6.6     16.880     20.244
   5         -6.5     20.532     24.926
   6         -6.4     16.851     20.256
   7         -6.3     16.812     20.320
   8         -6.2     17.551     21.034
   9         -6.2     23.986     26.574
  10         -6.1      4.417      7.625
  11         -6.1     16.736     20.130
  12         -6.1     16.599     19.488
  13         -6.0     14.432     17.958
  14         -6.0     23.361     25.960
  15         -5.9     24.837     28.565
  16         -5.8     27.130     31.163
  17         -5.8     25.295     28.632
  18         -5.8      1.832      4.285
  19         -5.6     13.935     17.187
  20         -5.6     17.557     20.895
Writing output ... done.
