#################################################################
# If you used AutoDock Vina in your work, please cite:          #
#                                                               #
# O. Trott, A. J. Olson,                                        #
# AutoDock Vina: improving the speed and accuracy of docking    #
# with a new scoring function, efficient optimization and       #
# multithreading, Journal of Computational Chemistry 31 (2010)  #
# 455-461                                                       #
#                                                               #
# DOI 10.1002/jcc.21334                                         #
#                                                               #
# Please see http://vina.scripps.edu for more information.      #
#################################################################

WARNING: The search space volume > 27000 Angstrom^3 (See FAQ)
Reading input ... done.
Setting up the scoring function ... done.
Analyzing the binding site ... done.
Using random seed: 1247602905
Performing search ... done.
Refining results ... done.

mode |   affinity | dist from best mode
     | (kcal/mol) | rmsd l.b.| rmsd u.b.
-----+------------+----------+----------
   1         -6.7      0.000      0.000
   2         -6.5      1.996      3.892
   3         -6.3     16.486     19.248
   4         -6.3     26.509     29.872
   5         -6.3     17.862     19.855
   6         -6.2     27.454     30.692
   7         -6.2     18.013     20.613
   8         -6.2     27.586     30.841
   9         -6.2      3.178      6.855
  10         -6.2     18.347     20.487
  11         -6.0      2.059      3.512
  12         -6.0     26.326     29.673
  13         -6.0     16.421     19.190
  14         -5.9     26.319     29.731
  15         -5.9     16.626     19.277
  16         -5.9     16.196     18.830
  17         -5.9     19.493     21.606
  18         -5.9     16.677     19.274
  19         -5.8     34.162     37.224
  20         -5.7     17.160     19.765
Writing output ... done.
