#################################################################
# If you used AutoDock Vina in your work, please cite:          #
#                                                               #
# O. Trott, A. J. Olson,                                        #
# AutoDock Vina: improving the speed and accuracy of docking    #
# with a new scoring function, efficient optimization and       #
# multithreading, Journal of Computational Chemistry 31 (2010)  #
# 455-461                                                       #
#                                                               #
# DOI 10.1002/jcc.21334                                         #
#                                                               #
# Please see http://vina.scripps.edu for more information.      #
#################################################################

WARNING: The search space volume > 27000 Angstrom^3 (See FAQ)
Reading input ... done.
Setting up the scoring function ... done.
Analyzing the binding site ... done.
Using random seed: -1682686714
Performing search ... done.
Refining results ... done.

mode |   affinity | dist from best mode
     | (kcal/mol) | rmsd l.b.| rmsd u.b.
-----+------------+----------+----------
   1         -7.1      0.000      0.000
   2         -7.0     17.443     20.995
   3         -6.9     17.187     20.805
   4         -6.8     16.500     20.173
   5         -6.6     16.583     20.093
   6         -6.5     16.683     20.042
   7         -6.2     17.231     20.693
   8         -6.2     28.866     31.710
   9         -6.1     28.833     31.674
  10         -6.1     23.412     26.735
  11         -6.0      3.609      5.893
  12         -6.0      1.885      6.585
  13         -5.9     26.938     28.668
  14         -5.8     18.385     22.128
  15         -5.8     26.541     28.940
  16         -5.7     27.699     29.180
  17         -5.7      3.445      5.885
  18         -5.7     26.795     29.142
  19         -5.7     23.425     26.680
  20         -5.7     23.298     27.180
Writing output ... done.
