#################################################################
# If you used AutoDock Vina in your work, please cite:          #
#                                                               #
# O. Trott, A. J. Olson,                                        #
# AutoDock Vina: improving the speed and accuracy of docking    #
# with a new scoring function, efficient optimization and       #
# multithreading, Journal of Computational Chemistry 31 (2010)  #
# 455-461                                                       #
#                                                               #
# DOI 10.1002/jcc.21334                                         #
#                                                               #
# Please see http://vina.scripps.edu for more information.      #
#################################################################

WARNING: The search space volume > 27000 Angstrom^3 (See FAQ)
Reading input ... done.
Setting up the scoring function ... done.
Analyzing the binding site ... done.
Using random seed: 939381796
Performing search ... done.
Refining results ... done.

mode |   affinity | dist from best mode
     | (kcal/mol) | rmsd l.b.| rmsd u.b.
-----+------------+----------+----------
   1         -7.0      0.000      0.000
   2         -6.8     18.338     21.683
   3         -6.8     18.678     21.382
   4         -6.8      1.177      2.438
   5         -6.6     18.317     21.912
   6         -6.6      1.424      2.979
   7         -6.4      2.235      7.588
   8         -6.4      1.137      3.105
   9         -6.3      1.939      3.709
  10         -6.3     18.425     21.382
  11         -6.2      2.181      7.135
  12         -6.1     22.434     25.131
  13         -6.0      2.014      6.768
  14         -6.0     22.826     24.726
  15         -6.0     24.962     27.001
  16         -5.9     22.409     25.068
  17         -5.9     21.876     25.541
  18         -5.9     24.424     27.147
  19         -5.9     23.073     26.078
  20         -5.8     21.703     24.921
Writing output ... done.
