#################################################################
# If you used AutoDock Vina in your work, please cite:          #
#                                                               #
# O. Trott, A. J. Olson,                                        #
# AutoDock Vina: improving the speed and accuracy of docking    #
# with a new scoring function, efficient optimization and       #
# multithreading, Journal of Computational Chemistry 31 (2010)  #
# 455-461                                                       #
#                                                               #
# DOI 10.1002/jcc.21334                                         #
#                                                               #
# Please see http://vina.scripps.edu for more information.      #
#################################################################

WARNING: The search space volume > 27000 Angstrom^3 (See FAQ)
Reading input ... done.
Setting up the scoring function ... done.
Analyzing the binding site ... done.
Using random seed: 391314957
Performing search ... done.
Refining results ... done.

mode |   affinity | dist from best mode
     | (kcal/mol) | rmsd l.b.| rmsd u.b.
-----+------------+----------+----------
   1         -7.0      0.000      0.000
   2         -6.9      1.671      6.824
   3         -6.8     15.174     19.669
   4         -6.7     15.459     20.271
   5         -6.7     16.474     19.434
   6         -6.6      1.842      7.104
   7         -6.6      0.619      2.044
   8         -6.5     15.539     20.324
   9         -6.5     15.980     18.251
  10         -6.5      1.821      3.012
  11         -6.4      0.973      2.431
  12         -6.4     16.670     20.314
  13         -6.3      3.305      7.847
  14         -6.3     15.091     17.760
  15         -6.3     15.814     17.813
  16         -6.2     13.757     17.459
  17         -6.2      1.848      7.389
  18         -6.2     16.081     18.133
  19         -6.2     16.461     17.718
  20         -6.1     13.746     17.540
Writing output ... done.
