#################################################################
# If you used AutoDock Vina in your work, please cite:          #
#                                                               #
# O. Trott, A. J. Olson,                                        #
# AutoDock Vina: improving the speed and accuracy of docking    #
# with a new scoring function, efficient optimization and       #
# multithreading, Journal of Computational Chemistry 31 (2010)  #
# 455-461                                                       #
#                                                               #
# DOI 10.1002/jcc.21334                                         #
#                                                               #
# Please see http://vina.scripps.edu for more information.      #
#################################################################

WARNING: The search space volume > 27000 Angstrom^3 (See FAQ)
Reading input ... done.
Setting up the scoring function ... done.
Analyzing the binding site ... done.
Using random seed: -1154462964
Performing search ... done.
Refining results ... done.

mode |   affinity | dist from best mode
     | (kcal/mol) | rmsd l.b.| rmsd u.b.
-----+------------+----------+----------
   1         -7.3      0.000      0.000
   2         -7.3      2.242      6.380
   3         -7.2     16.442     20.368
   4         -6.9     16.255     20.069
   5         -6.9     17.319     20.731
   6         -6.7      0.915      3.443
   7         -6.6     17.316     21.122
   8         -6.5     17.932     21.151
   9         -6.5     18.912     21.753
  10         -6.4     17.905     21.120
  11         -6.4      8.727     11.806
  12         -6.4      8.766     12.274
  13         -6.4      2.297      6.185
  14         -6.2     17.803     21.547
  15         -6.1      8.696     12.324
  16         -6.1      8.626     12.236
  17         -5.9     14.622     17.488
  18         -5.9      8.908     11.682
  19         -5.9      9.220     12.340
  20         -5.9      9.840     13.434
Writing output ... done.
