#################################################################
# If you used AutoDock Vina in your work, please cite:          #
#                                                               #
# O. Trott, A. J. Olson,                                        #
# AutoDock Vina: improving the speed and accuracy of docking    #
# with a new scoring function, efficient optimization and       #
# multithreading, Journal of Computational Chemistry 31 (2010)  #
# 455-461                                                       #
#                                                               #
# DOI 10.1002/jcc.21334                                         #
#                                                               #
# Please see http://vina.scripps.edu for more information.      #
#################################################################

WARNING: The search space volume > 27000 Angstrom^3 (See FAQ)
Reading input ... done.
Setting up the scoring function ... done.
Analyzing the binding site ... done.
Using random seed: -1990898138
Performing search ... done.
Refining results ... done.

mode |   affinity | dist from best mode
     | (kcal/mol) | rmsd l.b.| rmsd u.b.
-----+------------+----------+----------
   1         -7.4      0.000      0.000
   2         -7.2      1.547      3.642
   3         -6.9      1.048      1.929
   4         -6.6     25.736     27.880
   5         -6.5      1.732      7.144
   6         -6.5     25.782     27.887
   7         -6.4     17.760     20.240
   8         -6.4     18.941     21.014
   9         -6.4     17.531     20.764
  10         -6.4     19.827     22.687
  11         -6.4     18.360     21.290
  12         -6.4     18.118     21.665
  13         -6.3     18.197     21.642
  14         -6.2      3.142      6.545
  15         -6.2     26.447     28.570
  16         -6.2     14.449     17.249
  17         -6.0      2.662      6.775
  18         -5.9     22.392     26.925
  19         -5.9     14.609     17.316
  20         -5.7     26.452     28.933
Writing output ... done.
