#################################################################
# If you used AutoDock Vina in your work, please cite:          #
#                                                               #
# O. Trott, A. J. Olson,                                        #
# AutoDock Vina: improving the speed and accuracy of docking    #
# with a new scoring function, efficient optimization and       #
# multithreading, Journal of Computational Chemistry 31 (2010)  #
# 455-461                                                       #
#                                                               #
# DOI 10.1002/jcc.21334                                         #
#                                                               #
# Please see http://vina.scripps.edu for more information.      #
#################################################################

WARNING: The search space volume > 27000 Angstrom^3 (See FAQ)
Reading input ... done.
Setting up the scoring function ... done.
Analyzing the binding site ... done.
Using random seed: 841836853
Performing search ... done.
Refining results ... done.

mode |   affinity | dist from best mode
     | (kcal/mol) | rmsd l.b.| rmsd u.b.
-----+------------+----------+----------
   1         -7.6      0.000      0.000
   2         -7.3     18.047     21.029
   3         -7.3     19.176     22.360
   4         -7.1      7.718     10.724
   5         -7.1     18.840     21.756
   6         -7.0      7.753     10.653
   7         -6.9      8.909     12.855
   8         -6.9     19.275     22.224
   9         -6.8      7.770     11.163
  10         -6.8     20.865     23.913
  11         -6.8     20.977     23.962
  12         -6.8     25.586     28.435
  13         -6.8      8.665     12.049
  14         -6.5     19.846     22.601
  15         -6.5     25.410     27.972
  16         -6.5     19.749     22.528
  17         -6.4     22.418     23.919
  18         -6.3     25.756     28.312
  19         -6.3     20.466     23.378
  20         -6.2     15.126     17.758
Writing output ... done.
