#################################################################
# If you used AutoDock Vina in your work, please cite:          #
#                                                               #
# O. Trott, A. J. Olson,                                        #
# AutoDock Vina: improving the speed and accuracy of docking    #
# with a new scoring function, efficient optimization and       #
# multithreading, Journal of Computational Chemistry 31 (2010)  #
# 455-461                                                       #
#                                                               #
# DOI 10.1002/jcc.21334                                         #
#                                                               #
# Please see http://vina.scripps.edu for more information.      #
#################################################################

WARNING: The search space volume > 27000 Angstrom^3 (See FAQ)
Reading input ... done.
Setting up the scoring function ... done.
Analyzing the binding site ... done.
Using random seed: -832855846
Performing search ... done.
Refining results ... done.

mode |   affinity | dist from best mode
     | (kcal/mol) | rmsd l.b.| rmsd u.b.
-----+------------+----------+----------
   1         -7.7      0.000      0.000
   2         -7.4      8.220     10.842
   3         -7.4     12.070     13.865
   4         -7.3      8.236     11.326
   5         -6.9     18.989     22.211
   6         -6.7     12.448     14.375
   7         -6.7     10.492     12.461
   8         -6.6     16.164     19.099
   9         -6.6     15.246     18.159
  10         -6.6      8.144     11.575
  11         -6.5     19.652     22.728
  12         -6.5      3.000      7.487
  13         -6.5     10.652     12.481
  14         -6.4     15.419     18.355
  15         -6.4     22.758     24.626
  16         -6.3     15.491     18.223
  17         -6.3     21.050     22.905
  18         -6.2     22.352     24.723
  19         -6.1     23.273     25.679
  20         -6.0     19.372     22.585
Writing output ... done.
