#################################################################
# If you used AutoDock Vina in your work, please cite:          #
#                                                               #
# O. Trott, A. J. Olson,                                        #
# AutoDock Vina: improving the speed and accuracy of docking    #
# with a new scoring function, efficient optimization and       #
# multithreading, Journal of Computational Chemistry 31 (2010)  #
# 455-461                                                       #
#                                                               #
# DOI 10.1002/jcc.21334                                         #
#                                                               #
# Please see http://vina.scripps.edu for more information.      #
#################################################################

WARNING: The search space volume > 27000 Angstrom^3 (See FAQ)
Reading input ... done.
Setting up the scoring function ... done.
Analyzing the binding site ... done.
Using random seed: -2088412798
Performing search ... done.
Refining results ... done.

mode |   affinity | dist from best mode
     | (kcal/mol) | rmsd l.b.| rmsd u.b.
-----+------------+----------+----------
   1         -8.3      0.000      0.000
   2         -7.3      2.534      7.269
   3         -7.2      2.508      7.327
   4         -7.0      7.637     11.070
   5         -6.9      7.801     11.423
   6         -6.8      8.196     11.367
   7         -6.8      8.285     11.102
   8         -6.7      8.606     12.374
   9         -6.5     22.265     25.110
  10         -6.4      1.406      3.283
  11         -6.2      8.038     11.628
  12         -6.2      9.039     12.363
  13         -6.2     22.953     25.601
  14         -6.2      8.185     10.986
  15         -6.1      8.456     12.663
  16         -6.1     23.129     25.781
  17         -6.1      8.674     12.456
  18         -6.0     21.842     24.774
  19         -6.0      8.613     11.595
  20         -5.9      8.871     12.184
Writing output ... done.
