#################################################################
# If you used AutoDock Vina in your work, please cite:          #
#                                                               #
# O. Trott, A. J. Olson,                                        #
# AutoDock Vina: improving the speed and accuracy of docking    #
# with a new scoring function, efficient optimization and       #
# multithreading, Journal of Computational Chemistry 31 (2010)  #
# 455-461                                                       #
#                                                               #
# DOI 10.1002/jcc.21334                                         #
#                                                               #
# Please see http://vina.scripps.edu for more information.      #
#################################################################

WARNING: The search space volume > 27000 Angstrom^3 (See FAQ)
Reading input ... done.
Setting up the scoring function ... done.
Analyzing the binding site ... done.
Using random seed: -199384051
Performing search ... done.
Refining results ... done.

mode |   affinity | dist from best mode
     | (kcal/mol) | rmsd l.b.| rmsd u.b.
-----+------------+----------+----------
   1         -7.1      0.000      0.000
   2         -7.1      0.703      2.081
   3         -6.7      1.215      3.240
   4         -6.5      1.085      2.865
   5         -6.2     15.019     17.552
   6         -6.2      1.976      4.075
   7         -6.1     19.731     22.249
   8         -6.1      1.608      2.177
   9         -6.0     29.534     32.335
  10         -5.9     30.082     32.318
  11         -5.9     19.250     22.114
  12         -5.8     24.355     27.545
  13         -5.8     29.513     32.313
  14         -5.7     28.578     30.834
  15         -5.7     27.955     30.143
  16         -5.7      3.117      5.311
  17         -5.7     27.976     29.861
  18         -5.7     30.005     32.336
  19         -5.7      3.427      6.085
  20         -5.7     27.896     30.566
Writing output ... done.
