#################################################################
# If you used AutoDock Vina in your work, please cite:          #
#                                                               #
# O. Trott, A. J. Olson,                                        #
# AutoDock Vina: improving the speed and accuracy of docking    #
# with a new scoring function, efficient optimization and       #
# multithreading, Journal of Computational Chemistry 31 (2010)  #
# 455-461                                                       #
#                                                               #
# DOI 10.1002/jcc.21334                                         #
#                                                               #
# Please see http://vina.scripps.edu for more information.      #
#################################################################

WARNING: The search space volume > 27000 Angstrom^3 (See FAQ)
Reading input ... done.
Setting up the scoring function ... done.
Analyzing the binding site ... done.
Using random seed: 535567381
Performing search ... done.
Refining results ... done.

mode |   affinity | dist from best mode
     | (kcal/mol) | rmsd l.b.| rmsd u.b.
-----+------------+----------+----------
   1         -7.6      0.000      0.000
   2         -7.1     20.512     22.504
   3         -7.0     20.840     22.766
   4         -6.9      6.906     11.120
   5         -6.9     18.767     20.830
   6         -6.8      6.888     11.171
   7         -6.8      6.853     10.554
   8         -6.7     22.752     24.884
   9         -6.6     21.066     23.016
  10         -6.6     20.041     22.665
  11         -6.4     20.538     22.888
  12         -6.3      6.847     10.429
  13         -6.3     16.560     19.744
  14         -6.3     16.519     19.657
  15         -6.2      8.307     11.432
  16         -6.2      9.172     11.434
  17         -6.2     24.937     26.906
  18         -6.0     23.819     26.520
  19         -6.0     20.315     22.555
  20         -5.9     22.754     26.610
Writing output ... done.
