#################################################################
# If you used AutoDock Vina in your work, please cite:          #
#                                                               #
# O. Trott, A. J. Olson,                                        #
# AutoDock Vina: improving the speed and accuracy of docking    #
# with a new scoring function, efficient optimization and       #
# multithreading, Journal of Computational Chemistry 31 (2010)  #
# 455-461                                                       #
#                                                               #
# DOI 10.1002/jcc.21334                                         #
#                                                               #
# Please see http://vina.scripps.edu for more information.      #
#################################################################

WARNING: The search space volume > 27000 Angstrom^3 (See FAQ)
Reading input ... done.
Setting up the scoring function ... done.
Analyzing the binding site ... done.
Using random seed: -864602646
Performing search ... done.
Refining results ... done.

mode |   affinity | dist from best mode
     | (kcal/mol) | rmsd l.b.| rmsd u.b.
-----+------------+----------+----------
   1         -7.7      0.000      0.000
   2         -7.5      1.074      3.330
   3         -7.3      1.292      2.884
   4         -7.2     18.532     20.794
   5         -7.1      0.828      2.060
   6         -7.0     21.729     23.693
   7         -7.0      1.798      3.123
   8         -6.9     19.334     21.457
   9         -6.9     18.418     20.626
  10         -6.8     19.764     22.206
  11         -6.7      2.155      4.113
  12         -6.5     22.175     23.998
  13         -6.5     21.523     23.598
  14         -6.4     18.776     21.341
  15         -6.4     22.166     23.916
  16         -6.4     22.214     23.831
  17         -6.3     39.156     42.617
  18         -6.3     19.547     22.068
  19         -6.3     20.708     22.983
  20         -6.2      4.629      6.812
Writing output ... done.
