#################################################################
# If you used AutoDock Vina in your work, please cite:          #
#                                                               #
# O. Trott, A. J. Olson,                                        #
# AutoDock Vina: improving the speed and accuracy of docking    #
# with a new scoring function, efficient optimization and       #
# multithreading, Journal of Computational Chemistry 31 (2010)  #
# 455-461                                                       #
#                                                               #
# DOI 10.1002/jcc.21334                                         #
#                                                               #
# Please see http://vina.scripps.edu for more information.      #
#################################################################

WARNING: The search space volume > 27000 Angstrom^3 (See FAQ)
Reading input ... done.
Setting up the scoring function ... done.
Analyzing the binding site ... done.
Using random seed: 328932492
Performing search ... done.
Refining results ... done.

mode |   affinity | dist from best mode
     | (kcal/mol) | rmsd l.b.| rmsd u.b.
-----+------------+----------+----------
   1         -8.0      0.000      0.000
   2         -7.5      2.323      3.484
   3         -7.4      1.632      2.541
   4         -7.4      2.236      3.834
   5         -6.9      5.670     10.958
   6         -6.9     16.607     18.425
   7         -6.7     17.904     20.074
   8         -6.6      5.617     10.975
   9         -6.5      2.291      3.448
  10         -6.5      3.047      5.600
  11         -6.4     17.495     19.433
  12         -6.4      7.618     10.810
  13         -6.3     17.999     20.168
  14         -6.3      4.677      8.055
  15         -6.2     20.569     22.492
  16         -6.2      3.057      5.349
  17         -6.2     18.183     20.186
  18         -6.0     18.523     20.368
  19         -6.0     19.859     21.833
  20         -5.9     25.068     26.983
Writing output ... done.
