#################################################################
# If you used AutoDock Vina in your work, please cite:          #
#                                                               #
# O. Trott, A. J. Olson,                                        #
# AutoDock Vina: improving the speed and accuracy of docking    #
# with a new scoring function, efficient optimization and       #
# multithreading, Journal of Computational Chemistry 31 (2010)  #
# 455-461                                                       #
#                                                               #
# DOI 10.1002/jcc.21334                                         #
#                                                               #
# Please see http://vina.scripps.edu for more information.      #
#################################################################

WARNING: The search space volume > 27000 Angstrom^3 (See FAQ)
Reading input ... done.
Setting up the scoring function ... done.
Analyzing the binding site ... done.
Using random seed: 122306123
Performing search ... done.
Refining results ... done.

mode |   affinity | dist from best mode
     | (kcal/mol) | rmsd l.b.| rmsd u.b.
-----+------------+----------+----------
   1         -7.9      0.000      0.000
   2         -7.8      1.794      2.678
   3         -7.8      1.941      3.151
   4         -7.1      7.675     11.747
   5         -7.0      1.955      3.390
   6         -7.0      7.251     11.317
   7         -6.9      7.682     11.950
   8         -6.8      3.419      8.086
   9         -6.8      7.632     11.574
  10         -6.7      2.009      3.265
  11         -6.6      3.394      7.547
  12         -6.4     17.066     19.694
  13         -6.3      3.370      8.100
  14         -6.3      0.959      2.030
  15         -6.3     15.633     18.912
  16         -6.2      9.853     12.072
  17         -6.2     17.770     20.429
  18         -6.1     22.588     24.822
  19         -6.1     16.811     19.386
  20         -6.0     19.257     21.600
Writing output ... done.
