#################################################################
# If you used AutoDock Vina in your work, please cite:          #
#                                                               #
# O. Trott, A. J. Olson,                                        #
# AutoDock Vina: improving the speed and accuracy of docking    #
# with a new scoring function, efficient optimization and       #
# multithreading, Journal of Computational Chemistry 31 (2010)  #
# 455-461                                                       #
#                                                               #
# DOI 10.1002/jcc.21334                                         #
#                                                               #
# Please see http://vina.scripps.edu for more information.      #
#################################################################

WARNING: The search space volume > 27000 Angstrom^3 (See FAQ)
Reading input ... done.
Setting up the scoring function ... done.
Analyzing the binding site ... done.
Using random seed: 332955450
Performing search ... done.
Refining results ... done.

mode |   affinity | dist from best mode
     | (kcal/mol) | rmsd l.b.| rmsd u.b.
-----+------------+----------+----------
   1         -8.3      0.000      0.000
   2         -7.7      2.539      7.664
   3         -7.6      8.459     12.356
   4         -7.6      2.608      7.780
   5         -7.6      8.208     11.933
   6         -7.5      2.536      7.304
   7         -7.4      3.437      5.965
   8         -7.4      8.930     12.763
   9         -7.2      8.826     12.662
  10         -7.2      2.906      6.474
  11         -7.2      9.428     13.204
  12         -6.8      4.150      8.303
  13         -6.8      9.774     13.419
  14         -6.7     10.645     14.310
  15         -6.7      2.539      7.636
  16         -6.7     14.390     17.021
  17         -6.6     14.930     17.628
  18         -6.6     18.984     22.866
  19         -6.5     22.235     24.953
  20         -6.4     21.888     23.502
Writing output ... done.
