#################################################################
# If you used AutoDock Vina in your work, please cite:          #
#                                                               #
# O. Trott, A. J. Olson,                                        #
# AutoDock Vina: improving the speed and accuracy of docking    #
# with a new scoring function, efficient optimization and       #
# multithreading, Journal of Computational Chemistry 31 (2010)  #
# 455-461                                                       #
#                                                               #
# DOI 10.1002/jcc.21334                                         #
#                                                               #
# Please see http://vina.scripps.edu for more information.      #
#################################################################

WARNING: The search space volume > 27000 Angstrom^3 (See FAQ)
Reading input ... done.
Setting up the scoring function ... done.
Analyzing the binding site ... done.
Using random seed: -803449607
Performing search ... done.
Refining results ... done.

mode |   affinity | dist from best mode
     | (kcal/mol) | rmsd l.b.| rmsd u.b.
-----+------------+----------+----------
   1         -7.9      0.000      0.000
   2         -7.9      0.669      2.012
   3         -7.3     17.979     20.413
   4         -7.2     16.618     20.112
   5         -7.0      1.217      3.287
   6         -7.0      1.370      3.031
   7         -6.9     19.573     21.976
   8         -6.9      7.560     10.374
   9         -6.9     16.782     21.000
  10         -6.9      7.451     10.337
  11         -6.8     18.373     20.597
  12         -6.8      3.533      5.727
  13         -6.8      7.457     10.393
  14         -6.7     19.993     22.066
  15         -6.6     20.413     22.463
  16         -6.4      1.907      2.570
  17         -6.4      2.776      7.593
  18         -6.4      6.999     10.370
  19         -6.3     37.034     38.833
  20         -6.2     36.965     38.725
Writing output ... done.
