#################################################################
# If you used AutoDock Vina in your work, please cite:          #
#                                                               #
# O. Trott, A. J. Olson,                                        #
# AutoDock Vina: improving the speed and accuracy of docking    #
# with a new scoring function, efficient optimization and       #
# multithreading, Journal of Computational Chemistry 31 (2010)  #
# 455-461                                                       #
#                                                               #
# DOI 10.1002/jcc.21334                                         #
#                                                               #
# Please see http://vina.scripps.edu for more information.      #
#################################################################

WARNING: The search space volume > 27000 Angstrom^3 (See FAQ)
Reading input ... done.
Setting up the scoring function ... done.
Analyzing the binding site ... done.
Using random seed: 664620684
Performing search ... done.
Refining results ... done.

mode |   affinity | dist from best mode
     | (kcal/mol) | rmsd l.b.| rmsd u.b.
-----+------------+----------+----------
   1         -7.3      0.000      0.000
   2         -6.9     18.585     21.714
   3         -6.8      3.915      5.547
   4         -6.8     16.860     21.330
   5         -6.8     36.511     39.761
   6         -6.7     16.838     21.245
   7         -6.7     16.744     22.283
   8         -6.6     16.481     21.478
   9         -6.5     13.237     16.966
  10         -6.5     19.207     22.437
  11         -6.4     18.521     21.756
  12         -6.4     13.248     17.050
  13         -6.3     35.443     38.417
  14         -6.3     16.956     20.238
  15         -6.3      1.007      3.005
  16         -6.2     15.272     19.139
  17         -6.1     15.593     19.104
  18         -6.1     29.931     33.554
  19         -6.1     13.590     17.805
  20         -6.0     35.629     38.866
Writing output ... done.
