#################################################################
# If you used AutoDock Vina in your work, please cite:          #
#                                                               #
# O. Trott, A. J. Olson,                                        #
# AutoDock Vina: improving the speed and accuracy of docking    #
# with a new scoring function, efficient optimization and       #
# multithreading, Journal of Computational Chemistry 31 (2010)  #
# 455-461                                                       #
#                                                               #
# DOI 10.1002/jcc.21334                                         #
#                                                               #
# Please see http://vina.scripps.edu for more information.      #
#################################################################

WARNING: The search space volume > 27000 Angstrom^3 (See FAQ)
Reading input ... done.
Setting up the scoring function ... done.
Analyzing the binding site ... done.
Using random seed: 1713586168
Performing search ... done.
Refining results ... done.

mode |   affinity | dist from best mode
     | (kcal/mol) | rmsd l.b.| rmsd u.b.
-----+------------+----------+----------
   1         -7.5      0.000      0.000
   2         -7.3      7.788     11.354
   3         -7.2      7.574     11.093
   4         -7.1      1.340      3.816
   5         -7.1      2.178      3.969
   6         -7.0      2.244      7.149
   7         -7.0      1.628      2.212
   8         -7.0      1.790      2.375
   9         -6.9      7.713     11.274
  10         -6.9     17.938     20.978
  11         -6.8     19.358     22.114
  12         -6.6      1.245      2.951
  13         -6.6     18.688     21.470
  14         -6.5      2.924      7.391
  15         -6.5     18.937     21.927
  16         -6.5     19.714     22.780
  17         -6.4     18.676     21.691
  18         -6.4     15.721     19.238
  19         -6.3     17.969     21.130
  20         -6.2      9.139     11.507
Writing output ... done.
