#################################################################
# If you used AutoDock Vina in your work, please cite:          #
#                                                               #
# O. Trott, A. J. Olson,                                        #
# AutoDock Vina: improving the speed and accuracy of docking    #
# with a new scoring function, efficient optimization and       #
# multithreading, Journal of Computational Chemistry 31 (2010)  #
# 455-461                                                       #
#                                                               #
# DOI 10.1002/jcc.21334                                         #
#                                                               #
# Please see http://vina.scripps.edu for more information.      #
#################################################################

WARNING: The search space volume > 27000 Angstrom^3 (See FAQ)
Reading input ... done.
Setting up the scoring function ... done.
Analyzing the binding site ... done.
Using random seed: 2029446959
Performing search ... done.
Refining results ... done.

mode |   affinity | dist from best mode
     | (kcal/mol) | rmsd l.b.| rmsd u.b.
-----+------------+----------+----------
   1         -7.7      0.000      0.000
   2         -7.4      2.200      4.054
   3         -7.3     16.956     20.205
   4         -7.2      2.466      3.706
   5         -7.1      1.605      2.267
   6         -7.0     16.676     19.846
   7         -7.0     17.892     20.009
   8         -7.0      1.842      3.220
   9         -6.9     17.209     21.228
  10         -6.8     18.013     20.274
  11         -6.7     15.778     20.772
  12         -6.7     17.079     20.108
  13         -6.6     19.611     23.444
  14         -6.6     17.061     20.720
  15         -6.6     16.579     20.579
  16         -6.5     16.831     19.927
  17         -6.2     23.324     25.912
  18         -6.2      3.316      7.787
  19         -6.1     23.196     26.286
  20         -5.9      2.745      6.435
Writing output ... done.
