#################################################################
# If you used AutoDock Vina in your work, please cite:          #
#                                                               #
# O. Trott, A. J. Olson,                                        #
# AutoDock Vina: improving the speed and accuracy of docking    #
# with a new scoring function, efficient optimization and       #
# multithreading, Journal of Computational Chemistry 31 (2010)  #
# 455-461                                                       #
#                                                               #
# DOI 10.1002/jcc.21334                                         #
#                                                               #
# Please see http://vina.scripps.edu for more information.      #
#################################################################

WARNING: The search space volume > 27000 Angstrom^3 (See FAQ)
Reading input ... done.
Setting up the scoring function ... done.
Analyzing the binding site ... done.
Using random seed: -1530540748
Performing search ... done.
Refining results ... done.

mode |   affinity | dist from best mode
     | (kcal/mol) | rmsd l.b.| rmsd u.b.
-----+------------+----------+----------
   1         -7.3      0.000      0.000
   2         -6.8     20.052     22.092
   3         -6.7     19.848     22.291
   4         -6.6     18.561     21.412
   5         -6.2     19.641     21.942
   6         -6.0      4.082      7.114
   7         -6.0     23.886     27.316
   8         -6.0      3.523      7.233
   9         -5.9     17.277     21.233
  10         -5.8     18.895     23.458
  11         -5.8     23.846     27.252
  12         -5.8      3.852      7.787
  13         -5.8     19.388     22.778
  14         -5.8     25.506     29.935
  15         -5.7     27.862     30.760
  16         -5.7      3.715      7.540
  17         -5.7     25.863     29.783
  18         -5.7     13.730     18.282
  19         -5.6     26.845     30.626
  20         -5.6     24.552     28.379
Writing output ... done.
