#################################################################
# If you used AutoDock Vina in your work, please cite:          #
#                                                               #
# O. Trott, A. J. Olson,                                        #
# AutoDock Vina: improving the speed and accuracy of docking    #
# with a new scoring function, efficient optimization and       #
# multithreading, Journal of Computational Chemistry 31 (2010)  #
# 455-461                                                       #
#                                                               #
# DOI 10.1002/jcc.21334                                         #
#                                                               #
# Please see http://vina.scripps.edu for more information.      #
#################################################################

WARNING: The search space volume > 27000 Angstrom^3 (See FAQ)
Reading input ... done.
Setting up the scoring function ... done.
Analyzing the binding site ... done.
Using random seed: -130039351
Performing search ... done.
Refining results ... done.

mode |   affinity | dist from best mode
     | (kcal/mol) | rmsd l.b.| rmsd u.b.
-----+------------+----------+----------
   1         -7.1      0.000      0.000
   2         -6.9      2.265      7.244
   3         -6.8      1.226      3.664
   4         -6.8     19.077     20.145
   5         -6.8      1.115      2.521
   6         -6.8     17.933     21.734
   7         -6.8      1.539      3.468
   8         -6.7     17.768     20.162
   9         -6.6     17.964     21.116
  10         -6.5      2.123      7.521
  11         -6.5      1.744      6.609
  12         -6.4     17.468     20.160
  13         -6.4     17.778     21.898
  14         -6.2      1.051      2.159
  15         -6.1     21.675     24.161
  16         -6.1      1.768      6.698
  17         -6.1      1.861      6.327
  18         -6.0     22.825     24.536
  19         -6.0     14.162     17.130
  20         -5.9     15.921     18.596
Writing output ... done.
