#################################################################
# If you used AutoDock Vina in your work, please cite:          #
#                                                               #
# O. Trott, A. J. Olson,                                        #
# AutoDock Vina: improving the speed and accuracy of docking    #
# with a new scoring function, efficient optimization and       #
# multithreading, Journal of Computational Chemistry 31 (2010)  #
# 455-461                                                       #
#                                                               #
# DOI 10.1002/jcc.21334                                         #
#                                                               #
# Please see http://vina.scripps.edu for more information.      #
#################################################################

WARNING: The search space volume > 27000 Angstrom^3 (See FAQ)
Reading input ... done.
Setting up the scoring function ... done.
Analyzing the binding site ... done.
Using random seed: 1844673375
Performing search ... done.
Refining results ... done.

mode |   affinity | dist from best mode
     | (kcal/mol) | rmsd l.b.| rmsd u.b.
-----+------------+----------+----------
   1         -7.2      0.000      0.000
   2         -7.0     19.303     22.564
   3         -7.0     19.334     22.616
   4         -7.0     20.387     22.851
   5         -7.0     20.100     22.295
   6         -7.0     19.189     22.517
   7         -6.9     19.856     22.220
   8         -6.4     18.811     22.282
   9         -6.3     19.986     24.134
  10         -6.3     17.620     21.379
  11         -6.3      3.364      5.762
  12         -6.3     19.582     22.695
  13         -6.2     19.468     22.333
  14         -6.2     18.738     21.288
  15         -6.1     28.605     31.385
  16         -6.0     24.050     27.411
  17         -6.0     18.407     21.310
  18         -6.0      3.911      7.095
  19         -5.9     17.290     21.374
  20         -5.9     18.892     22.382
Writing output ... done.
