#################################################################
# If you used AutoDock Vina in your work, please cite:          #
#                                                               #
# O. Trott, A. J. Olson,                                        #
# AutoDock Vina: improving the speed and accuracy of docking    #
# with a new scoring function, efficient optimization and       #
# multithreading, Journal of Computational Chemistry 31 (2010)  #
# 455-461                                                       #
#                                                               #
# DOI 10.1002/jcc.21334                                         #
#                                                               #
# Please see http://vina.scripps.edu for more information.      #
#################################################################

WARNING: The search space volume > 27000 Angstrom^3 (See FAQ)
Reading input ... done.
Setting up the scoring function ... done.
Analyzing the binding site ... done.
Using random seed: 1008320140
Performing search ... done.
Refining results ... done.

mode |   affinity | dist from best mode
     | (kcal/mol) | rmsd l.b.| rmsd u.b.
-----+------------+----------+----------
   1         -6.8      0.000      0.000
   2         -6.7      2.913      6.742
   3         -6.6     16.818     19.736
   4         -6.5      0.695      2.038
   5         -6.5      2.712      6.861
   6         -6.5      1.323      2.890
   7         -6.4     17.897     20.248
   8         -6.4     17.079     19.329
   9         -6.3      7.284     11.483
  10         -6.2      2.520      6.716
  11         -6.1     19.246     21.881
  12         -6.1      7.980     12.116
  13         -6.0      2.411      6.822
  14         -6.0      7.127     10.983
  15         -5.9      9.162     11.941
  16         -5.9      9.084     12.135
  17         -5.9     24.845     28.211
  18         -5.9     15.030     17.601
  19         -5.8     16.916     19.431
  20         -5.8     18.843     21.376
Writing output ... done.
