#################################################################
# If you used AutoDock Vina in your work, please cite:          #
#                                                               #
# O. Trott, A. J. Olson,                                        #
# AutoDock Vina: improving the speed and accuracy of docking    #
# with a new scoring function, efficient optimization and       #
# multithreading, Journal of Computational Chemistry 31 (2010)  #
# 455-461                                                       #
#                                                               #
# DOI 10.1002/jcc.21334                                         #
#                                                               #
# Please see http://vina.scripps.edu for more information.      #
#################################################################

WARNING: The search space volume > 27000 Angstrom^3 (See FAQ)
Reading input ... done.
Setting up the scoring function ... done.
Analyzing the binding site ... done.
Using random seed: 485930841
Performing search ... done.
Refining results ... done.

mode |   affinity | dist from best mode
     | (kcal/mol) | rmsd l.b.| rmsd u.b.
-----+------------+----------+----------
   1         -7.0      0.000      0.000
   2         -6.9      6.554      9.922
   3         -6.8     19.818     22.085
   4         -6.7      7.949     10.587
   5         -6.7      1.728      2.715
   6         -6.7     19.689     21.916
   7         -6.7      6.006     10.285
   8         -6.4      7.707     10.478
   9         -6.3      8.770     10.855
  10         -6.3      8.916     11.066
  11         -6.2      7.828     10.631
  12         -6.1     20.281     22.883
  13         -6.1     20.002     22.629
  14         -6.0     19.054     21.649
  15         -5.9     20.804     23.269
  16         -5.9      8.137     11.252
  17         -5.8     22.263     25.540
  18         -5.7     19.252     21.739
  19         -5.6     21.322     23.725
  20         -5.6     21.669     24.075
Writing output ... done.
