#################################################################
# If you used AutoDock Vina in your work, please cite:          #
#                                                               #
# O. Trott, A. J. Olson,                                        #
# AutoDock Vina: improving the speed and accuracy of docking    #
# with a new scoring function, efficient optimization and       #
# multithreading, Journal of Computational Chemistry 31 (2010)  #
# 455-461                                                       #
#                                                               #
# DOI 10.1002/jcc.21334                                         #
#                                                               #
# Please see http://vina.scripps.edu for more information.      #
#################################################################

WARNING: The search space volume > 27000 Angstrom^3 (See FAQ)
Reading input ... done.
Setting up the scoring function ... done.
Analyzing the binding site ... done.
Using random seed: -1921795286
Performing search ... done.
Refining results ... done.

mode |   affinity | dist from best mode
     | (kcal/mol) | rmsd l.b.| rmsd u.b.
-----+------------+----------+----------
   1         -7.1      0.000      0.000
   2         -7.0      1.939      7.113
   3         -7.0     16.816     19.727
   4         -6.9     17.852     20.422
   5         -6.7     16.910     20.000
   6         -6.6      4.237      6.289
   7         -6.5     16.344     19.280
   8         -6.5     16.393     19.283
   9         -6.4      1.932      4.147
  10         -6.3      1.978      7.371
  11         -6.3     15.391     18.743
  12         -6.3      1.821      7.074
  13         -6.2      4.366      6.586
  14         -6.1     16.493     19.361
  15         -6.1      1.598      3.552
  16         -6.0     17.089     19.188
  17         -6.0     23.293     25.136
  18         -6.0     24.065     26.692
  19         -5.7     13.289     17.566
  20         -5.6     22.528     25.077
Writing output ... done.
