#################################################################
# If you used AutoDock Vina in your work, please cite:          #
#                                                               #
# O. Trott, A. J. Olson,                                        #
# AutoDock Vina: improving the speed and accuracy of docking    #
# with a new scoring function, efficient optimization and       #
# multithreading, Journal of Computational Chemistry 31 (2010)  #
# 455-461                                                       #
#                                                               #
# DOI 10.1002/jcc.21334                                         #
#                                                               #
# Please see http://vina.scripps.edu for more information.      #
#################################################################

WARNING: The search space volume > 27000 Angstrom^3 (See FAQ)
Reading input ... done.
Setting up the scoring function ... done.
Analyzing the binding site ... done.
Using random seed: 803729534
Performing search ... done.
Refining results ... done.

mode |   affinity | dist from best mode
     | (kcal/mol) | rmsd l.b.| rmsd u.b.
-----+------------+----------+----------
   1         -7.8      0.000      0.000
   2         -7.5      0.406      1.777
   3         -7.1      8.190     11.260
   4         -7.1     19.187     21.442
   5         -7.1      8.188     11.222
   6         -7.1      8.403     11.508
   7         -6.8     18.146     20.528
   8         -6.7      8.079     10.984
   9         -6.7      1.984      3.345
  10         -6.5      2.925      7.477
  11         -6.5      9.428     11.854
  12         -6.4     19.242     21.768
  13         -6.4      9.285     12.271
  14         -6.4     20.916     23.377
  15         -6.4     21.314     23.778
  16         -6.3     21.222     23.644
  17         -6.2     20.622     23.132
  18         -6.1     20.444     22.888
  19         -6.1     21.304     23.738
  20         -6.1      8.295     10.760
Writing output ... done.
