#################################################################
# If you used AutoDock Vina in your work, please cite:          #
#                                                               #
# O. Trott, A. J. Olson,                                        #
# AutoDock Vina: improving the speed and accuracy of docking    #
# with a new scoring function, efficient optimization and       #
# multithreading, Journal of Computational Chemistry 31 (2010)  #
# 455-461                                                       #
#                                                               #
# DOI 10.1002/jcc.21334                                         #
#                                                               #
# Please see http://vina.scripps.edu for more information.      #
#################################################################

WARNING: The search space volume > 27000 Angstrom^3 (See FAQ)
Reading input ... done.
Setting up the scoring function ... done.
Analyzing the binding site ... done.
Using random seed: -134292190
Performing search ... done.
Refining results ... done.

mode |   affinity | dist from best mode
     | (kcal/mol) | rmsd l.b.| rmsd u.b.
-----+------------+----------+----------
   1         -7.4      0.000      0.000
   2         -7.4      1.802      2.844
   3         -6.5     18.619     20.952
   4         -6.5     19.464     21.881
   5         -6.4      3.618      6.049
   6         -6.3     18.362     21.145
   7         -6.3     23.568     26.078
   8         -6.3     19.415     21.606
   9         -6.3     17.480     20.202
  10         -6.2     21.589     24.728
  11         -6.2      9.344     12.299
  12         -6.1     18.638     21.274
  13         -6.0     12.719     14.494
  14         -6.0     14.827     17.870
  15         -5.9     18.054     20.398
  16         -5.9     21.356     23.618
  17         -5.9      3.249      5.565
  18         -5.9     14.927     18.095
  19         -5.7     12.902     15.228
  20         -5.7     18.871     21.198
Writing output ... done.
