#################################################################
# If you used AutoDock Vina in your work, please cite:          #
#                                                               #
# O. Trott, A. J. Olson,                                        #
# AutoDock Vina: improving the speed and accuracy of docking    #
# with a new scoring function, efficient optimization and       #
# multithreading, Journal of Computational Chemistry 31 (2010)  #
# 455-461                                                       #
#                                                               #
# DOI 10.1002/jcc.21334                                         #
#                                                               #
# Please see http://vina.scripps.edu for more information.      #
#################################################################

WARNING: The search space volume > 27000 Angstrom^3 (See FAQ)
Reading input ... done.
Setting up the scoring function ... done.
Analyzing the binding site ... done.
Using random seed: -1075794903
Performing search ... done.
Refining results ... done.

mode |   affinity | dist from best mode
     | (kcal/mol) | rmsd l.b.| rmsd u.b.
-----+------------+----------+----------
   1         -7.8      0.000      0.000
   2         -7.7      0.711      2.184
   3         -7.1     18.387     21.513
   4         -7.1      1.152      3.312
   5         -7.1     16.696     20.295
   6         -7.0      7.612     11.300
   7         -6.9     19.118     21.896
   8         -6.9     18.788     21.654
   9         -6.7      7.113     10.661
  10         -6.5     17.721     21.190
  11         -6.5     17.783     21.252
  12         -6.4     19.371     22.397
  13         -6.4      8.825     12.014
  14         -6.4      1.423      3.539
  15         -6.3     16.398     19.187
  16         -6.2     17.199     20.071
  17         -6.2     19.999     22.993
  18         -6.1     17.896     21.505
  19         -6.1     16.365     19.206
  20         -6.1     18.912     21.899
Writing output ... done.
