#################################################################
# If you used AutoDock Vina in your work, please cite:          #
#                                                               #
# O. Trott, A. J. Olson,                                        #
# AutoDock Vina: improving the speed and accuracy of docking    #
# with a new scoring function, efficient optimization and       #
# multithreading, Journal of Computational Chemistry 31 (2010)  #
# 455-461                                                       #
#                                                               #
# DOI 10.1002/jcc.21334                                         #
#                                                               #
# Please see http://vina.scripps.edu for more information.      #
#################################################################

WARNING: The search space volume > 27000 Angstrom^3 (See FAQ)
Reading input ... done.
Setting up the scoring function ... done.
Analyzing the binding site ... done.
Using random seed: -1806953401
Performing search ... done.
Refining results ... done.

mode |   affinity | dist from best mode
     | (kcal/mol) | rmsd l.b.| rmsd u.b.
-----+------------+----------+----------
   1         -7.6      0.000      0.000
   2         -7.5      2.124      3.507
   3         -7.3      2.142      3.667
   4         -7.2      1.249      2.526
   5         -7.2      1.892      2.972
   6         -6.4     19.571     22.949
   7         -6.4      2.555      4.472
   8         -6.3      1.969      3.204
   9         -6.3     18.193     21.575
  10         -6.2      2.475      4.047
  11         -6.1     18.934     22.343
  12         -6.0      8.923     12.655
  13         -6.0     19.587     22.990
  14         -5.9     18.702     22.172
  15         -5.9      2.149      6.526
  16         -5.8      1.603      6.467
  17         -5.8     19.907     23.085
  18         -5.8     18.561     20.976
  19         -5.8     20.661     23.967
  20         -5.7      1.895      6.586
Writing output ... done.
