#################################################################
# If you used AutoDock Vina in your work, please cite:          #
#                                                               #
# O. Trott, A. J. Olson,                                        #
# AutoDock Vina: improving the speed and accuracy of docking    #
# with a new scoring function, efficient optimization and       #
# multithreading, Journal of Computational Chemistry 31 (2010)  #
# 455-461                                                       #
#                                                               #
# DOI 10.1002/jcc.21334                                         #
#                                                               #
# Please see http://vina.scripps.edu for more information.      #
#################################################################

WARNING: The search space volume > 27000 Angstrom^3 (See FAQ)
Reading input ... done.
Setting up the scoring function ... done.
Analyzing the binding site ... done.
Using random seed: 1860454354
Performing search ... done.
Refining results ... done.

mode |   affinity | dist from best mode
     | (kcal/mol) | rmsd l.b.| rmsd u.b.
-----+------------+----------+----------
   1         -7.9      0.000      0.000
   2         -7.8      0.573      1.814
   3         -7.3     22.320     24.327
   4         -7.0     21.844     23.756
   5         -6.9      3.422      7.599
   6         -6.9      3.175      6.672
   7         -6.9     20.214     22.463
   8         -6.7     21.750     23.755
   9         -6.7     19.394     21.772
  10         -6.6      3.485      7.692
  11         -6.6     20.085     22.865
  12         -6.5      3.827      6.432
  13         -6.4     20.052     22.124
  14         -6.4      3.152      8.000
  15         -6.4     19.970     22.121
  16         -6.4     18.212     20.755
  17         -6.3     22.186     24.305
  18         -6.2     19.243     21.668
  19         -6.1     21.873     23.920
  20         -6.1     22.860     26.672
Writing output ... done.
