#################################################################
# If you used AutoDock Vina in your work, please cite:          #
#                                                               #
# O. Trott, A. J. Olson,                                        #
# AutoDock Vina: improving the speed and accuracy of docking    #
# with a new scoring function, efficient optimization and       #
# multithreading, Journal of Computational Chemistry 31 (2010)  #
# 455-461                                                       #
#                                                               #
# DOI 10.1002/jcc.21334                                         #
#                                                               #
# Please see http://vina.scripps.edu for more information.      #
#################################################################

WARNING: The search space volume > 27000 Angstrom^3 (See FAQ)
Reading input ... done.
Setting up the scoring function ... done.
Analyzing the binding site ... done.
Using random seed: 499408502
Performing search ... done.
Refining results ... done.

mode |   affinity | dist from best mode
     | (kcal/mol) | rmsd l.b.| rmsd u.b.
-----+------------+----------+----------
   1         -7.5      0.000      0.000
   2         -7.4      0.303      1.896
   3         -7.0      3.294      4.819
   4         -6.3      1.648      2.240
   5         -6.2     20.232     22.437
   6         -6.2     26.040     28.547
   7         -6.2     19.912     21.947
   8         -6.2     26.058     28.274
   9         -6.1     23.053     27.243
  10         -6.1     22.988     26.721
  11         -6.0      3.229      5.633
  12         -6.0      2.520      5.013
  13         -6.0     26.434     28.903
  14         -6.0      1.571      2.272
  15         -6.0     14.164     18.759
  16         -5.9     26.645     28.182
  17         -5.9     13.914     18.512
  18         -5.9     16.419     20.584
  19         -5.9      3.368      6.103
  20         -5.9     22.660     24.783
Writing output ... done.
