#################################################################
# If you used AutoDock Vina in your work, please cite:          #
#                                                               #
# O. Trott, A. J. Olson,                                        #
# AutoDock Vina: improving the speed and accuracy of docking    #
# with a new scoring function, efficient optimization and       #
# multithreading, Journal of Computational Chemistry 31 (2010)  #
# 455-461                                                       #
#                                                               #
# DOI 10.1002/jcc.21334                                         #
#                                                               #
# Please see http://vina.scripps.edu for more information.      #
#################################################################

WARNING: The search space volume > 27000 Angstrom^3 (See FAQ)
Reading input ... done.
Setting up the scoring function ... done.
Analyzing the binding site ... done.
Using random seed: 291018549
Performing search ... done.
Refining results ... done.

mode |   affinity | dist from best mode
     | (kcal/mol) | rmsd l.b.| rmsd u.b.
-----+------------+----------+----------
   1         -8.3      0.000      0.000
   2         -7.9      7.501     11.182
   3         -7.8      1.152      3.340
   4         -7.5      1.654      3.144
   5         -7.4      7.416     11.390
   6         -7.3      7.604     11.272
   7         -7.3      0.725      2.238
   8         -6.7     21.815     24.132
   9         -6.6      3.211      6.835
  10         -6.4      9.431     11.627
  11         -6.4     20.395     22.644
  12         -6.4     23.763     26.791
  13         -6.3      9.931     12.840
  14         -6.3     16.875     19.883
  15         -6.3     24.264     27.155
  16         -6.3     23.537     26.206
  17         -6.3      9.779     12.182
  18         -6.3      8.760     12.003
  19         -6.2     22.857     25.127
  20         -6.1      8.421     11.337
Writing output ... done.
