#################################################################
# If you used AutoDock Vina in your work, please cite:          #
#                                                               #
# O. Trott, A. J. Olson,                                        #
# AutoDock Vina: improving the speed and accuracy of docking    #
# with a new scoring function, efficient optimization and       #
# multithreading, Journal of Computational Chemistry 31 (2010)  #
# 455-461                                                       #
#                                                               #
# DOI 10.1002/jcc.21334                                         #
#                                                               #
# Please see http://vina.scripps.edu for more information.      #
#################################################################

WARNING: The search space volume > 27000 Angstrom^3 (See FAQ)
Reading input ... done.
Setting up the scoring function ... done.
Analyzing the binding site ... done.
Using random seed: 84556169
Performing search ... done.
Refining results ... done.

mode |   affinity | dist from best mode
     | (kcal/mol) | rmsd l.b.| rmsd u.b.
-----+------------+----------+----------
   1         -7.5      0.000      0.000
   2         -7.4      1.064      3.541
   3         -7.3     21.798     23.717
   4         -7.2     17.465     21.345
   5         -7.1     21.693     23.474
   6         -7.0     16.509     20.405
   7         -7.0      2.063      6.501
   8         -6.6      1.853      3.249
   9         -6.5     17.054     22.913
  10         -6.5     19.592     23.753
  11         -6.4      2.148      3.995
  12         -6.4     17.950     21.743
  13         -6.4      1.564      3.644
  14         -6.4     17.787     22.995
  15         -6.3     19.931     23.444
  16         -6.3     17.185     21.320
  17         -6.2     17.647     22.767
  18         -6.1     31.935     35.881
  19         -6.1     19.476     24.171
  20         -6.1     16.885     22.780
Writing output ... done.
