#################################################################
# If you used AutoDock Vina in your work, please cite:          #
#                                                               #
# O. Trott, A. J. Olson,                                        #
# AutoDock Vina: improving the speed and accuracy of docking    #
# with a new scoring function, efficient optimization and       #
# multithreading, Journal of Computational Chemistry 31 (2010)  #
# 455-461                                                       #
#                                                               #
# DOI 10.1002/jcc.21334                                         #
#                                                               #
# Please see http://vina.scripps.edu for more information.      #
#################################################################

WARNING: The search space volume > 27000 Angstrom^3 (See FAQ)
Reading input ... done.
Setting up the scoring function ... done.
Analyzing the binding site ... done.
Using random seed: -1170903171
Performing search ... done.
Refining results ... done.

mode |   affinity | dist from best mode
     | (kcal/mol) | rmsd l.b.| rmsd u.b.
-----+------------+----------+----------
   1         -7.6      0.000      0.000
   2         -7.4      0.936      2.120
   3         -7.1      1.279      3.371
   4         -6.9      3.467      8.547
   5         -6.8      3.224      7.933
   6         -6.7      1.487      3.643
   7         -6.7      2.104      4.062
   8         -6.6      3.054      7.699
   9         -6.4      3.734      8.095
  10         -6.4      2.937      7.267
  11         -6.3     18.354     21.646
  12         -6.2     22.117     24.263
  13         -6.1     23.149     26.389
  14         -6.1      4.299      9.178
  15         -6.1     23.257     26.383
  16         -6.0     21.417     23.604
  17         -6.0     15.079     18.209
  18         -6.0     22.394     24.771
  19         -5.9      3.332      7.749
  20         -5.9     19.368     21.713
Writing output ... done.
