#################################################################
# If you used AutoDock Vina in your work, please cite:          #
#                                                               #
# O. Trott, A. J. Olson,                                        #
# AutoDock Vina: improving the speed and accuracy of docking    #
# with a new scoring function, efficient optimization and       #
# multithreading, Journal of Computational Chemistry 31 (2010)  #
# 455-461                                                       #
#                                                               #
# DOI 10.1002/jcc.21334                                         #
#                                                               #
# Please see http://vina.scripps.edu for more information.      #
#################################################################

WARNING: The search space volume > 27000 Angstrom^3 (See FAQ)
Reading input ... done.
Setting up the scoring function ... done.
Analyzing the binding site ... done.
Using random seed: 1868617534
Performing search ... done.
Refining results ... done.

mode |   affinity | dist from best mode
     | (kcal/mol) | rmsd l.b.| rmsd u.b.
-----+------------+----------+----------
   1         -7.0      0.000      0.000
   2         -6.8      2.016      3.536
   3         -6.8      1.255      3.691
   4         -6.7      1.616      2.645
   5         -6.7     21.563     24.575
   6         -6.6      0.583      2.110
   7         -6.6     18.775     22.007
   8         -6.5      1.460      3.477
   9         -6.4      2.167      6.618
  10         -6.1     24.312     26.544
  11         -6.0     24.953     27.171
  12         -6.0     21.312     24.561
  13         -6.0     24.285     26.568
  14         -5.9     21.166     24.457
  15         -5.8     24.616     26.528
  16         -5.7     24.056     27.038
  17         -5.7     22.953     25.325
  18         -5.7     23.700     26.115
  19         -5.6     21.837     25.051
  20         -5.6     24.690     27.508
Writing output ... done.
