#################################################################
# If you used AutoDock Vina in your work, please cite:          #
#                                                               #
# O. Trott, A. J. Olson,                                        #
# AutoDock Vina: improving the speed and accuracy of docking    #
# with a new scoring function, efficient optimization and       #
# multithreading, Journal of Computational Chemistry 31 (2010)  #
# 455-461                                                       #
#                                                               #
# DOI 10.1002/jcc.21334                                         #
#                                                               #
# Please see http://vina.scripps.edu for more information.      #
#################################################################

WARNING: The search space volume > 27000 Angstrom^3 (See FAQ)
Reading input ... done.
Setting up the scoring function ... done.
Analyzing the binding site ... done.
Using random seed: 1032299616
Performing search ... done.
Refining results ... done.

mode |   affinity | dist from best mode
     | (kcal/mol) | rmsd l.b.| rmsd u.b.
-----+------------+----------+----------
   1         -7.6      0.000      0.000
   2         -7.3      2.115      4.027
   3         -7.0      1.509      2.252
   4         -6.9      2.021      3.700
   5         -6.7      2.593      3.253
   6         -6.6      1.184      2.918
   7         -6.6      2.613      6.656
   8         -6.5     19.572     21.482
   9         -6.4     20.131     22.865
  10         -6.4     11.416     14.829
  11         -6.3     19.592     22.184
  12         -6.3     19.738     21.645
  13         -6.3     18.819     20.950
  14         -6.2      3.221      7.242
  15         -6.2     20.896     22.717
  16         -6.1      3.309      5.996
  17         -6.1     22.654     24.504
  18         -6.1      3.307      6.208
  19         -6.1     13.337     15.601
  20         -5.9     12.459     14.837
Writing output ... done.
