#################################################################
# If you used AutoDock Vina in your work, please cite:          #
#                                                               #
# O. Trott, A. J. Olson,                                        #
# AutoDock Vina: improving the speed and accuracy of docking    #
# with a new scoring function, efficient optimization and       #
# multithreading, Journal of Computational Chemistry 31 (2010)  #
# 455-461                                                       #
#                                                               #
# DOI 10.1002/jcc.21334                                         #
#                                                               #
# Please see http://vina.scripps.edu for more information.      #
#################################################################

WARNING: The search space volume > 27000 Angstrom^3 (See FAQ)
Reading input ... done.
Setting up the scoring function ... done.
Analyzing the binding site ... done.
Using random seed: 1453405412
Performing search ... done.
Refining results ... done.

mode |   affinity | dist from best mode
     | (kcal/mol) | rmsd l.b.| rmsd u.b.
-----+------------+----------+----------
   1         -7.1      0.000      0.000
   2         -7.0      2.402      6.809
   3         -6.8      1.901      6.855
   4         -6.8      2.259      7.001
   5         -6.8      2.126      3.792
   6         -6.7      1.994      3.138
   7         -6.6     19.051     22.558
   8         -6.6      2.240      7.028
   9         -6.4      2.620      5.199
  10         -6.3      1.987      7.032
  11         -6.3      1.552      6.867
  12         -6.3     18.836     22.383
  13         -6.2      2.381      6.833
  14         -6.1     11.291     14.623
  15         -6.1     11.527     14.275
  16         -6.1      2.289      5.760
  17         -6.1     20.451     24.344
  18         -6.0     11.235     13.684
  19         -6.0     17.400     20.826
  20         -6.0     11.176     14.066
Writing output ... done.
