#################################################################
# If you used AutoDock Vina in your work, please cite:          #
#                                                               #
# O. Trott, A. J. Olson,                                        #
# AutoDock Vina: improving the speed and accuracy of docking    #
# with a new scoring function, efficient optimization and       #
# multithreading, Journal of Computational Chemistry 31 (2010)  #
# 455-461                                                       #
#                                                               #
# DOI 10.1002/jcc.21334                                         #
#                                                               #
# Please see http://vina.scripps.edu for more information.      #
#################################################################

WARNING: The search space volume > 27000 Angstrom^3 (See FAQ)
Reading input ... done.
Setting up the scoring function ... done.
Analyzing the binding site ... done.
Using random seed: 511912988
Performing search ... done.
Refining results ... done.

mode |   affinity | dist from best mode
     | (kcal/mol) | rmsd l.b.| rmsd u.b.
-----+------------+----------+----------
   1         -7.5      0.000      0.000
   2         -7.3      3.459      6.073
   3         -7.1     18.548     22.768
   4         -7.0      3.665      6.000
   5         -6.6     17.846     21.932
   6         -6.6      3.447      6.683
   7         -6.5     16.979     21.550
   8         -6.5     17.578     21.823
   9         -6.5     18.315     23.648
  10         -6.4      2.963      5.981
  11         -6.4     19.677     23.683
  12         -6.3      3.206      6.945
  13         -6.3      3.752      6.078
  14         -6.3      3.052      7.284
  15         -6.2      2.065      3.751
  16         -6.2     10.318     12.046
  17         -6.1     25.000     27.347
  18         -6.1     11.160     12.338
  19         -6.1      4.024      5.751
  20         -5.9      3.558      5.448
Writing output ... done.
