#################################################################
# If you used AutoDock Vina in your work, please cite:          #
#                                                               #
# O. Trott, A. J. Olson,                                        #
# AutoDock Vina: improving the speed and accuracy of docking    #
# with a new scoring function, efficient optimization and       #
# multithreading, Journal of Computational Chemistry 31 (2010)  #
# 455-461                                                       #
#                                                               #
# DOI 10.1002/jcc.21334                                         #
#                                                               #
# Please see http://vina.scripps.edu for more information.      #
#################################################################

WARNING: The search space volume > 27000 Angstrom^3 (See FAQ)
Reading input ... done.
Setting up the scoring function ... done.
Analyzing the binding site ... done.
Using random seed: -1476628433
Performing search ... done.
Refining results ... done.

mode |   affinity | dist from best mode
     | (kcal/mol) | rmsd l.b.| rmsd u.b.
-----+------------+----------+----------
   1         -7.8      0.000      0.000
   2         -7.8      0.328      1.756
   3         -7.6      1.585      3.666
   4         -7.2      4.063      6.624
   5         -7.1      1.744      4.159
   6         -7.1      1.189      2.127
   7         -7.0     22.890     24.991
   8         -6.9      4.415      6.418
   9         -6.9     20.331     23.846
  10         -6.6      3.192      6.741
  11         -6.6     20.833     24.388
  12         -6.6     19.893     23.385
  13         -6.5      1.543      6.069
  14         -6.5      1.901      3.144
  15         -6.4      2.393      6.313
  16         -6.3     25.517     28.829
  17         -6.3      2.099      2.855
  18         -6.2     20.382     23.510
  19         -6.1      2.188      3.003
  20         -6.1      1.442      6.513
Writing output ... done.
