#################################################################
# If you used AutoDock Vina in your work, please cite:          #
#                                                               #
# O. Trott, A. J. Olson,                                        #
# AutoDock Vina: improving the speed and accuracy of docking    #
# with a new scoring function, efficient optimization and       #
# multithreading, Journal of Computational Chemistry 31 (2010)  #
# 455-461                                                       #
#                                                               #
# DOI 10.1002/jcc.21334                                         #
#                                                               #
# Please see http://vina.scripps.edu for more information.      #
#################################################################

WARNING: The search space volume > 27000 Angstrom^3 (See FAQ)
Reading input ... done.
Setting up the scoring function ... done.
Analyzing the binding site ... done.
Using random seed: 1771669666
Performing search ... done.
Refining results ... done.

mode |   affinity | dist from best mode
     | (kcal/mol) | rmsd l.b.| rmsd u.b.
-----+------------+----------+----------
   1         -7.0      0.000      0.000
   2         -6.7     17.535     21.336
   3         -6.7     18.174     21.850
   4         -6.5     20.392     22.512
   5         -6.5      2.297      6.198
   6         -6.4     17.785     21.111
   7         -6.3      1.716      2.363
   8         -6.3      2.046      6.234
   9         -6.3     18.092     21.284
  10         -6.3     18.426     22.019
  11         -6.2     17.305     21.259
  12         -6.2     17.414     21.283
  13         -6.2     21.102     23.643
  14         -6.1      2.505      6.163
  15         -6.1     20.947     24.389
  16         -6.1      2.926      6.268
  17         -5.9      3.045      6.450
  18         -5.8     25.211     27.332
  19         -5.8     25.107     27.190
  20         -5.8      3.813      6.381
Writing output ... done.
