#################################################################
# If you used AutoDock Vina in your work, please cite:          #
#                                                               #
# O. Trott, A. J. Olson,                                        #
# AutoDock Vina: improving the speed and accuracy of docking    #
# with a new scoring function, efficient optimization and       #
# multithreading, Journal of Computational Chemistry 31 (2010)  #
# 455-461                                                       #
#                                                               #
# DOI 10.1002/jcc.21334                                         #
#                                                               #
# Please see http://vina.scripps.edu for more information.      #
#################################################################

WARNING: The search space volume > 27000 Angstrom^3 (See FAQ)
Reading input ... done.
Setting up the scoring function ... done.
Analyzing the binding site ... done.
Using random seed: -1158735987
Performing search ... done.
Refining results ... done.

mode |   affinity | dist from best mode
     | (kcal/mol) | rmsd l.b.| rmsd u.b.
-----+------------+----------+----------
   1         -7.3      0.000      0.000
   2         -7.2      1.259      3.670
   3         -7.2      0.899      2.128
   4         -7.1      1.237      3.277
   5         -7.0      3.326      6.688
   6         -7.0      3.078      6.314
   7         -6.7      4.302      6.046
   8         -6.5      1.656      3.853
   9         -6.5      2.743      6.362
  10         -6.4     19.806     22.006
  11         -6.3      3.868      6.322
  12         -6.1      4.292      6.809
  13         -6.1     19.588     21.782
  14         -6.1      2.710      6.498
  15         -6.1     18.277     21.708
  16         -6.0     18.507     21.965
  17         -5.9      5.831      9.314
  18         -5.9      3.608      7.020
  19         -5.8      3.588      6.046
  20         -5.8      3.721      6.450
Writing output ... done.
