#################################################################
# If you used AutoDock Vina in your work, please cite:          #
#                                                               #
# O. Trott, A. J. Olson,                                        #
# AutoDock Vina: improving the speed and accuracy of docking    #
# with a new scoring function, efficient optimization and       #
# multithreading, Journal of Computational Chemistry 31 (2010)  #
# 455-461                                                       #
#                                                               #
# DOI 10.1002/jcc.21334                                         #
#                                                               #
# Please see http://vina.scripps.edu for more information.      #
#################################################################

WARNING: The search space volume > 27000 Angstrom^3 (See FAQ)
Reading input ... done.
Setting up the scoring function ... done.
Analyzing the binding site ... done.
Using random seed: 309423014
Performing search ... done.
Refining results ... done.

mode |   affinity | dist from best mode
     | (kcal/mol) | rmsd l.b.| rmsd u.b.
-----+------------+----------+----------
   1         -7.3      0.000      0.000
   2         -7.3     17.942     21.840
   3         -7.2      0.879      1.674
   4         -7.2      1.369      3.442
   5         -6.9      1.847      4.047
   6         -6.8     14.341     16.410
   7         -6.8     13.649     15.543
   8         -6.7      1.519      3.467
   9         -6.7      1.926      3.898
  10         -6.7      2.040      7.297
  11         -6.7      2.465      7.423
  12         -6.7     21.319     25.514
  13         -6.5     21.378     26.033
  14         -6.3      2.160      7.256
  15         -6.3      2.006      7.396
  16         -6.3     17.511     21.458
  17         -6.3     21.598     26.822
  18         -6.2     21.819     26.849
  19         -6.2     22.208     27.481
  20         -6.0     21.472     26.079
Writing output ... done.
