#################################################################
# If you used AutoDock Vina in your work, please cite:          #
#                                                               #
# O. Trott, A. J. Olson,                                        #
# AutoDock Vina: improving the speed and accuracy of docking    #
# with a new scoring function, efficient optimization and       #
# multithreading, Journal of Computational Chemistry 31 (2010)  #
# 455-461                                                       #
#                                                               #
# DOI 10.1002/jcc.21334                                         #
#                                                               #
# Please see http://vina.scripps.edu for more information.      #
#################################################################

WARNING: The search space volume > 27000 Angstrom^3 (See FAQ)
Reading input ... done.
Setting up the scoring function ... done.
Analyzing the binding site ... done.
Using random seed: 1358446706
Performing search ... done.
Refining results ... done.

mode |   affinity | dist from best mode
     | (kcal/mol) | rmsd l.b.| rmsd u.b.
-----+------------+----------+----------
   1         -8.7      0.000      0.000
   2         -8.0      2.903      5.071
   3         -7.9      1.739      3.466
   4         -7.9      2.922      5.239
   5         -7.7      0.546      2.053
   6         -7.4      8.000     12.341
   7         -7.3     23.701     26.487
   8         -7.1      3.215      6.254
   9         -7.0      9.914     13.178
  10         -6.9     23.659     26.434
  11         -6.7      8.872     11.771
  12         -6.7     24.247     26.934
  13         -6.7      2.892      5.972
  14         -6.5     14.019     16.465
  15         -6.5      6.065     12.194
  16         -6.5     15.653     20.295
  17         -6.3     14.783     16.728
  18         -6.3     14.766     16.516
  19         -6.3     15.378     18.308
  20         -6.3     15.397     18.355
Writing output ... done.
