#################################################################
# If you used AutoDock Vina in your work, please cite:          #
#                                                               #
# O. Trott, A. J. Olson,                                        #
# AutoDock Vina: improving the speed and accuracy of docking    #
# with a new scoring function, efficient optimization and       #
# multithreading, Journal of Computational Chemistry 31 (2010)  #
# 455-461                                                       #
#                                                               #
# DOI 10.1002/jcc.21334                                         #
#                                                               #
# Please see http://vina.scripps.edu for more information.      #
#################################################################

WARNING: The search space volume > 27000 Angstrom^3 (See FAQ)
Reading input ... done.
Setting up the scoring function ... done.
Analyzing the binding site ... done.
Using random seed: 1153988928
Performing search ... done.
Refining results ... done.

mode |   affinity | dist from best mode
     | (kcal/mol) | rmsd l.b.| rmsd u.b.
-----+------------+----------+----------
   1         -7.3      0.000      0.000
   2         -7.0      1.952      6.614
   3         -6.9     17.820     20.995
   4         -6.8      2.229      6.836
   5         -6.7      2.063      6.381
   6         -6.7     18.815     21.909
   7         -6.7      0.589      2.143
   8         -6.6      4.496      7.123
   9         -6.6     18.242     21.354
  10         -6.6      2.712      4.119
  11         -6.5      1.916      6.980
  12         -6.4     19.060     22.190
  13         -6.4     18.293     21.597
  14         -6.4     35.892     37.943
  15         -6.3     18.632     21.755
  16         -6.3     18.915     22.169
  17         -6.3      2.871      5.230
  18         -6.0     20.960     23.996
  19         -6.0     20.592     23.587
  20         -5.9     18.647     21.878
Writing output ... done.
