#################################################################
# If you used AutoDock Vina in your work, please cite:          #
#                                                               #
# O. Trott, A. J. Olson,                                        #
# AutoDock Vina: improving the speed and accuracy of docking    #
# with a new scoring function, efficient optimization and       #
# multithreading, Journal of Computational Chemistry 31 (2010)  #
# 455-461                                                       #
#                                                               #
# DOI 10.1002/jcc.21334                                         #
#                                                               #
# Please see http://vina.scripps.edu for more information.      #
#################################################################

WARNING: The search space volume > 27000 Angstrom^3 (See FAQ)
Reading input ... done.
Setting up the scoring function ... done.
Analyzing the binding site ... done.
Using random seed: 1783883248
Performing search ... done.
Refining results ... done.

mode |   affinity | dist from best mode
     | (kcal/mol) | rmsd l.b.| rmsd u.b.
-----+------------+----------+----------
   1         -7.3      0.000      0.000
   2         -7.1      2.254      4.467
   3         -7.1      1.796      6.961
   4         -7.0      1.657      3.846
   5         -6.9      0.934      2.014
   6         -6.9      2.241      4.225
   7         -6.8     18.346     21.733
   8         -6.5      2.240      6.896
   9         -6.5      1.913      2.708
  10         -6.5      2.440      3.531
  11         -6.4      2.989      4.396
  12         -6.2     16.132     20.174
  13         -6.2      1.914      6.257
  14         -6.2      2.874      4.655
  15         -6.2      2.794      7.422
  16         -6.2      3.358      7.572
  17         -6.1     19.945     23.076
  18         -6.0      3.800      8.101
  19         -6.0      1.874      3.233
  20         -5.9      1.921      4.169
Writing output ... done.
