#################################################################
# If you used AutoDock Vina in your work, please cite:          #
#                                                               #
# O. Trott, A. J. Olson,                                        #
# AutoDock Vina: improving the speed and accuracy of docking    #
# with a new scoring function, efficient optimization and       #
# multithreading, Journal of Computational Chemistry 31 (2010)  #
# 455-461                                                       #
#                                                               #
# DOI 10.1002/jcc.21334                                         #
#                                                               #
# Please see http://vina.scripps.edu for more information.      #
#################################################################

WARNING: The search space volume > 27000 Angstrom^3 (See FAQ)
Reading input ... done.
Setting up the scoring function ... done.
Analyzing the binding site ... done.
Using random seed: -1462060728
Performing search ... done.
Refining results ... done.

mode |   affinity | dist from best mode
     | (kcal/mol) | rmsd l.b.| rmsd u.b.
-----+------------+----------+----------
   1         -7.0      0.000      0.000
   2         -6.7     12.731     16.925
   3         -6.7      1.030      3.255
   4         -6.5      2.991      5.125
   5         -6.3      1.170      2.581
   6         -6.2     12.796     17.000
   7         -6.1      2.033      6.709
   8         -6.0      3.135      5.442
   9         -5.9     14.492     19.723
  10         -5.8     16.343     20.056
  11         -5.8      2.616      6.838
  12         -5.8      3.477      6.166
  13         -5.7      2.904      5.142
  14         -5.7      2.750      4.750
  15         -5.7     13.503     18.781
  16         -5.6     23.449     26.188
  17         -5.6      2.695      5.927
  18         -5.6     23.412     26.204
  19         -5.6     13.156     18.344
  20         -5.5     20.625     25.505
Writing output ... done.
