#################################################################
# If you used AutoDock Vina in your work, please cite:          #
#                                                               #
# O. Trott, A. J. Olson,                                        #
# AutoDock Vina: improving the speed and accuracy of docking    #
# with a new scoring function, efficient optimization and       #
# multithreading, Journal of Computational Chemistry 31 (2010)  #
# 455-461                                                       #
#                                                               #
# DOI 10.1002/jcc.21334                                         #
#                                                               #
# Please see http://vina.scripps.edu for more information.      #
#################################################################

WARNING: The search space volume > 27000 Angstrom^3 (See FAQ)
Reading input ... done.
Setting up the scoring function ... done.
Analyzing the binding site ... done.
Using random seed: 1577482120
Performing search ... done.
Refining results ... done.

mode |   affinity | dist from best mode
     | (kcal/mol) | rmsd l.b.| rmsd u.b.
-----+------------+----------+----------
   1         -7.7      0.000      0.000
   2         -7.5     19.958     23.260
   3         -7.4      1.193      2.351
   4         -7.2      1.773      2.930
   5         -7.2      0.990      3.401
   6         -7.2     21.277     24.448
   7         -7.2     19.364     22.519
   8         -7.1     18.285     21.722
   9         -7.0     17.972     21.428
  10         -7.0      1.175      3.120
  11         -6.8     19.391     22.504
  12         -6.8     19.670     23.081
  13         -6.8     20.073     23.264
  14         -6.5      1.756      2.494
  15         -6.5     21.446     24.601
  16         -6.4     11.088     12.984
  17         -6.3     19.970     22.937
  18         -6.3     15.714     18.507
  19         -6.3     21.507     24.743
  20         -6.2     22.551     25.866
Writing output ... done.
