#################################################################
# If you used AutoDock Vina in your work, please cite:          #
#                                                               #
# O. Trott, A. J. Olson,                                        #
# AutoDock Vina: improving the speed and accuracy of docking    #
# with a new scoring function, efficient optimization and       #
# multithreading, Journal of Computational Chemistry 31 (2010)  #
# 455-461                                                       #
#                                                               #
# DOI 10.1002/jcc.21334                                         #
#                                                               #
# Please see http://vina.scripps.edu for more information.      #
#################################################################

WARNING: The search space volume > 27000 Angstrom^3 (See FAQ)
Reading input ... done.
Setting up the scoring function ... done.
Analyzing the binding site ... done.
Using random seed: -1668457768
Performing search ... done.
Refining results ... done.

mode |   affinity | dist from best mode
     | (kcal/mol) | rmsd l.b.| rmsd u.b.
-----+------------+----------+----------
   1         -7.1      0.000      0.000
   2         -6.8      2.987      7.659
   3         -6.7      0.902      3.421
   4         -6.7      3.630      5.588
   5         -6.6      3.297      5.156
   6         -6.4      9.573     12.544
   7         -6.4     19.187     22.490
   8         -6.3     15.338     18.652
   9         -6.2      3.270      6.374
  10         -6.0     11.386     14.395
  11         -6.0     11.315     14.529
  12         -5.9      9.772     13.014
  13         -5.8     23.759     26.353
  14         -5.8     19.895     22.917
  15         -5.7     22.762     25.302
  16         -5.6     15.841     19.159
  17         -5.6     19.330     22.780
  18         -5.6     20.227     23.160
  19         -5.6     23.064     25.796
  20         -5.5     21.332     23.732
Writing output ... done.
