#################################################################
# If you used AutoDock Vina in your work, please cite:          #
#                                                               #
# O. Trott, A. J. Olson,                                        #
# AutoDock Vina: improving the speed and accuracy of docking    #
# with a new scoring function, efficient optimization and       #
# multithreading, Journal of Computational Chemistry 31 (2010)  #
# 455-461                                                       #
#                                                               #
# DOI 10.1002/jcc.21334                                         #
#                                                               #
# Please see http://vina.scripps.edu for more information.      #
#################################################################

WARNING: The search space volume > 27000 Angstrom^3 (See FAQ)
Reading input ... done.
Setting up the scoring function ... done.
Analyzing the binding site ... done.
Using random seed: 1863430795
Performing search ... done.
Refining results ... done.

mode |   affinity | dist from best mode
     | (kcal/mol) | rmsd l.b.| rmsd u.b.
-----+------------+----------+----------
   1         -7.6      0.000      0.000
   2         -7.0      1.060      3.557
   3         -7.0      4.040      6.907
   4         -6.7     18.699     20.798
   5         -6.7     16.683     20.449
   6         -6.7      3.884      7.047
   7         -6.6      4.091      7.066
   8         -6.6      3.241      6.913
   9         -6.6     18.476     21.687
  10         -6.6     16.671     21.306
  11         -6.5     18.107     20.606
  12         -6.5      3.345      5.770
  13         -6.5      3.588      5.217
  14         -6.4     17.729     21.704
  15         -6.4      4.030      5.872
  16         -6.4      3.355      5.993
  17         -6.3     18.293     21.011
  18         -6.2     18.799     21.442
  19         -6.2     26.624     30.695
  20         -6.0     23.908     27.273
Writing output ... done.
