#################################################################
# If you used AutoDock Vina in your work, please cite:          #
#                                                               #
# O. Trott, A. J. Olson,                                        #
# AutoDock Vina: improving the speed and accuracy of docking    #
# with a new scoring function, efficient optimization and       #
# multithreading, Journal of Computational Chemistry 31 (2010)  #
# 455-461                                                       #
#                                                               #
# DOI 10.1002/jcc.21334                                         #
#                                                               #
# Please see http://vina.scripps.edu for more information.      #
#################################################################

WARNING: The search space volume > 27000 Angstrom^3 (See FAQ)
Reading input ... done.
Setting up the scoring function ... done.
Analyzing the binding site ... done.
Using random seed: 1371089512
Performing search ... done.
Refining results ... done.

mode |   affinity | dist from best mode
     | (kcal/mol) | rmsd l.b.| rmsd u.b.
-----+------------+----------+----------
   1         -7.6      0.000      0.000
   2         -7.2      0.727      1.870
   3         -7.2      3.107      6.544
   4         -6.9      1.072      3.602
   5         -6.8      1.873      4.098
   6         -6.8     17.840     21.866
   7         -6.7      3.271      3.761
   8         -6.5     25.168     27.531
   9         -6.4     17.918     23.082
  10         -6.4      3.121      4.333
  11         -6.4      2.775      4.603
  12         -6.3     26.555     28.282
  13         -6.2     26.169     27.809
  14         -6.2      3.416      7.029
  15         -6.1      2.681      7.801
  16         -6.0      2.878      4.666
  17         -6.0     19.011     22.140
  18         -5.9     24.731     26.216
  19         -5.8     21.451     24.130
  20         -5.8     24.534     25.782
Writing output ... done.
