#################################################################
# If you used AutoDock Vina in your work, please cite:          #
#                                                               #
# O. Trott, A. J. Olson,                                        #
# AutoDock Vina: improving the speed and accuracy of docking    #
# with a new scoring function, efficient optimization and       #
# multithreading, Journal of Computational Chemistry 31 (2010)  #
# 455-461                                                       #
#                                                               #
# DOI 10.1002/jcc.21334                                         #
#                                                               #
# Please see http://vina.scripps.edu for more information.      #
#################################################################

WARNING: The search space volume > 27000 Angstrom^3 (See FAQ)
Reading input ... done.
Setting up the scoring function ... done.
Analyzing the binding site ... done.
Using random seed: -617430803
Performing search ... done.
Refining results ... done.

mode |   affinity | dist from best mode
     | (kcal/mol) | rmsd l.b.| rmsd u.b.
-----+------------+----------+----------
   1         -8.7      0.000      0.000
   2         -8.0      1.159      3.045
   3         -7.2     18.207     20.743
   4         -7.2      2.465      4.658
   5         -7.1     18.113     20.297
   6         -7.1     18.642     20.812
   7         -7.0     18.940     20.998
   8         -6.9     18.381     20.728
   9         -6.8      3.268      5.125
  10         -6.8     18.872     20.944
  11         -6.7     18.976     21.136
  12         -6.4     22.970     24.971
  13         -6.3     18.068     20.429
  14         -6.2     19.644     21.922
  15         -6.2     18.955     21.182
  16         -6.1     18.156     20.658
  17         -6.1     18.882     21.177
  18         -6.0     24.271     26.377
  19         -6.0     18.570     20.780
  20         -6.0     19.760     21.990
Writing output ... done.
