#################################################################
# If you used AutoDock Vina in your work, please cite:          #
#                                                               #
# O. Trott, A. J. Olson,                                        #
# AutoDock Vina: improving the speed and accuracy of docking    #
# with a new scoring function, efficient optimization and       #
# multithreading, Journal of Computational Chemistry 31 (2010)  #
# 455-461                                                       #
#                                                               #
# DOI 10.1002/jcc.21334                                         #
#                                                               #
# Please see http://vina.scripps.edu for more information.      #
#################################################################

WARNING: The search space volume > 27000 Angstrom^3 (See FAQ)
Reading input ... done.
Setting up the scoring function ... done.
Analyzing the binding site ... done.
Using random seed: -1558904264
Performing search ... done.
Refining results ... done.

mode |   affinity | dist from best mode
     | (kcal/mol) | rmsd l.b.| rmsd u.b.
-----+------------+----------+----------
   1         -7.5      0.000      0.000
   2         -7.1     19.357     23.155
   3         -7.0      2.544      7.245
   4         -6.8     19.202     22.643
   5         -6.6     19.413     23.124
   6         -6.6     19.274     22.693
   7         -6.5     11.185     13.393
   8         -6.5     11.171     13.450
   9         -6.5     19.054     21.987
  10         -6.5     19.520     23.201
  11         -6.4     11.255     13.507
  12         -6.4      3.019      8.210
  13         -6.4     19.798     23.616
  14         -6.4     21.065     24.992
  15         -6.2     20.019     22.518
  16         -6.2     14.993     17.620
  17         -6.2     22.218     25.432
  18         -6.1     19.493     22.949
  19         -6.0     19.595     21.489
  20         -5.9     15.122     17.437
Writing output ... done.
