#################################################################
# If you used AutoDock Vina in your work, please cite:          #
#                                                               #
# O. Trott, A. J. Olson,                                        #
# AutoDock Vina: improving the speed and accuracy of docking    #
# with a new scoring function, efficient optimization and       #
# multithreading, Journal of Computational Chemistry 31 (2010)  #
# 455-461                                                       #
#                                                               #
# DOI 10.1002/jcc.21334                                         #
#                                                               #
# Please see http://vina.scripps.edu for more information.      #
#################################################################

WARNING: The search space volume > 27000 Angstrom^3 (See FAQ)
Reading input ... done.
Setting up the scoring function ... done.
Analyzing the binding site ... done.
Using random seed: -193888946
Performing search ... done.
Refining results ... done.

mode |   affinity | dist from best mode
     | (kcal/mol) | rmsd l.b.| rmsd u.b.
-----+------------+----------+----------
   1         -7.4      0.000      0.000
   2         -7.2     18.144     23.072
   3         -7.2      0.929      3.291
   4         -7.1      0.269      1.752
   5         -6.9      1.055      2.790
   6         -6.7      2.911      4.589
   7         -6.6      1.588      6.979
   8         -6.5     17.610     22.280
   9         -6.4      1.569      3.604
  10         -6.4      2.970      4.719
  11         -6.3      1.475      6.457
  12         -6.2      1.884      6.600
  13         -5.9      2.178      7.617
  14         -5.9      2.920      3.574
  15         -5.9      2.787      6.462
  16         -5.9     21.318     24.825
  17         -5.8      1.974      6.313
  18         -5.8      2.348      6.976
  19         -5.7     25.375     27.388
  20         -5.6      3.318      4.598
Writing output ... done.
