#################################################################
# If you used AutoDock Vina in your work, please cite:          #
#                                                               #
# O. Trott, A. J. Olson,                                        #
# AutoDock Vina: improving the speed and accuracy of docking    #
# with a new scoring function, efficient optimization and       #
# multithreading, Journal of Computational Chemistry 31 (2010)  #
# 455-461                                                       #
#                                                               #
# DOI 10.1002/jcc.21334                                         #
#                                                               #
# Please see http://vina.scripps.edu for more information.      #
#################################################################

WARNING: The search space volume > 27000 Angstrom^3 (See FAQ)
Reading input ... done.
Setting up the scoring function ... done.
Analyzing the binding site ... done.
Using random seed: 541209978
Performing search ... done.
Refining results ... done.

mode |   affinity | dist from best mode
     | (kcal/mol) | rmsd l.b.| rmsd u.b.
-----+------------+----------+----------
   1         -6.7      0.000      0.000
   2         -6.5      1.478      6.661
   3         -6.5      1.148      3.314
   4         -6.5      1.472      6.292
   5         -6.4      1.446      1.873
   6         -6.4     18.276     22.385
   7         -6.4      1.417      6.360
   8         -6.4     17.885     19.637
   9         -6.4      1.711      6.755
  10         -6.3     17.545     21.703
  11         -6.3     16.231     21.110
  12         -6.2     18.705     20.888
  13         -6.2      1.633      6.231
  14         -6.1     19.050     21.247
  15         -6.1     18.472     20.473
  16         -6.0     21.179     24.651
  17         -5.9     18.150     22.192
  18         -5.9     18.695     20.655
  19         -5.9     22.612     25.618
  20         -5.9     25.813     28.058
Writing output ... done.
