#################################################################
# If you used AutoDock Vina in your work, please cite:          #
#                                                               #
# O. Trott, A. J. Olson,                                        #
# AutoDock Vina: improving the speed and accuracy of docking    #
# with a new scoring function, efficient optimization and       #
# multithreading, Journal of Computational Chemistry 31 (2010)  #
# 455-461                                                       #
#                                                               #
# DOI 10.1002/jcc.21334                                         #
#                                                               #
# Please see http://vina.scripps.edu for more information.      #
#################################################################

WARNING: The search space volume > 27000 Angstrom^3 (See FAQ)
Reading input ... done.
Setting up the scoring function ... done.
Analyzing the binding site ... done.
Using random seed: 857172459
Performing search ... done.
Refining results ... done.

mode |   affinity | dist from best mode
     | (kcal/mol) | rmsd l.b.| rmsd u.b.
-----+------------+----------+----------
   1         -6.8      0.000      0.000
   2         -6.6      1.743      2.202
   3         -6.6      2.239      3.272
   4         -6.5      1.617      2.421
   5         -6.4      2.059      6.862
   6         -6.3      1.399      3.504
   7         -6.3     18.107     21.334
   8         -6.0     17.097     22.229
   9         -5.9      3.031      5.335
  10         -5.9     17.972     21.485
  11         -5.9     21.818     24.573
  12         -5.9     17.246     22.192
  13         -5.8     16.002     18.796
  14         -5.8     17.467     20.773
  15         -5.8     25.046     26.652
  16         -5.8     23.545     25.957
  17         -5.8     15.505     18.090
  18         -5.7      3.175      8.047
  19         -5.6     18.227     21.513
  20         -5.5     18.093     21.324
Writing output ... done.
