#################################################################
# If you used AutoDock Vina in your work, please cite:          #
#                                                               #
# O. Trott, A. J. Olson,                                        #
# AutoDock Vina: improving the speed and accuracy of docking    #
# with a new scoring function, efficient optimization and       #
# multithreading, Journal of Computational Chemistry 31 (2010)  #
# 455-461                                                       #
#                                                               #
# DOI 10.1002/jcc.21334                                         #
#                                                               #
# Please see http://vina.scripps.edu for more information.      #
#################################################################

WARNING: The search space volume > 27000 Angstrom^3 (See FAQ)
Reading input ... done.
Setting up the scoring function ... done.
Analyzing the binding site ... done.
Using random seed: 1278325075
Performing search ... done.
Refining results ... done.

mode |   affinity | dist from best mode
     | (kcal/mol) | rmsd l.b.| rmsd u.b.
-----+------------+----------+----------
   1         -7.2      0.000      0.000
   2         -6.9     16.321     19.897
   3         -6.8     15.552     20.232
   4         -6.8     16.019     19.115
   5         -6.8      1.492      3.247
   6         -6.7     16.061     19.522
   7         -6.7     16.330     19.943
   8         -6.4     14.699     17.205
   9         -6.4     17.202     20.888
  10         -6.4     14.791     17.335
  11         -6.3     17.921     21.984
  12         -6.3     16.091     20.105
  13         -6.2     19.700     22.843
  14         -6.2     14.699     17.228
  15         -6.1     16.810     20.144
  16         -6.0     19.901     24.204
  17         -6.0     17.180     21.748
  18         -6.0     15.101     18.008
  19         -6.0     16.944     19.782
  20         -6.0     16.182     20.391
Writing output ... done.
