#################################################################
# If you used AutoDock Vina in your work, please cite:          #
#                                                               #
# O. Trott, A. J. Olson,                                        #
# AutoDock Vina: improving the speed and accuracy of docking    #
# with a new scoring function, efficient optimization and       #
# multithreading, Journal of Computational Chemistry 31 (2010)  #
# 455-461                                                       #
#                                                               #
# DOI 10.1002/jcc.21334                                         #
#                                                               #
# Please see http://vina.scripps.edu for more information.      #
#################################################################

WARNING: The search space volume > 27000 Angstrom^3 (See FAQ)
Reading input ... done.
Setting up the scoring function ... done.
Analyzing the binding site ... done.
Using random seed: 1594303936
Performing search ... done.
Refining results ... done.

mode |   affinity | dist from best mode
     | (kcal/mol) | rmsd l.b.| rmsd u.b.
-----+------------+----------+----------
   1         -7.6      0.000      0.000
   2         -7.1      1.301      3.462
   3         -7.0      1.037      2.858
   4         -6.9      1.334      2.483
   5         -6.9      1.459      3.114
   6         -6.9     15.901     20.475
   7         -6.9     18.688     20.432
   8         -6.7      1.545      6.954
   9         -6.5     17.626     21.826
  10         -6.5      1.489      4.038
  11         -6.5      1.516      6.466
  12         -6.4      2.087      2.898
  13         -6.3     18.111     21.800
  14         -6.3      1.080      3.541
  15         -6.2      1.961      3.088
  16         -6.1      3.129      5.717
  17         -6.0     18.057     21.946
  18         -6.0      3.313      8.244
  19         -6.0     14.431     16.309
  20         -5.9     20.941     26.314
Writing output ... done.
