#################################################################
# If you used AutoDock Vina in your work, please cite:          #
#                                                               #
# O. Trott, A. J. Olson,                                        #
# AutoDock Vina: improving the speed and accuracy of docking    #
# with a new scoring function, efficient optimization and       #
# multithreading, Journal of Computational Chemistry 31 (2010)  #
# 455-461                                                       #
#                                                               #
# DOI 10.1002/jcc.21334                                         #
#                                                               #
# Please see http://vina.scripps.edu for more information.      #
#################################################################

WARNING: The search space volume > 27000 Angstrom^3 (See FAQ)
Reading input ... done.
Setting up the scoring function ... done.
Analyzing the binding site ... done.
Using random seed: 1071995250
Performing search ... done.
Refining results ... done.

mode |   affinity | dist from best mode
     | (kcal/mol) | rmsd l.b.| rmsd u.b.
-----+------------+----------+----------
   1         -6.9      0.000      0.000
   2         -6.9      1.859      3.208
   3         -6.9     18.640     22.308
   4         -6.8     33.770     36.717
   5         -6.6     20.111     23.927
   6         -6.5     33.713     37.872
   7         -6.4     20.215     24.310
   8         -6.4     33.736     37.956
   9         -6.3      1.412      2.078
  10         -6.1     21.033     24.241
  11         -6.1     18.920     22.188
  12         -6.1     11.905     15.200
  13         -6.1      1.884      2.871
  14         -6.0     21.639     25.510
  15         -6.0     22.772     24.200
  16         -5.9     20.003     23.833
  17         -5.8     18.742     21.976
  18         -5.8     35.470     38.638
  19         -5.8     11.285     14.814
  20         -5.8     19.480     22.682
Writing output ... done.
