#################################################################
# If you used AutoDock Vina in your work, please cite:          #
#                                                               #
# O. Trott, A. J. Olson,                                        #
# AutoDock Vina: improving the speed and accuracy of docking    #
# with a new scoring function, efficient optimization and       #
# multithreading, Journal of Computational Chemistry 31 (2010)  #
# 455-461                                                       #
#                                                               #
# DOI 10.1002/jcc.21334                                         #
#                                                               #
# Please see http://vina.scripps.edu for more information.      #
#################################################################

WARNING: The search space volume > 27000 Angstrom^3 (See FAQ)
Reading input ... done.
Setting up the scoring function ... done.
Analyzing the binding site ... done.
Using random seed: 968827978
Performing search ... done.
Refining results ... done.

mode |   affinity | dist from best mode
     | (kcal/mol) | rmsd l.b.| rmsd u.b.
-----+------------+----------+----------
   1         -7.2      0.000      0.000
   2         -6.9     22.676     25.008
   3         -6.9     22.411     25.449
   4         -6.6      1.744      6.520
   5         -6.6     22.666     26.901
   6         -6.6     23.132     27.412
   7         -6.6      0.998      1.449
   8         -6.4     27.654     31.322
   9         -6.4      1.432      3.385
  10         -6.3     23.686     27.655
  11         -6.2     24.068     28.578
  12         -6.2     25.526     29.204
  13         -6.1     23.446     26.417
  14         -6.1     25.137     29.001
  15         -6.0      1.610      6.252
  16         -6.0     27.799     31.508
  17         -6.0      1.823      7.139
  18         -6.0      1.578      2.480
  19         -6.0     11.848     13.281
  20         -6.0     28.433     31.500
Writing output ... done.
