#################################################################
# If you used AutoDock Vina in your work, please cite:          #
#                                                               #
# O. Trott, A. J. Olson,                                        #
# AutoDock Vina: improving the speed and accuracy of docking    #
# with a new scoring function, efficient optimization and       #
# multithreading, Journal of Computational Chemistry 31 (2010)  #
# 455-461                                                       #
#                                                               #
# DOI 10.1002/jcc.21334                                         #
#                                                               #
# Please see http://vina.scripps.edu for more information.      #
#################################################################

WARNING: The search space volume > 27000 Angstrom^3 (See FAQ)
Reading input ... done.
Setting up the scoring function ... done.
Analyzing the binding site ... done.
Using random seed: 551701315
Performing search ... done.
Refining results ... done.

mode |   affinity | dist from best mode
     | (kcal/mol) | rmsd l.b.| rmsd u.b.
-----+------------+----------+----------
   1         -6.8      0.000      0.000
   2         -6.6      2.361      7.462
   3         -6.6      0.646      2.078
   4         -6.3     18.748     21.766
   5         -6.3     26.073     28.983
   6         -6.3      1.007      3.373
   7         -6.3      2.339      6.799
   8         -6.2     26.936     30.277
   9         -6.1      3.263      5.308
  10         -6.1      1.958      7.451
  11         -6.0     22.217     26.168
  12         -6.0      3.210      4.951
  13         -6.0     14.996     20.596
  14         -6.0     22.034     25.890
  15         -6.0     13.744     17.769
  16         -5.9      3.174      7.611
  17         -5.8      2.919      4.698
  18         -5.8     25.722     27.889
  19         -5.8      2.709      4.479
  20         -5.8      2.426      3.632
Writing output ... done.
