#################################################################
# If you used AutoDock Vina in your work, please cite:          #
#                                                               #
# O. Trott, A. J. Olson,                                        #
# AutoDock Vina: improving the speed and accuracy of docking    #
# with a new scoring function, efficient optimization and       #
# multithreading, Journal of Computational Chemistry 31 (2010)  #
# 455-461                                                       #
#                                                               #
# DOI 10.1002/jcc.21334                                         #
#                                                               #
# Please see http://vina.scripps.edu for more information.      #
#################################################################

WARNING: The search space volume > 27000 Angstrom^3 (See FAQ)
Reading input ... done.
Setting up the scoring function ... done.
Analyzing the binding site ... done.
Using random seed: 762477216
Performing search ... done.
Refining results ... done.

mode |   affinity | dist from best mode
     | (kcal/mol) | rmsd l.b.| rmsd u.b.
-----+------------+----------+----------
   1         -7.0      0.000      0.000
   2         -6.9      1.087      3.450
   3         -6.5      1.406      2.176
   4         -6.4      2.814      7.637
   5         -6.3      1.399      3.482
   6         -6.2     22.380     25.103
   7         -6.1     25.679     27.870
   8         -6.0      2.249      4.650
   9         -6.0     23.874     27.060
  10         -6.0     23.633     26.346
  11         -6.0      2.087      3.409
  12         -6.0     23.772     26.842
  13         -5.9     25.427     27.461
  14         -5.9     23.923     27.139
  15         -5.9     26.198     28.130
  16         -5.9      2.624      7.398
  17         -5.8      2.304      4.399
  18         -5.7     26.200     28.653
  19         -5.7      2.264      5.660
  20         -5.7     11.393     14.895
Writing output ... done.
