#################################################################
# If you used AutoDock Vina in your work, please cite:          #
#                                                               #
# O. Trott, A. J. Olson,                                        #
# AutoDock Vina: improving the speed and accuracy of docking    #
# with a new scoring function, efficient optimization and       #
# multithreading, Journal of Computational Chemistry 31 (2010)  #
# 455-461                                                       #
#                                                               #
# DOI 10.1002/jcc.21334                                         #
#                                                               #
# Please see http://vina.scripps.edu for more information.      #
#################################################################

WARNING: The search space volume > 27000 Angstrom^3 (See FAQ)
Reading input ... done.
Setting up the scoring function ... done.
Analyzing the binding site ... done.
Using random seed: 1497595940
Performing search ... done.
Refining results ... done.

mode |   affinity | dist from best mode
     | (kcal/mol) | rmsd l.b.| rmsd u.b.
-----+------------+----------+----------
   1         -7.6      0.000      0.000
   2         -6.6      4.144      7.654
   3         -6.6      3.959      6.692
   4         -6.6      4.070      7.671
   5         -6.5     24.805     26.435
   6         -6.4      3.914      6.390
   7         -6.3     22.922     24.611
   8         -6.3     22.797     24.342
   9         -6.2     13.455     18.082
  10         -6.1     28.123     30.811
  11         -6.1      3.735      7.534
  12         -6.1     23.485     24.994
  13         -6.0     26.684     28.585
  14         -6.0      4.136      6.497
  15         -5.9      3.531      6.546
  16         -5.8     24.429     26.141
  17         -5.8     24.974     26.811
  18         -5.8     24.733     27.370
  19         -5.7     17.883     20.560
  20         -5.7     28.296     30.928
Writing output ... done.
