#################################################################
# If you used AutoDock Vina in your work, please cite:          #
#                                                               #
# O. Trott, A. J. Olson,                                        #
# AutoDock Vina: improving the speed and accuracy of docking    #
# with a new scoring function, efficient optimization and       #
# multithreading, Journal of Computational Chemistry 31 (2010)  #
# 455-461                                                       #
#                                                               #
# DOI 10.1002/jcc.21334                                         #
#                                                               #
# Please see http://vina.scripps.edu for more information.      #
#################################################################

WARNING: The search space volume > 27000 Angstrom^3 (See FAQ)
Reading input ... done.
Setting up the scoring function ... done.
Analyzing the binding site ... done.
Using random seed: 556169081
Performing search ... done.
Refining results ... done.

mode |   affinity | dist from best mode
     | (kcal/mol) | rmsd l.b.| rmsd u.b.
-----+------------+----------+----------
   1         -6.7      0.000      0.000
   2         -6.6      0.584      1.839
   3         -6.5      1.106      2.495
   4         -6.3      1.681      6.586
   5         -6.3      1.356      6.800
   6         -6.3      2.880      4.895
   7         -6.2      3.445      4.783
   8         -6.2     15.462     19.582
   9         -6.1     15.938     19.024
  10         -6.1     14.675     18.770
  11         -6.1      2.339      4.186
  12         -6.0      1.556      3.743
  13         -5.9      3.322      5.440
  14         -5.8      1.938      2.796
  15         -5.7     14.316     18.499
  16         -5.7      2.113      7.001
  17         -5.7     24.818     27.715
  18         -5.7     25.892     28.342
  19         -5.6     22.455     25.555
  20         -5.6      1.955      3.807
Writing output ... done.
