#################################################################
# If you used AutoDock Vina in your work, please cite:          #
#                                                               #
# O. Trott, A. J. Olson,                                        #
# AutoDock Vina: improving the speed and accuracy of docking    #
# with a new scoring function, efficient optimization and       #
# multithreading, Journal of Computational Chemistry 31 (2010)  #
# 455-461                                                       #
#                                                               #
# DOI 10.1002/jcc.21334                                         #
#                                                               #
# Please see http://vina.scripps.edu for more information.      #
#################################################################

WARNING: The search space volume > 27000 Angstrom^3 (See FAQ)
Reading input ... done.
Setting up the scoring function ... done.
Analyzing the binding site ... done.
Using random seed: 1291292593
Performing search ... done.
Refining results ... done.

mode |   affinity | dist from best mode
     | (kcal/mol) | rmsd l.b.| rmsd u.b.
-----+------------+----------+----------
   1         -7.3      0.000      0.000
   2         -7.2     18.520     21.564
   3         -7.0      0.925      3.413
   4         -6.9      0.485      1.941
   5         -6.8      1.295      2.920
   6         -6.3      3.046      6.020
   7         -6.2      3.322      5.731
   8         -6.2     20.492     23.391
   9         -6.1      5.693      7.380
  10         -6.1      5.657      7.341
  11         -6.0     20.464     23.441
  12         -6.0     29.456     32.378
  13         -5.9     30.596     32.742
  14         -5.9     17.654     20.736
  15         -5.8     17.683     20.710
  16         -5.8     31.469     35.200
  17         -5.7     20.500     23.389
  18         -5.7      2.205      6.925
  19         -5.7      4.397      5.483
  20         -5.7     16.968     19.916
Writing output ... done.
