#################################################################
# If you used AutoDock Vina in your work, please cite:          #
#                                                               #
# O. Trott, A. J. Olson,                                        #
# AutoDock Vina: improving the speed and accuracy of docking    #
# with a new scoring function, efficient optimization and       #
# multithreading, Journal of Computational Chemistry 31 (2010)  #
# 455-461                                                       #
#                                                               #
# DOI 10.1002/jcc.21334                                         #
#                                                               #
# Please see http://vina.scripps.edu for more information.      #
#################################################################

WARNING: The search space volume > 27000 Angstrom^3 (See FAQ)
Reading input ... done.
Setting up the scoring function ... done.
Analyzing the binding site ... done.
Using random seed: 888816268
Performing search ... done.
Refining results ... done.

mode |   affinity | dist from best mode
     | (kcal/mol) | rmsd l.b.| rmsd u.b.
-----+------------+----------+----------
   1         -7.4      0.000      0.000
   2         -7.2     16.814     19.631
   3         -7.0      1.049      3.336
   4         -6.9     16.412     19.626
   5         -6.9     17.161     19.407
   6         -6.9     17.631     19.892
   7         -6.9     16.848     19.439
   8         -6.7      2.690      7.439
   9         -6.7      1.624      6.434
  10         -6.6     17.516     20.720
  11         -6.3      2.482      4.503
  12         -6.2     15.259     19.888
  13         -6.2      2.842      5.087
  14         -6.2      3.566      5.831
  15         -6.1      2.758      7.636
  16         -6.1      2.517      7.354
  17         -6.1     15.628     19.138
  18         -6.1      3.488      7.471
  19         -5.9      3.151      5.325
  20         -5.8      3.685      8.067
Writing output ... done.
