#################################################################
# If you used AutoDock Vina in your work, please cite:          #
#                                                               #
# O. Trott, A. J. Olson,                                        #
# AutoDock Vina: improving the speed and accuracy of docking    #
# with a new scoring function, efficient optimization and       #
# multithreading, Journal of Computational Chemistry 31 (2010)  #
# 455-461                                                       #
#                                                               #
# DOI 10.1002/jcc.21334                                         #
#                                                               #
# Please see http://vina.scripps.edu for more information.      #
#################################################################

WARNING: The search space volume > 27000 Angstrom^3 (See FAQ)
Reading input ... done.
Setting up the scoring function ... done.
Analyzing the binding site ... done.
Using random seed: -2041056447
Performing search ... done.
Refining results ... done.

mode |   affinity | dist from best mode
     | (kcal/mol) | rmsd l.b.| rmsd u.b.
-----+------------+----------+----------
   1         -6.9      0.000      0.000
   2         -6.8      0.803      3.452
   3         -6.8     17.012     19.852
   4         -6.7     20.484     23.645
   5         -6.5      1.079      2.937
   6         -6.4     20.244     23.405
   7         -6.3     28.752     31.986
   8         -6.3      5.434      7.687
   9         -6.2     28.764     32.886
  10         -6.2     28.729     32.165
  11         -6.2     16.023     18.508
  12         -6.2     15.239     18.122
  13         -6.1     28.562     32.791
  14         -6.0     19.302     22.156
  15         -6.0     28.802     32.653
  16         -5.9     28.944     31.721
  17         -5.8     28.812     32.797
  18         -5.8     30.846     34.425
  19         -5.8      0.773      2.134
  20         -5.7      4.246      5.641
Writing output ... done.
