#################################################################
# If you used AutoDock Vina in your work, please cite:          #
#                                                               #
# O. Trott, A. J. Olson,                                        #
# AutoDock Vina: improving the speed and accuracy of docking    #
# with a new scoring function, efficient optimization and       #
# multithreading, Journal of Computational Chemistry 31 (2010)  #
# 455-461                                                       #
#                                                               #
# DOI 10.1002/jcc.21334                                         #
#                                                               #
# Please see http://vina.scripps.edu for more information.      #
#################################################################

WARNING: The search space volume > 27000 Angstrom^3 (See FAQ)
Reading input ... done.
Setting up the scoring function ... done.
Analyzing the binding site ... done.
Using random seed: 1731648312
Performing search ... done.
Refining results ... done.

mode |   affinity | dist from best mode
     | (kcal/mol) | rmsd l.b.| rmsd u.b.
-----+------------+----------+----------
   1         -7.2      0.000      0.000
   2         -6.7     15.580     18.840
   3         -6.5      1.651      3.974
   4         -6.5     23.993     27.033
   5         -6.4     24.321     27.375
   6         -6.4     15.900     19.245
   7         -6.3     16.269     19.423
   8         -6.3      2.174      3.747
   9         -6.3     15.362     18.659
  10         -6.3     24.950     27.950
  11         -6.3     14.664     16.557
  12         -6.2     16.285     19.429
  13         -6.2     24.610     27.581
  14         -6.1     15.994     19.244
  15         -6.1     14.966     16.844
  16         -6.1      3.260      7.272
  17         -6.0     23.501     26.209
  18         -5.9     25.593     28.549
  19         -5.9     16.693     19.082
  20         -5.8     16.451     19.642
Writing output ... done.
