#################################################################
# If you used AutoDock Vina in your work, please cite:          #
#                                                               #
# O. Trott, A. J. Olson,                                        #
# AutoDock Vina: improving the speed and accuracy of docking    #
# with a new scoring function, efficient optimization and       #
# multithreading, Journal of Computational Chemistry 31 (2010)  #
# 455-461                                                       #
#                                                               #
# DOI 10.1002/jcc.21334                                         #
#                                                               #
# Please see http://vina.scripps.edu for more information.      #
#################################################################

WARNING: The search space volume > 27000 Angstrom^3 (See FAQ)
Reading input ... done.
Setting up the scoring function ... done.
Analyzing the binding site ... done.
Using random seed: -857264032
Performing search ... done.
Refining results ... done.

mode |   affinity | dist from best mode
     | (kcal/mol) | rmsd l.b.| rmsd u.b.
-----+------------+----------+----------
   1         -7.2      0.000      0.000
   2         -6.9     18.752     21.171
   3         -6.9     17.108     21.040
   4         -6.8      1.930      7.192
   5         -6.7     16.285     20.264
   6         -6.7     15.870     19.787
   7         -6.6     19.545     22.763
   8         -6.6      4.253      6.332
   9         -6.6     22.842     27.925
  10         -6.5      2.668      7.942
  11         -6.5     17.050     20.959
  12         -6.5     16.796     20.078
  13         -6.5      1.820      7.368
  14         -6.5     22.805     27.885
  15         -6.4      3.622      6.015
  16         -6.4     22.771     28.422
  17         -6.4     18.038     20.250
  18         -6.4     22.483     26.606
  19         -6.3      0.793      2.041
  20         -6.3     23.048     26.351
Writing output ... done.
