#################################################################
# If you used AutoDock Vina in your work, please cite:          #
#                                                               #
# O. Trott, A. J. Olson,                                        #
# AutoDock Vina: improving the speed and accuracy of docking    #
# with a new scoring function, efficient optimization and       #
# multithreading, Journal of Computational Chemistry 31 (2010)  #
# 455-461                                                       #
#                                                               #
# DOI 10.1002/jcc.21334                                         #
#                                                               #
# Please see http://vina.scripps.edu for more information.      #
#################################################################

WARNING: The search space volume > 27000 Angstrom^3 (See FAQ)
Reading input ... done.
Setting up the scoring function ... done.
Analyzing the binding site ... done.
Using random seed: 606841830
Performing search ... done.
Refining results ... done.

mode |   affinity | dist from best mode
     | (kcal/mol) | rmsd l.b.| rmsd u.b.
-----+------------+----------+----------
   1         -7.2      0.000      0.000
   2         -6.6     26.470     29.541
   3         -6.6      2.341      7.741
   4         -6.4     16.207     21.956
   5         -6.3      2.528      7.485
   6         -6.2     24.160     27.431
   7         -6.2     17.930     21.529
   8         -6.2      3.070      5.340
   9         -6.2      3.225      5.095
  10         -6.1      2.129      6.079
  11         -6.0     17.129     21.146
  12         -5.9     14.606     17.443
  13         -5.9      1.926      6.606
  14         -5.9     24.626     26.420
  15         -5.9      3.190      7.650
  16         -5.9      3.439      5.059
  17         -5.9      2.005      4.450
  18         -5.8     26.861     29.980
  19         -5.8      2.080      4.116
  20         -5.7     18.143     21.735
Writing output ... done.
