#################################################################
# If you used AutoDock Vina in your work, please cite:          #
#                                                               #
# O. Trott, A. J. Olson,                                        #
# AutoDock Vina: improving the speed and accuracy of docking    #
# with a new scoring function, efficient optimization and       #
# multithreading, Journal of Computational Chemistry 31 (2010)  #
# 455-461                                                       #
#                                                               #
# DOI 10.1002/jcc.21334                                         #
#                                                               #
# Please see http://vina.scripps.edu for more information.      #
#################################################################

WARNING: The search space volume > 27000 Angstrom^3 (See FAQ)
Reading input ... done.
Setting up the scoring function ... done.
Analyzing the binding site ... done.
Using random seed: -648491746
Performing search ... done.
Refining results ... done.

mode |   affinity | dist from best mode
     | (kcal/mol) | rmsd l.b.| rmsd u.b.
-----+------------+----------+----------
   1         -7.3      0.000      0.000
   2         -7.3      1.106      3.331
   3         -6.9      1.373      3.059
   4         -6.7     20.672     23.058
   5         -6.6      1.449      2.242
   6         -6.5      1.627      4.072
   7         -6.5      4.667      6.107
   8         -6.4      4.695      6.751
   9         -6.3      1.206      2.335
  10         -6.3     20.528     23.021
  11         -6.2      4.706      6.672
  12         -6.2     26.658     31.193
  13         -6.2      2.407      7.404
  14         -6.2     19.151     21.129
  15         -6.1     30.467     33.087
  16         -6.1     17.174     19.925
  17         -6.0     17.683     20.315
  18         -5.9      3.815      6.478
  19         -5.9     30.008     32.882
  20         -5.7      4.093      6.616
Writing output ... done.
