#################################################################
# If you used AutoDock Vina in your work, please cite:          #
#                                                               #
# O. Trott, A. J. Olson,                                        #
# AutoDock Vina: improving the speed and accuracy of docking    #
# with a new scoring function, efficient optimization and       #
# multithreading, Journal of Computational Chemistry 31 (2010)  #
# 455-461                                                       #
#                                                               #
# DOI 10.1002/jcc.21334                                         #
#                                                               #
# Please see http://vina.scripps.edu for more information.      #
#################################################################

WARNING: The search space volume > 27000 Angstrom^3 (See FAQ)
Reading input ... done.
Setting up the scoring function ... done.
Analyzing the binding site ... done.
Using random seed: 924969344
Performing search ... done.
Refining results ... done.

mode |   affinity | dist from best mode
     | (kcal/mol) | rmsd l.b.| rmsd u.b.
-----+------------+----------+----------
   1         -7.9      0.000      0.000
   2         -7.5      1.363      2.651
   3         -7.5      1.746      6.831
   4         -7.1      1.024      2.187
   5         -7.1      1.297      3.626
   6         -6.9      2.966      7.888
   7         -6.8     17.400     20.296
   8         -6.7      2.778      5.287
   9         -6.6      2.269      3.416
  10         -6.6     17.923     20.276
  11         -6.6      2.799      5.043
  12         -6.6     17.601     20.890
  13         -6.5     17.465     20.895
  14         -6.4      3.501      8.511
  15         -6.4     18.328     20.922
  16         -6.3      2.396      6.475
  17         -6.3     16.763     20.530
  18         -6.1      4.024      4.838
  19         -6.0     16.170     19.953
  20         -6.0     16.438     20.337
Writing output ... done.
