#################################################################
# If you used AutoDock Vina in your work, please cite:          #
#                                                               #
# O. Trott, A. J. Olson,                                        #
# AutoDock Vina: improving the speed and accuracy of docking    #
# with a new scoring function, efficient optimization and       #
# multithreading, Journal of Computational Chemistry 31 (2010)  #
# 455-461                                                       #
#                                                               #
# DOI 10.1002/jcc.21334                                         #
#                                                               #
# Please see http://vina.scripps.edu for more information.      #
#################################################################

WARNING: The search space volume > 27000 Angstrom^3 (See FAQ)
Reading input ... done.
Setting up the scoring function ... done.
Analyzing the binding site ... done.
Using random seed: -1482587638
Performing search ... done.
Refining results ... done.

mode |   affinity | dist from best mode
     | (kcal/mol) | rmsd l.b.| rmsd u.b.
-----+------------+----------+----------
   1         -7.0      0.000      0.000
   2         -6.7      1.668      3.753
   3         -6.6     17.482     20.693
   4         -6.5     20.758     25.169
   5         -6.5     17.646     20.560
   6         -6.4     16.404     20.017
   7         -6.3     17.154     20.730
   8         -6.3      2.186      7.566
   9         -6.3     17.069     20.985
  10         -6.2     17.035     20.263
  11         -6.2     21.008     24.965
  12         -6.2     17.815     20.516
  13         -6.1     20.898     24.825
  14         -6.1     21.048     24.486
  15         -6.1     15.333     17.192
  16         -6.1      1.514      3.581
  17         -6.1     21.415     25.493
  18         -6.0     20.881     24.994
  19         -6.0     16.850     19.050
  20         -5.8     16.626     20.578
Writing output ... done.
