#################################################################
# If you used AutoDock Vina in your work, please cite:          #
#                                                               #
# O. Trott, A. J. Olson,                                        #
# AutoDock Vina: improving the speed and accuracy of docking    #
# with a new scoring function, efficient optimization and       #
# multithreading, Journal of Computational Chemistry 31 (2010)  #
# 455-461                                                       #
#                                                               #
# DOI 10.1002/jcc.21334                                         #
#                                                               #
# Please see http://vina.scripps.edu for more information.      #
#################################################################

WARNING: The search space volume > 27000 Angstrom^3 (See FAQ)
Reading input ... done.
Setting up the scoring function ... done.
Analyzing the binding site ... done.
Using random seed: -747403178
Performing search ... done.
Refining results ... done.

mode |   affinity | dist from best mode
     | (kcal/mol) | rmsd l.b.| rmsd u.b.
-----+------------+----------+----------
   1         -7.0      0.000      0.000
   2         -6.9     17.181     19.998
   3         -6.9      0.302      1.753
   4         -6.9      1.538      6.595
   5         -6.8     17.295     20.081
   6         -6.8     27.506     30.166
   7         -6.7     20.507     23.003
   8         -6.7     20.403     22.921
   9         -6.6     26.479     29.955
  10         -6.6     18.703     21.526
  11         -6.6     25.952     28.860
  12         -6.5     19.939     22.641
  13         -6.4     19.627     22.162
  14         -6.4      2.131      3.411
  15         -6.4     27.260     31.497
  16         -6.3     27.451     30.870
  17         -6.1      2.180      6.979
  18         -6.1      2.048      6.730
  19         -6.1      1.265      3.527
  20         -6.1     27.901     29.591
Writing output ... done.
