#################################################################
# If you used AutoDock Vina in your work, please cite:          #
#                                                               #
# O. Trott, A. J. Olson,                                        #
# AutoDock Vina: improving the speed and accuracy of docking    #
# with a new scoring function, efficient optimization and       #
# multithreading, Journal of Computational Chemistry 31 (2010)  #
# 455-461                                                       #
#                                                               #
# DOI 10.1002/jcc.21334                                         #
#                                                               #
# Please see http://vina.scripps.edu for more information.      #
#################################################################

WARNING: The search space volume > 27000 Angstrom^3 (See FAQ)
Reading input ... done.
Setting up the scoring function ... done.
Analyzing the binding site ... done.
Using random seed: -1688768572
Performing search ... done.
Refining results ... done.

mode |   affinity | dist from best mode
     | (kcal/mol) | rmsd l.b.| rmsd u.b.
-----+------------+----------+----------
   1         -7.5      0.000      0.000
   2         -7.1      1.330      3.762
   3         -7.0     17.146     19.735
   4         -6.8     27.026     29.163
   5         -6.8     18.037     20.109
   6         -6.7     17.376     19.669
   7         -6.5     18.407     20.913
   8         -6.5     26.250     28.818
   9         -6.5     18.093     20.442
  10         -6.4     19.722     22.169
  11         -6.4     18.324     20.403
  12         -6.3     22.798     26.807
  13         -6.3     27.390     30.612
  14         -6.3     23.761     27.274
  15         -6.2     17.835     20.565
  16         -6.1      5.241      7.300
  17         -6.1     16.619     19.201
  18         -6.1     23.584     28.442
  19         -6.1     26.977     29.457
  20         -6.0     39.191     43.014
Writing output ... done.
