#################################################################
# If you used AutoDock Vina in your work, please cite:          #
#                                                               #
# O. Trott, A. J. Olson,                                        #
# AutoDock Vina: improving the speed and accuracy of docking    #
# with a new scoring function, efficient optimization and       #
# multithreading, Journal of Computational Chemistry 31 (2010)  #
# 455-461                                                       #
#                                                               #
# DOI 10.1002/jcc.21334                                         #
#                                                               #
# Please see http://vina.scripps.edu for more information.      #
#################################################################

WARNING: The search space volume > 27000 Angstrom^3 (See FAQ)
Reading input ... done.
Setting up the scoring function ... done.
Analyzing the binding site ... done.
Using random seed: -953566522
Performing search ... done.
Refining results ... done.

mode |   affinity | dist from best mode
     | (kcal/mol) | rmsd l.b.| rmsd u.b.
-----+------------+----------+----------
   1         -7.4      0.000      0.000
   2         -7.0      0.869      3.442
   3         -6.9     16.866     20.171
   4         -6.8     16.451     20.405
   5         -6.7     16.952     20.579
   6         -6.7     16.063     20.167
   7         -6.6     15.793     19.983
   8         -6.5     18.401     21.856
   9         -6.4     16.941     20.589
  10         -6.3     30.410     35.297
  11         -6.2     28.350     30.806
  12         -6.1     28.621     30.861
  13         -6.0     15.746     19.414
  14         -6.0     18.044     21.735
  15         -6.0     19.471     23.282
  16         -6.0     18.760     22.348
  17         -6.0     28.916     33.768
  18         -5.9     28.646     31.791
  19         -5.9     28.926     31.982
  20         -5.9     19.465     23.078
Writing output ... done.
