#################################################################
# If you used AutoDock Vina in your work, please cite:          #
#                                                               #
# O. Trott, A. J. Olson,                                        #
# AutoDock Vina: improving the speed and accuracy of docking    #
# with a new scoring function, efficient optimization and       #
# multithreading, Journal of Computational Chemistry 31 (2010)  #
# 455-461                                                       #
#                                                               #
# DOI 10.1002/jcc.21334                                         #
#                                                               #
# Please see http://vina.scripps.edu for more information.      #
#################################################################

WARNING: The search space volume > 27000 Angstrom^3 (See FAQ)
Reading input ... done.
Setting up the scoring function ... done.
Analyzing the binding site ... done.
Using random seed: -1894927920
Performing search ... done.
Refining results ... done.

mode |   affinity | dist from best mode
     | (kcal/mol) | rmsd l.b.| rmsd u.b.
-----+------------+----------+----------
   1         -7.0      0.000      0.000
   2         -6.5     17.546     21.244
   3         -6.4      3.176      6.609
   4         -6.4      3.247      5.616
   5         -6.4     17.588     21.276
   6         -6.3     21.103     26.823
   7         -6.3      2.093      6.357
   8         -6.2      3.294      5.148
   9         -6.1      3.597      5.806
  10         -6.1     21.332     25.937
  11         -6.1     21.172     26.966
  12         -6.0     20.961     26.663
  13         -6.0      2.993      4.967
  14         -6.0      3.556      5.121
  15         -6.0      1.800      6.712
  16         -5.9      2.217      5.998
  17         -5.9     17.966     20.501
  18         -5.8      3.292      5.777
  19         -5.8     18.021     20.399
  20         -5.8     13.998     16.743
Writing output ... done.
