#################################################################
# If you used AutoDock Vina in your work, please cite:          #
#                                                               #
# O. Trott, A. J. Olson,                                        #
# AutoDock Vina: improving the speed and accuracy of docking    #
# with a new scoring function, efficient optimization and       #
# multithreading, Journal of Computational Chemistry 31 (2010)  #
# 455-461                                                       #
#                                                               #
# DOI 10.1002/jcc.21334                                         #
#                                                               #
# Please see http://vina.scripps.edu for more information.      #
#################################################################

WARNING: The search space volume > 27000 Angstrom^3 (See FAQ)
Reading input ... done.
Setting up the scoring function ... done.
Analyzing the binding site ... done.
Using random seed: 1343557248
Performing search ... done.
Refining results ... done.

mode |   affinity | dist from best mode
     | (kcal/mol) | rmsd l.b.| rmsd u.b.
-----+------------+----------+----------
   1         -8.1      0.000      0.000
   2         -7.6      0.542      1.871
   3         -7.5      2.054      6.835
   4         -7.4      2.119      6.850
   5         -7.3      1.166      3.062
   6         -7.3      1.228      3.474
   7         -7.1      2.822      5.032
   8         -7.1      2.165      6.937
   9         -7.0      2.027      6.847
  10         -7.0      2.194      6.957
  11         -6.8      1.602      3.825
  12         -6.7     18.524     21.212
  13         -6.7     21.542     25.509
  14         -6.7     19.402     21.041
  15         -6.7      2.165      7.239
  16         -6.7     15.541     18.482
  17         -6.7      2.143      7.399
  18         -6.6     16.109     20.124
  19         -6.6     21.985     25.817
  20         -6.5     16.441     18.312
Writing output ... done.
