#################################################################
# If you used AutoDock Vina in your work, please cite:          #
#                                                               #
# O. Trott, A. J. Olson,                                        #
# AutoDock Vina: improving the speed and accuracy of docking    #
# with a new scoring function, efficient optimization and       #
# multithreading, Journal of Computational Chemistry 31 (2010)  #
# 455-461                                                       #
#                                                               #
# DOI 10.1002/jcc.21334                                         #
#                                                               #
# Please see http://vina.scripps.edu for more information.      #
#################################################################

WARNING: The search space volume > 27000 Angstrom^3 (See FAQ)
Reading input ... done.
Setting up the scoring function ... done.
Analyzing the binding site ... done.
Using random seed: -1159746710
Performing search ... done.
Refining results ... done.

mode |   affinity | dist from best mode
     | (kcal/mol) | rmsd l.b.| rmsd u.b.
-----+------------+----------+----------
   1         -7.5      0.000      0.000
   2         -7.4      0.990      3.241
   3         -7.3     18.067     20.348
   4         -7.2      0.422      1.925
   5         -7.0      1.468      3.096
   6         -7.0     21.213     23.440
   7         -6.8     20.135     22.590
   8         -6.8     20.636     23.086
   9         -6.8     18.113     20.398
  10         -6.8     17.352     19.638
  11         -6.7     18.510     20.841
  12         -6.6      4.187      5.764
  13         -6.6      4.268      6.833
  14         -6.5     19.636     22.008
  15         -6.5     20.728     23.461
  16         -6.4     19.500     21.894
  17         -6.3     17.641     20.470
  18         -6.3     17.733     20.665
  19         -6.2     27.274     30.238
  20         -6.1      1.202      3.147
Writing output ... done.
