#################################################################
# If you used AutoDock Vina in your work, please cite:          #
#                                                               #
# O. Trott, A. J. Olson,                                        #
# AutoDock Vina: improving the speed and accuracy of docking    #
# with a new scoring function, efficient optimization and       #
# multithreading, Journal of Computational Chemistry 31 (2010)  #
# 455-461                                                       #
#                                                               #
# DOI 10.1002/jcc.21334                                         #
#                                                               #
# Please see http://vina.scripps.edu for more information.      #
#################################################################

WARNING: The search space volume > 27000 Angstrom^3 (See FAQ)
Reading input ... done.
Setting up the scoring function ... done.
Analyzing the binding site ... done.
Using random seed: 1879905794
Performing search ... done.
Refining results ... done.

mode |   affinity | dist from best mode
     | (kcal/mol) | rmsd l.b.| rmsd u.b.
-----+------------+----------+----------
   1         -7.2      0.000      0.000
   2         -7.1      0.985      3.406
   3         -6.9      0.751      1.988
   4         -6.8     14.877     17.865
   5         -6.7     14.457     17.537
   6         -6.7     17.135     19.771
   7         -6.6     17.133     18.988
   8         -6.6      3.490      6.328
   9         -6.6      3.197      4.708
  10         -6.5     18.040     20.201
  11         -6.5     14.521     17.625
  12         -6.4      1.784      4.085
  13         -6.3      2.545      5.011
  14         -6.3     17.094     19.739
  15         -6.1      3.541      6.821
  16         -6.0      2.699      7.091
  17         -5.9     18.153     20.847
  18         -5.8     30.488     32.075
  19         -5.8     16.531     18.811
  20         -5.8     18.302     20.719
Writing output ... done.
