#################################################################
# If you used AutoDock Vina in your work, please cite:          #
#                                                               #
# O. Trott, A. J. Olson,                                        #
# AutoDock Vina: improving the speed and accuracy of docking    #
# with a new scoring function, efficient optimization and       #
# multithreading, Journal of Computational Chemistry 31 (2010)  #
# 455-461                                                       #
#                                                               #
# DOI 10.1002/jcc.21334                                         #
#                                                               #
# Please see http://vina.scripps.edu for more information.      #
#################################################################

WARNING: The search space volume > 27000 Angstrom^3 (See FAQ)
Reading input ... done.
Setting up the scoring function ... done.
Analyzing the binding site ... done.
Using random seed: 1357666402
Performing search ... done.
Refining results ... done.

mode |   affinity | dist from best mode
     | (kcal/mol) | rmsd l.b.| rmsd u.b.
-----+------------+----------+----------
   1         -7.5      0.000      0.000
   2         -7.3     16.146     18.593
   3         -7.3      1.787      3.493
   4         -7.2     17.434     20.276
   5         -7.0     25.545     28.844
   6         -7.0     25.456     28.724
   7         -6.8     17.015     19.853
   8         -6.8      2.494      4.885
   9         -6.7     24.464     27.768
  10         -6.7     25.504     29.197
  11         -6.6      2.549      4.107
  12         -6.6     19.180     22.710
  13         -6.5      2.518      7.087
  14         -6.5     17.856     20.661
  15         -6.4     26.100     29.848
  16         -6.4     25.655     28.744
  17         -6.4     26.697     29.693
  18         -6.3      2.455      6.843
  19         -6.3     17.619     20.424
  20         -6.2     25.412     28.105
Writing output ... done.
