#################################################################
# If you used AutoDock Vina in your work, please cite:          #
#                                                               #
# O. Trott, A. J. Olson,                                        #
# AutoDock Vina: improving the speed and accuracy of docking    #
# with a new scoring function, efficient optimization and       #
# multithreading, Journal of Computational Chemistry 31 (2010)  #
# 455-461                                                       #
#                                                               #
# DOI 10.1002/jcc.21334                                         #
#                                                               #
# Please see http://vina.scripps.edu for more information.      #
#################################################################

WARNING: The search space volume > 27000 Angstrom^3 (See FAQ)
Reading input ... done.
Setting up the scoring function ... done.
Analyzing the binding site ... done.
Using random seed: 102343053
Performing search ... done.
Refining results ... done.

mode |   affinity | dist from best mode
     | (kcal/mol) | rmsd l.b.| rmsd u.b.
-----+------------+----------+----------
   1         -7.5      0.000      0.000
   2         -7.3      4.038      7.032
   3         -7.3      4.138      6.498
   4         -7.3     16.550     19.053
   5         -7.2     18.053     20.644
   6         -7.2      1.063      3.269
   7         -7.1      2.190      3.045
   8         -7.1     18.102     20.538
   9         -7.0      0.482      1.968
  10         -6.6      2.407      3.966
  11         -6.5      1.657      3.182
  12         -6.5      4.147      6.465
  13         -6.5     18.374     21.505
  14         -6.4     16.633     20.629
  15         -6.3     16.850     19.807
  16         -6.3      2.124      6.435
  17         -6.2      2.609      7.670
  18         -6.2      2.717      7.529
  19         -6.1     14.039     16.800
  20         -6.1      3.426      5.798
Writing output ... done.
