#################################################################
# If you used AutoDock Vina in your work, please cite:          #
#                                                               #
# O. Trott, A. J. Olson,                                        #
# AutoDock Vina: improving the speed and accuracy of docking    #
# with a new scoring function, efficient optimization and       #
# multithreading, Journal of Computational Chemistry 31 (2010)  #
# 455-461                                                       #
#                                                               #
# DOI 10.1002/jcc.21334                                         #
#                                                               #
# Please see http://vina.scripps.edu for more information.      #
#################################################################

WARNING: The search space volume > 27000 Angstrom^3 (See FAQ)
Reading input ... done.
Setting up the scoring function ... done.
Analyzing the binding site ... done.
Using random seed: 734481770
Performing search ... done.
Refining results ... done.

mode |   affinity | dist from best mode
     | (kcal/mol) | rmsd l.b.| rmsd u.b.
-----+------------+----------+----------
   1         -7.4      0.000      0.000
   2         -7.3      1.331      1.795
   3         -7.2      1.271      2.384
   4         -7.2      1.402      3.524
   5         -6.8      1.517      3.471
   6         -6.7      1.659      2.662
   7         -6.6      3.090      8.093
   8         -6.3      2.866      5.468
   9         -6.2     14.057     16.786
  10         -6.1      3.017      5.266
  11         -6.0     14.836     17.432
  12         -6.0     14.559     17.250
  13         -6.0      3.424      8.428
  14         -5.9      4.361      5.243
  15         -5.9      3.267      6.940
  16         -5.9     22.480     26.436
  17         -5.9      4.079      5.228
  18         -5.8      3.188      8.070
  19         -5.7      2.662      7.289
  20         -5.6      2.462      6.278
Writing output ... done.
