#################################################################
# If you used AutoDock Vina in your work, please cite:          #
#                                                               #
# O. Trott, A. J. Olson,                                        #
# AutoDock Vina: improving the speed and accuracy of docking    #
# with a new scoring function, efficient optimization and       #
# multithreading, Journal of Computational Chemistry 31 (2010)  #
# 455-461                                                       #
#                                                               #
# DOI 10.1002/jcc.21334                                         #
#                                                               #
# Please see http://vina.scripps.edu for more information.      #
#################################################################

WARNING: The search space volume > 27000 Angstrom^3 (See FAQ)
Reading input ... done.
Setting up the scoring function ... done.
Analyzing the binding site ... done.
Using random seed: 947461570
Performing search ... done.
Refining results ... done.

mode |   affinity | dist from best mode
     | (kcal/mol) | rmsd l.b.| rmsd u.b.
-----+------------+----------+----------
   1         -7.3      0.000      0.000
   2         -7.3      1.745      2.343
   3         -7.2      1.211      3.336
   4         -6.8      1.369      2.937
   5         -6.5     16.469     20.350
   6         -6.4      1.661      6.879
   7         -6.3      2.435      7.636
   8         -6.2      2.597      7.808
   9         -6.2      2.507      7.537
  10         -6.2      4.235      8.591
  11         -6.1      4.228      8.546
  12         -6.1      3.316      6.011
  13         -6.1      2.577      4.490
  14         -6.1      4.005      8.304
  15         -5.8      2.969      7.680
  16         -5.7     16.310     19.651
  17         -5.7     25.163     27.790
  18         -5.6     12.113     15.815
  19         -5.6      2.685      5.342
  20         -5.4      3.482      6.878
Writing output ... done.
