#################################################################
# If you used AutoDock Vina in your work, please cite:          #
#                                                               #
# O. Trott, A. J. Olson,                                        #
# AutoDock Vina: improving the speed and accuracy of docking    #
# with a new scoring function, efficient optimization and       #
# multithreading, Journal of Computational Chemistry 31 (2010)  #
# 455-461                                                       #
#                                                               #
# DOI 10.1002/jcc.21334                                         #
#                                                               #
# Please see http://vina.scripps.edu for more information.      #
#################################################################

WARNING: The search space volume > 27000 Angstrom^3 (See FAQ)
Reading input ... done.
Setting up the scoring function ... done.
Analyzing the binding site ... done.
Using random seed: -1040922249
Performing search ... done.
Refining results ... done.

mode |   affinity | dist from best mode
     | (kcal/mol) | rmsd l.b.| rmsd u.b.
-----+------------+----------+----------
   1         -7.3      0.000      0.000
   2         -7.1      3.172      4.504
   3         -7.1      1.301      2.187
   4         -6.9      3.147      6.020
   5         -6.9      2.979      6.040
   6         -6.8     16.194     19.773
   7         -6.8      1.882      5.536
   8         -6.7      4.378      6.001
   9         -6.7      3.179      6.227
  10         -6.6      3.093      5.963
  11         -6.5     18.017     20.811
  12         -6.3     20.370     23.148
  13         -6.3      3.005      5.938
  14         -6.2     13.117     17.138
  15         -6.2     20.398     23.124
  16         -6.1     12.971     17.099
  17         -6.1      2.239      4.906
  18         -6.1      4.424      6.083
  19         -6.0      2.160      2.678
  20         -5.9      4.178      5.795
Writing output ... done.
