#################################################################
# If you used AutoDock Vina in your work, please cite:          #
#                                                               #
# O. Trott, A. J. Olson,                                        #
# AutoDock Vina: improving the speed and accuracy of docking    #
# with a new scoring function, efficient optimization and       #
# multithreading, Journal of Computational Chemistry 31 (2010)  #
# 455-461                                                       #
#                                                               #
# DOI 10.1002/jcc.21334                                         #
#                                                               #
# Please see http://vina.scripps.edu for more information.      #
#################################################################

WARNING: The search space volume > 27000 Angstrom^3 (See FAQ)
Reading input ... done.
Setting up the scoring function ... done.
Analyzing the binding site ... done.
Using random seed: -724835520
Performing search ... done.
Refining results ... done.

mode |   affinity | dist from best mode
     | (kcal/mol) | rmsd l.b.| rmsd u.b.
-----+------------+----------+----------
   1         -7.3      0.000      0.000
   2         -7.3      1.792      4.010
   3         -7.2      1.877      7.041
   4         -7.1     17.727     20.854
   5         -6.9     17.707     20.964
   6         -6.9      0.744      2.253
   7         -6.7     17.681     21.562
   8         -6.7      2.967      4.874
   9         -6.6     17.303     21.480
  10         -6.6     17.235     21.443
  11         -6.5     17.699     21.531
  12         -6.5      2.388      7.681
  13         -6.5      2.321      7.640
  14         -6.2     17.536     19.814
  15         -6.2      3.189      4.772
  16         -6.1      3.143      5.169
  17         -6.1      3.126      5.920
  18         -6.0     15.342     19.691
  19         -6.0      1.841      6.833
  20         -5.9      2.798      6.105
Writing output ... done.
