#################################################################
# If you used AutoDock Vina in your work, please cite:          #
#                                                               #
# O. Trott, A. J. Olson,                                        #
# AutoDock Vina: improving the speed and accuracy of docking    #
# with a new scoring function, efficient optimization and       #
# multithreading, Journal of Computational Chemistry 31 (2010)  #
# 455-461                                                       #
#                                                               #
# DOI 10.1002/jcc.21334                                         #
#                                                               #
# Please see http://vina.scripps.edu for more information.      #
#################################################################

WARNING: The search space volume > 27000 Angstrom^3 (See FAQ)
Reading input ... done.
Setting up the scoring function ... done.
Analyzing the binding site ... done.
Using random seed: -1064585552
Performing search ... done.
Refining results ... done.

mode |   affinity | dist from best mode
     | (kcal/mol) | rmsd l.b.| rmsd u.b.
-----+------------+----------+----------
   1         -7.3      0.000      0.000
   2         -7.1      3.367      6.567
   3         -6.9      0.368      1.758
   4         -6.8      3.506      6.559
   5         -6.7      3.341      6.807
   6         -6.6      2.139      6.478
   7         -6.6      2.142      6.492
   8         -6.2     25.820     29.918
   9         -6.2      3.139      6.671
  10         -6.2     15.430     20.229
  11         -6.1     15.399     20.168
  12         -6.1      3.759      5.777
  13         -6.1      3.548      6.070
  14         -6.0      3.540      5.805
  15         -6.0      3.629      6.049
  16         -5.9     28.060     30.374
  17         -5.9     26.121     30.320
  18         -5.8     23.164     25.950
  19         -5.8     16.462     20.687
  20         -5.8     24.195     27.128
Writing output ... done.
