#################################################################
# If you used AutoDock Vina in your work, please cite:          #
#                                                               #
# O. Trott, A. J. Olson,                                        #
# AutoDock Vina: improving the speed and accuracy of docking    #
# with a new scoring function, efficient optimization and       #
# multithreading, Journal of Computational Chemistry 31 (2010)  #
# 455-461                                                       #
#                                                               #
# DOI 10.1002/jcc.21334                                         #
#                                                               #
# Please see http://vina.scripps.edu for more information.      #
#################################################################

WARNING: The search space volume > 27000 Angstrom^3 (See FAQ)
Reading input ... done.
Setting up the scoring function ... done.
Analyzing the binding site ... done.
Using random seed: -1141857306
Performing search ... done.
Refining results ... done.

mode |   affinity | dist from best mode
     | (kcal/mol) | rmsd l.b.| rmsd u.b.
-----+------------+----------+----------
   1         -7.0      0.000      0.000
   2         -6.9     18.571     21.527
   3         -6.9     16.580     21.792
   4         -6.9     16.464     21.665
   5         -6.8     18.604     21.123
   6         -6.7      1.409      3.041
   7         -6.7      1.439      3.385
   8         -6.7      1.971      7.335
   9         -6.6      2.380      7.535
  10         -6.5      2.371      7.627
  11         -6.4     14.737     17.598
  12         -6.4     17.039     21.511
  13         -6.4      2.525      7.812
  14         -6.2     14.070     16.785
  15         -6.1     13.671     16.653
  16         -6.1     14.904     17.776
  17         -6.1      1.657      7.106
  18         -6.0     17.449     22.796
  19         -5.9     14.301     16.985
  20         -5.8      2.846      7.196
Writing output ... done.
