#################################################################
# If you used AutoDock Vina in your work, please cite:          #
#                                                               #
# O. Trott, A. J. Olson,                                        #
# AutoDock Vina: improving the speed and accuracy of docking    #
# with a new scoring function, efficient optimization and       #
# multithreading, Journal of Computational Chemistry 31 (2010)  #
# 455-461                                                       #
#                                                               #
# DOI 10.1002/jcc.21334                                         #
#                                                               #
# Please see http://vina.scripps.edu for more information.      #
#################################################################

WARNING: The search space volume > 27000 Angstrom^3 (See FAQ)
Reading input ... done.
Setting up the scoring function ... done.
Analyzing the binding site ... done.
Using random seed: 1164734055
Performing search ... done.
Refining results ... done.

mode |   affinity | dist from best mode
     | (kcal/mol) | rmsd l.b.| rmsd u.b.
-----+------------+----------+----------
   1         -7.8      0.000      0.000
   2         -7.5      0.972      3.316
   3         -7.4      2.616      6.725
   4         -7.2      1.675      2.045
   5         -7.1      2.153      3.158
   6         -7.0      1.656      2.461
   7         -6.5      2.275      3.497
   8         -6.4      3.887      6.282
   9         -6.3      2.418      3.849
  10         -6.2      2.812      5.082
  11         -6.2      2.026      4.065
  12         -6.1      2.772      4.124
  13         -6.1      2.134      3.828
  14         -6.1     11.770     15.550
  15         -6.0      3.230      7.764
  16         -6.0      3.702      5.828
  17         -6.0      1.970      3.704
  18         -6.0      3.627      5.905
  19         -6.0      2.814      5.834
  20         -5.9      2.886      4.615
Writing output ... done.
