#################################################################
# If you used AutoDock Vina in your work, please cite:          #
#                                                               #
# O. Trott, A. J. Olson,                                        #
# AutoDock Vina: improving the speed and accuracy of docking    #
# with a new scoring function, efficient optimization and       #
# multithreading, Journal of Computational Chemistry 31 (2010)  #
# 455-461                                                       #
#                                                               #
# DOI 10.1002/jcc.21334                                         #
#                                                               #
# Please see http://vina.scripps.edu for more information.      #
#################################################################

WARNING: The search space volume > 27000 Angstrom^3 (See FAQ)
Reading input ... done.
Setting up the scoring function ... done.
Analyzing the binding site ... done.
Using random seed: -1134971744
Performing search ... done.
Refining results ... done.

mode |   affinity | dist from best mode
     | (kcal/mol) | rmsd l.b.| rmsd u.b.
-----+------------+----------+----------
   1         -7.4      0.000      0.000
   2         -7.2      1.148      2.775
   3         -7.0     15.987     19.148
   4         -6.9      1.607      7.375
   5         -6.9     15.647     18.720
   6         -6.8     15.874     19.003
   7         -6.7      1.558      6.848
   8         -6.6      2.349      4.620
   9         -6.3     16.078     19.132
  10         -6.3     17.792     22.082
  11         -6.2     17.140     19.727
  12         -6.2     17.295     19.504
  13         -6.1     17.829     21.993
  14         -6.1     17.290     20.289
  15         -6.1     17.032     19.585
  16         -6.1     15.606     19.414
  17         -6.1     20.311     24.406
  18         -6.1     15.783     19.569
  19         -6.0     17.216     20.139
  20         -5.8     19.147     23.522
Writing output ... done.
