#################################################################
# If you used AutoDock Vina in your work, please cite:          #
#                                                               #
# O. Trott, A. J. Olson,                                        #
# AutoDock Vina: improving the speed and accuracy of docking    #
# with a new scoring function, efficient optimization and       #
# multithreading, Journal of Computational Chemistry 31 (2010)  #
# 455-461                                                       #
#                                                               #
# DOI 10.1002/jcc.21334                                         #
#                                                               #
# Please see http://vina.scripps.edu for more information.      #
#################################################################

WARNING: The search space volume > 27000 Angstrom^3 (See FAQ)
Reading input ... done.
Setting up the scoring function ... done.
Analyzing the binding site ... done.
Using random seed: 752472745
Performing search ... done.
Refining results ... done.

mode |   affinity | dist from best mode
     | (kcal/mol) | rmsd l.b.| rmsd u.b.
-----+------------+----------+----------
   1         -7.4      0.000      0.000
   2         -7.4      1.627      1.846
   3         -7.3      1.616      2.418
   4         -7.2      1.071      3.068
   5         -6.6     18.067     22.286
   6         -6.6     19.574     22.421
   7         -6.5      1.645      2.347
   8         -6.5      2.835      4.218
   9         -6.5     11.224     15.041
  10         -6.4      3.758      6.310
  11         -6.1      4.165      5.589
  12         -6.1     11.856     17.157
  13         -6.1      3.298      4.869
  14         -6.0     13.169     16.366
  15         -6.0      3.799      5.549
  16         -6.0     13.692     17.504
  17         -5.9      3.457      4.716
  18         -5.8      4.155      6.051
  19         -5.8      3.483      4.885
  20         -5.8      2.869      7.508
Writing output ... done.
