#################################################################
# If you used AutoDock Vina in your work, please cite:          #
#                                                               #
# O. Trott, A. J. Olson,                                        #
# AutoDock Vina: improving the speed and accuracy of docking    #
# with a new scoring function, efficient optimization and       #
# multithreading, Journal of Computational Chemistry 31 (2010)  #
# 455-461                                                       #
#                                                               #
# DOI 10.1002/jcc.21334                                         #
#                                                               #
# Please see http://vina.scripps.edu for more information.      #
#################################################################

WARNING: The search space volume > 27000 Angstrom^3 (See FAQ)
Reading input ... done.
Setting up the scoring function ... done.
Analyzing the binding site ... done.
Using random seed: -919771563
Performing search ... done.
Refining results ... done.

mode |   affinity | dist from best mode
     | (kcal/mol) | rmsd l.b.| rmsd u.b.
-----+------------+----------+----------
   1         -7.5      0.000      0.000
   2         -7.4      0.986      3.284
   3         -7.0      0.341      1.740
   4         -6.9      1.406      3.720
   5         -6.9     17.612     22.686
   6         -6.9     17.497     22.585
   7         -6.8      3.526      6.660
   8         -6.6     18.020     20.931
   9         -6.6     18.812     21.125
  10         -6.4      3.808      5.145
  11         -6.4     18.417     21.870
  12         -6.4     14.332     16.971
  13         -6.4      4.388      7.010
  14         -6.4     25.513     28.243
  15         -6.3      3.704      5.889
  16         -6.3      1.796      7.004
  17         -6.2      3.871      6.434
  18         -6.2      3.588      5.958
  19         -6.1     14.807     17.524
  20         -6.1     16.187     19.966
Writing output ... done.
