#################################################################
# If you used AutoDock Vina in your work, please cite:          #
#                                                               #
# O. Trott, A. J. Olson,                                        #
# AutoDock Vina: improving the speed and accuracy of docking    #
# with a new scoring function, efficient optimization and       #
# multithreading, Journal of Computational Chemistry 31 (2010)  #
# 455-461                                                       #
#                                                               #
# DOI 10.1002/jcc.21334                                         #
#                                                               #
# Please see http://vina.scripps.edu for more information.      #
#################################################################

WARNING: The search space volume > 27000 Angstrom^3 (See FAQ)
Reading input ... done.
Setting up the scoring function ... done.
Analyzing the binding site ... done.
Using random seed: 2119906992
Performing search ... done.
Refining results ... done.

mode |   affinity | dist from best mode
     | (kcal/mol) | rmsd l.b.| rmsd u.b.
-----+------------+----------+----------
   1         -7.1      0.000      0.000
   2         -6.9     32.496     36.268
   3         -6.8     15.945     19.085
   4         -6.6     17.259     20.074
   5         -6.6     16.144     19.253
   6         -6.4     22.495     23.950
   7         -6.4     16.632     19.547
   8         -6.4     18.583     23.335
   9         -6.3     20.123     23.838
  10         -6.3     32.758     36.567
  11         -6.1     17.829     20.586
  12         -6.1     16.769     19.736
  13         -6.1     18.050     22.275
  14         -6.1     17.013     19.610
  15         -6.0     18.912     22.184
  16         -6.0     21.623     23.231
  17         -6.0     16.856     19.947
  18         -6.0     34.070     36.837
  19         -6.0     33.802     36.649
  20         -5.8     37.235     39.762
Writing output ... done.
