#################################################################
# If you used AutoDock Vina in your work, please cite:          #
#                                                               #
# O. Trott, A. J. Olson,                                        #
# AutoDock Vina: improving the speed and accuracy of docking    #
# with a new scoring function, efficient optimization and       #
# multithreading, Journal of Computational Chemistry 31 (2010)  #
# 455-461                                                       #
#                                                               #
# DOI 10.1002/jcc.21334                                         #
#                                                               #
# Please see http://vina.scripps.edu for more information.      #
#################################################################

WARNING: The search space volume > 27000 Angstrom^3 (See FAQ)
Reading input ... done.
Setting up the scoring function ... done.
Analyzing the binding site ... done.
Using random seed: -1125893505
Performing search ... done.
Refining results ... done.

mode |   affinity | dist from best mode
     | (kcal/mol) | rmsd l.b.| rmsd u.b.
-----+------------+----------+----------
   1         -7.3      0.000      0.000
   2         -7.2      0.561      1.820
   3         -7.2      5.810      8.039
   4         -6.7      1.996      7.289
   5         -6.7     16.989     19.779
   6         -6.6      1.661      6.840
   7         -6.5     17.912     20.634
   8         -6.5      2.030      7.328
   9         -6.5     17.105     20.013
  10         -6.4      2.635      4.961
  11         -6.4     18.353     21.715
  12         -6.3     14.955     18.593
  13         -6.3     13.524     17.934
  14         -6.2      3.961      6.898
  15         -6.2     16.448     20.080
  16         -6.2      1.883      7.147
  17         -6.1      2.594      7.503
  18         -6.0      2.309      4.116
  19         -6.0     15.023     18.598
  20         -6.0      2.739      4.866
Writing output ... done.
