#################################################################
# If you used AutoDock Vina in your work, please cite:          #
#                                                               #
# O. Trott, A. J. Olson,                                        #
# AutoDock Vina: improving the speed and accuracy of docking    #
# with a new scoring function, efficient optimization and       #
# multithreading, Journal of Computational Chemistry 31 (2010)  #
# 455-461                                                       #
#                                                               #
# DOI 10.1002/jcc.21334                                         #
#                                                               #
# Please see http://vina.scripps.edu for more information.      #
#################################################################

WARNING: The search space volume > 27000 Angstrom^3 (See FAQ)
Reading input ... done.
Setting up the scoring function ... done.
Analyzing the binding site ... done.
Using random seed: 1913816408
Performing search ... done.
Refining results ... done.

mode |   affinity | dist from best mode
     | (kcal/mol) | rmsd l.b.| rmsd u.b.
-----+------------+----------+----------
   1         -7.3      0.000      0.000
   2         -6.4      1.325      3.477
   3         -6.3      1.395      1.961
   4         -6.2     15.621     19.381
   5         -6.2     15.773     19.674
   6         -6.2      1.910      3.351
   7         -6.1     15.648     19.419
   8         -6.1      5.165      7.494
   9         -6.1     16.912     20.410
  10         -6.0     17.176     20.580
  11         -6.0      2.167      3.751
  12         -5.9     14.092     15.936
  13         -5.7      3.241      5.793
  14         -5.6     15.266     18.942
  15         -5.6      5.347      7.722
  16         -5.6     30.237     33.304
  17         -5.6     16.555     19.915
  18         -5.6      4.582      6.879
  19         -5.5     17.151     20.316
  20         -5.5     16.233     19.645
Writing output ... done.
