#################################################################
# If you used AutoDock Vina in your work, please cite:          #
#                                                               #
# O. Trott, A. J. Olson,                                        #
# AutoDock Vina: improving the speed and accuracy of docking    #
# with a new scoring function, efficient optimization and       #
# multithreading, Journal of Computational Chemistry 31 (2010)  #
# 455-461                                                       #
#                                                               #
# DOI 10.1002/jcc.21334                                         #
#                                                               #
# Please see http://vina.scripps.edu for more information.      #
#################################################################

WARNING: The search space volume > 27000 Angstrom^3 (See FAQ)
Reading input ... done.
Setting up the scoring function ... done.
Analyzing the binding site ... done.
Using random seed: -74548306
Performing search ... done.
Refining results ... done.

mode |   affinity | dist from best mode
     | (kcal/mol) | rmsd l.b.| rmsd u.b.
-----+------------+----------+----------
   1         -7.5      0.000      0.000
   2         -6.9      2.227      5.802
   3         -6.9      2.425      5.869
   4         -6.7     14.026     17.905
   5         -6.7     15.545     19.400
   6         -6.7     15.477     18.875
   7         -6.6     14.666     18.308
   8         -6.6     14.653     17.955
   9         -6.6     16.070     18.993
  10         -6.5      1.608      2.302
  11         -6.3      2.227      5.644
  12         -6.3      1.697      4.062
  13         -6.3     13.868     17.526
  14         -6.2     15.917     19.702
  15         -6.2     17.254     19.486
  16         -6.1     14.371     17.987
  17         -6.0     17.759     19.998
  18         -6.0      2.336      3.761
  19         -5.9     26.713     30.585
  20         -5.8     16.128     19.473
Writing output ... done.
