#################################################################
# If you used AutoDock Vina in your work, please cite:          #
#                                                               #
# O. Trott, A. J. Olson,                                        #
# AutoDock Vina: improving the speed and accuracy of docking    #
# with a new scoring function, efficient optimization and       #
# multithreading, Journal of Computational Chemistry 31 (2010)  #
# 455-461                                                       #
#                                                               #
# DOI 10.1002/jcc.21334                                         #
#                                                               #
# Please see http://vina.scripps.edu for more information.      #
#################################################################

WARNING: The search space volume > 27000 Angstrom^3 (See FAQ)
Reading input ... done.
Setting up the scoring function ... done.
Analyzing the binding site ... done.
Using random seed: 1290731374
Performing search ... done.
Refining results ... done.

mode |   affinity | dist from best mode
     | (kcal/mol) | rmsd l.b.| rmsd u.b.
-----+------------+----------+----------
   1         -7.0      0.000      0.000
   2         -6.9      0.449      1.787
   3         -6.8      1.811      3.307
   4         -6.8      0.910      3.407
   5         -6.6      1.654      3.256
   6         -6.6      1.199      2.927
   7         -6.4      1.693      2.185
   8         -6.4      1.671      2.649
   9         -6.2      1.612      6.841
  10         -6.1      1.606      2.652
  11         -5.9      1.811      3.404
  12         -5.7      2.091      3.065
  13         -5.7      3.207      5.209
  14         -5.6      2.182      3.926
  15         -5.4      2.325      2.883
  16         -5.4      3.135      5.029
  17         -5.4      2.138      7.115
  18         -5.4      3.480      4.617
  19         -5.4      3.862      6.371
  20         -5.3     14.908     18.181
Writing output ... done.
