#################################################################
# If you used AutoDock Vina in your work, please cite:          #
#                                                               #
# O. Trott, A. J. Olson,                                        #
# AutoDock Vina: improving the speed and accuracy of docking    #
# with a new scoring function, efficient optimization and       #
# multithreading, Journal of Computational Chemistry 31 (2010)  #
# 455-461                                                       #
#                                                               #
# DOI 10.1002/jcc.21334                                         #
#                                                               #
# Please see http://vina.scripps.edu for more information.      #
#################################################################

WARNING: The search space volume > 27000 Angstrom^3 (See FAQ)
Reading input ... done.
Setting up the scoring function ... done.
Analyzing the binding site ... done.
Using random seed: 1920778112
Performing search ... done.
Refining results ... done.

mode |   affinity | dist from best mode
     | (kcal/mol) | rmsd l.b.| rmsd u.b.
-----+------------+----------+----------
   1         -7.7      0.000      0.000
   2         -7.5      1.678      3.848
   3         -7.3     17.712     20.085
   4         -7.2     16.817     19.303
   5         -6.9     17.828     19.745
   6         -6.9     17.448     19.348
   7         -6.9     16.742     19.319
   8         -6.7     15.123     17.680
   9         -6.7     18.350     20.654
  10         -6.7     17.948     20.341
  11         -6.7      1.990      3.539
  12         -6.6     17.007     20.322
  13         -6.6      1.916      2.710
  14         -6.6     16.259     18.905
  15         -6.5     16.573     19.578
  16         -6.4      3.175      6.187
  17         -6.4     16.752     19.165
  18         -6.2     16.930     20.163
  19         -6.2     16.590     18.610
  20         -6.2      2.735      6.658
Writing output ... done.
