#################################################################
# If you used AutoDock Vina in your work, please cite:          #
#                                                               #
# O. Trott, A. J. Olson,                                        #
# AutoDock Vina: improving the speed and accuracy of docking    #
# with a new scoring function, efficient optimization and       #
# multithreading, Journal of Computational Chemistry 31 (2010)  #
# 455-461                                                       #
#                                                               #
# DOI 10.1002/jcc.21334                                         #
#                                                               #
# Please see http://vina.scripps.edu for more information.      #
#################################################################

WARNING: The search space volume > 27000 Angstrom^3 (See FAQ)
Reading input ... done.
Setting up the scoring function ... done.
Analyzing the binding site ... done.
Using random seed: -1638947580
Performing search ... done.
Refining results ... done.

mode |   affinity | dist from best mode
     | (kcal/mol) | rmsd l.b.| rmsd u.b.
-----+------------+----------+----------
   1         -7.7      0.000      0.000
   2         -7.6      1.003      3.448
   3         -7.5      1.701      2.725
   4         -7.5      1.228      3.169
   5         -7.3     17.480     19.630
   6         -7.3     17.479     19.450
   7         -7.2     18.829     20.846
   8         -7.1      1.615      3.388
   9         -7.0     18.097     19.984
  10         -6.9      1.810      2.803
  11         -6.8      1.871      2.894
  12         -6.8     16.479     18.466
  13         -6.7     16.329     18.281
  14         -6.6      1.780      6.689
  15         -6.5     16.746     18.621
  16         -6.4      3.332      5.626
  17         -6.3     17.514     19.701
  18         -6.3     18.548     20.632
  19         -6.3      3.424      5.891
  20         -6.2     18.501     20.674
Writing output ... done.
